2025-05-17 15:37:11,368 - __main__ - SUCCESS - Successfully initialized scraper.
2025-05-17 15:37:23,651 - __main__ - SUCCESS - Successfully fetched job data for 12 keywords and 4055 job postings.
2025-05-17 15:37:23,651 - src.scraping.linkedin_scraper - INFO - Initializing scraping of 283 job IDs for Analista de Dados
2025-05-17 15:37:23,651 - src.scraping.linkedin_scraper - INFO - Request attempt 1 for https://www.linkedin.com/jobs-guest/jobs/api/seeMoreJobPostings/search?keywords="Analista%20de%20Dados"&location=Brasil&geoId=106057199&f_WT=1&position=1&start=0
2025-05-17 15:37:24,287 - src.scraping.linkedin_scraper - INFO - Cache saved with 2520 entries
2025-05-17 15:37:24,288 - src.scraping.linkedin_scraper - INFO - Request attempt 1 for https://www.linkedin.com/jobs-guest/jobs/api/seeMoreJobPostings/search?keywords="Analista%20de%20Dados"&location=Brasil&geoId=106057199&f_WT=1&position=1&start=10
2025-05-17 15:37:24,830 - src.scraping.linkedin_scraper - INFO - Cache saved with 2526 entries
2025-05-17 15:37:24,830 - src.scraping.linkedin_scraper - INFO - Request attempt 1 for https://www.linkedin.com/jobs-guest/jobs/api/seeMoreJobPostings/search?keywords="Analista%20de%20Dados"&location=Brasil&geoId=106057199&f_WT=1&position=1&start=20
2025-05-17 15:37:25,376 - src.scraping.linkedin_scraper - INFO - Cache saved with 2530 entries
2025-05-17 15:37:25,376 - src.scraping.linkedin_scraper - INFO - Request attempt 1 for https://www.linkedin.com/jobs-guest/jobs/api/seeMoreJobPostings/search?keywords="Analista%20de%20Dados"&location=Brasil&geoId=106057199&f_WT=1&position=1&start=30
2025-05-17 15:37:25,999 - src.scraping.linkedin_scraper - INFO - Cache saved with 2536 entries
2025-05-17 15:37:25,999 - src.scraping.linkedin_scraper - INFO - Request attempt 1 for https://www.linkedin.com/jobs-guest/jobs/api/seeMoreJobPostings/search?keywords="Analista%20de%20Dados"&location=Brasil&geoId=106057199&f_WT=1&position=1&start=40
2025-05-17 15:37:26,537 - src.scraping.linkedin_scraper - INFO - Cache saved with 2543 entries
2025-05-17 15:37:26,537 - src.scraping.linkedin_scraper - INFO - Request attempt 1 for https://www.linkedin.com/jobs-guest/jobs/api/seeMoreJobPostings/search?keywords="Analista%20de%20Dados"&location=Brasil&geoId=106057199&f_WT=1&position=1&start=50
2025-05-17 15:37:27,117 - src.scraping.linkedin_scraper - INFO - Cache saved with 2551 entries
2025-05-17 15:37:27,117 - src.scraping.linkedin_scraper - INFO - Request attempt 1 for https://www.linkedin.com/jobs-guest/jobs/api/seeMoreJobPostings/search?keywords="Analista%20de%20Dados"&location=Brasil&geoId=106057199&f_WT=1&position=1&start=60
2025-05-17 15:37:27,638 - src.scraping.linkedin_scraper - INFO - Cache saved with 2557 entries
2025-05-17 15:37:27,638 - src.scraping.linkedin_scraper - INFO - Request attempt 1 for https://www.linkedin.com/jobs-guest/jobs/api/seeMoreJobPostings/search?keywords="Analista%20de%20Dados"&location=Brasil&geoId=106057199&f_WT=1&position=1&start=70
2025-05-17 15:37:28,162 - src.scraping.linkedin_scraper - INFO - Cache saved with 2563 entries
2025-05-17 15:37:28,163 - src.scraping.linkedin_scraper - INFO - Request attempt 1 for https://www.linkedin.com/jobs-guest/jobs/api/seeMoreJobPostings/search?keywords="Analista%20de%20Dados"&location=Brasil&geoId=106057199&f_WT=1&position=1&start=80
2025-05-17 15:37:28,715 - src.scraping.linkedin_scraper - INFO - Cache saved with 2572 entries
2025-05-17 15:37:28,715 - src.scraping.linkedin_scraper - INFO - Request attempt 1 for https://www.linkedin.com/jobs-guest/jobs/api/seeMoreJobPostings/search?keywords="Analista%20de%20Dados"&location=Brasil&geoId=106057199&f_WT=1&position=1&start=90
2025-05-17 15:37:29,251 - src.scraping.linkedin_scraper - INFO - Cache saved with 2576 entries
2025-05-17 15:37:29,251 - src.scraping.linkedin_scraper - INFO - Request attempt 1 for https://www.linkedin.com/jobs-guest/jobs/api/seeMoreJobPostings/search?keywords="Analista%20de%20Dados"&location=Brasil&geoId=106057199&f_WT=1&position=1&start=100
2025-05-17 15:37:29,484 - src.scraping.linkedin_scraper - WARNING - Rate limited (429). Waiting 2.57s before retry...
2025-05-17 15:37:32,057 - src.scraping.linkedin_scraper - INFO - Request attempt 2 for https://www.linkedin.com/jobs-guest/jobs/api/seeMoreJobPostings/search?keywords="Analista%20de%20Dados"&location=Brasil&geoId=106057199&f_WT=1&position=1&start=100
2025-05-17 15:37:32,057 - src.scraping.linkedin_scraper - INFO - Changing headers for retry 2
2025-05-17 15:37:32,295 - src.scraping.linkedin_scraper - WARNING - Rate limited (429). Waiting 3.95s before retry...
2025-05-17 15:37:36,248 - src.scraping.linkedin_scraper - INFO - Request attempt 3 for https://www.linkedin.com/jobs-guest/jobs/api/seeMoreJobPostings/search?keywords="Analista%20de%20Dados"&location=Brasil&geoId=106057199&f_WT=1&position=1&start=100
2025-05-17 15:37:36,248 - src.scraping.linkedin_scraper - INFO - Changing headers for retry 3
2025-05-17 15:37:36,770 - src.scraping.linkedin_scraper - INFO - Cache saved with 2581 entries
2025-05-17 15:37:36,770 - src.scraping.linkedin_scraper - INFO - Request attempt 1 for https://www.linkedin.com/jobs-guest/jobs/api/seeMoreJobPostings/search?keywords="Analista%20de%20Dados"&location=Brasil&geoId=106057199&f_WT=1&position=1&start=110
2025-05-17 15:37:37,310 - src.scraping.linkedin_scraper - INFO - Cache saved with 2584 entries
2025-05-17 15:37:37,311 - src.scraping.linkedin_scraper - INFO - Request attempt 1 for https://www.linkedin.com/jobs-guest/jobs/api/seeMoreJobPostings/search?keywords="Analista%20de%20Dados"&location=Brasil&geoId=106057199&f_WT=1&position=1&start=120
2025-05-17 15:37:37,868 - src.scraping.linkedin_scraper - INFO - Cache saved with 2587 entries
2025-05-17 15:37:37,868 - src.scraping.linkedin_scraper - INFO - Request attempt 1 for https://www.linkedin.com/jobs-guest/jobs/api/seeMoreJobPostings/search?keywords="Analista%20de%20Dados"&location=Brasil&geoId=106057199&f_WT=1&position=1&start=130
2025-05-17 15:37:38,397 - src.scraping.linkedin_scraper - INFO - Cache saved with 2594 entries
2025-05-17 15:37:38,397 - src.scraping.linkedin_scraper - INFO - Request attempt 1 for https://www.linkedin.com/jobs-guest/jobs/api/seeMoreJobPostings/search?keywords="Analista%20de%20Dados"&location=Brasil&geoId=106057199&f_WT=1&position=1&start=140
2025-05-17 15:37:38,935 - src.scraping.linkedin_scraper - INFO - Cache saved with 2602 entries
2025-05-17 15:37:38,935 - src.scraping.linkedin_scraper - INFO - Request attempt 1 for https://www.linkedin.com/jobs-guest/jobs/api/seeMoreJobPostings/search?keywords="Analista%20de%20Dados"&location=Brasil&geoId=106057199&f_WT=1&position=1&start=150
2025-05-17 15:37:39,529 - src.scraping.linkedin_scraper - INFO - Cache saved with 2609 entries
2025-05-17 15:37:39,530 - src.scraping.linkedin_scraper - INFO - Request attempt 1 for https://www.linkedin.com/jobs-guest/jobs/api/seeMoreJobPostings/search?keywords="Analista%20de%20Dados"&location=Brasil&geoId=106057199&f_WT=1&position=1&start=160
2025-05-17 15:37:40,087 - src.scraping.linkedin_scraper - INFO - Cache saved with 2615 entries
2025-05-17 15:37:40,087 - src.scraping.linkedin_scraper - INFO - Request attempt 1 for https://www.linkedin.com/jobs-guest/jobs/api/seeMoreJobPostings/search?keywords="Analista%20de%20Dados"&location=Brasil&geoId=106057199&f_WT=1&position=1&start=170
2025-05-17 15:37:40,632 - src.scraping.linkedin_scraper - INFO - Cache saved with 2623 entries
2025-05-17 15:37:40,633 - src.scraping.linkedin_scraper - INFO - Request attempt 1 for https://www.linkedin.com/jobs-guest/jobs/api/seeMoreJobPostings/search?keywords="Analista%20de%20Dados"&location=Brasil&geoId=106057199&f_WT=1&position=1&start=180
2025-05-17 15:37:41,175 - src.scraping.linkedin_scraper - INFO - Cache saved with 2627 entries
2025-05-17 15:37:41,175 - src.scraping.linkedin_scraper - INFO - Request attempt 1 for https://www.linkedin.com/jobs-guest/jobs/api/seeMoreJobPostings/search?keywords="Analista%20de%20Dados"&location=Brasil&geoId=106057199&f_WT=1&position=1&start=190
2025-05-17 15:37:41,820 - src.scraping.linkedin_scraper - INFO - Cache saved with 2634 entries
2025-05-17 15:37:41,821 - src.scraping.linkedin_scraper - INFO - Request attempt 1 for https://www.linkedin.com/jobs-guest/jobs/api/seeMoreJobPostings/search?keywords="Analista%20de%20Dados"&location=Brasil&geoId=106057199&f_WT=1&position=1&start=200
2025-05-17 15:37:42,043 - src.scraping.linkedin_scraper - WARNING - Rate limited (429). Waiting 2.46s before retry...
2025-05-17 15:37:44,503 - src.scraping.linkedin_scraper - INFO - Request attempt 2 for https://www.linkedin.com/jobs-guest/jobs/api/seeMoreJobPostings/search?keywords="Analista%20de%20Dados"&location=Brasil&geoId=106057199&f_WT=1&position=1&start=200
2025-05-17 15:37:44,503 - src.scraping.linkedin_scraper - INFO - Changing headers for retry 2
2025-05-17 15:37:44,730 - src.scraping.linkedin_scraper - WARNING - Rate limited (429). Waiting 4.08s before retry...
2025-05-17 15:37:48,811 - src.scraping.linkedin_scraper - INFO - Request attempt 3 for https://www.linkedin.com/jobs-guest/jobs/api/seeMoreJobPostings/search?keywords="Analista%20de%20Dados"&location=Brasil&geoId=106057199&f_WT=1&position=1&start=200
2025-05-17 15:37:48,812 - src.scraping.linkedin_scraper - INFO - Changing headers for retry 3
2025-05-17 15:37:49,396 - src.scraping.linkedin_scraper - INFO - Cache saved with 2643 entries
2025-05-17 15:37:49,396 - src.scraping.linkedin_scraper - INFO - Request attempt 1 for https://www.linkedin.com/jobs-guest/jobs/api/seeMoreJobPostings/search?keywords="Analista%20de%20Dados"&location=Brasil&geoId=106057199&f_WT=1&position=1&start=210
2025-05-17 15:37:49,942 - src.scraping.linkedin_scraper - INFO - Cache saved with 2652 entries
2025-05-17 15:37:49,942 - src.scraping.linkedin_scraper - INFO - Request attempt 1 for https://www.linkedin.com/jobs-guest/jobs/api/seeMoreJobPostings/search?keywords="Analista%20de%20Dados"&location=Brasil&geoId=106057199&f_WT=1&position=1&start=220
2025-05-17 15:37:50,480 - src.scraping.linkedin_scraper - INFO - Cache saved with 2661 entries
2025-05-17 15:37:50,480 - src.scraping.linkedin_scraper - INFO - Request attempt 1 for https://www.linkedin.com/jobs-guest/jobs/api/seeMoreJobPostings/search?keywords="Analista%20de%20Dados"&location=Brasil&geoId=106057199&f_WT=1&position=1&start=230
2025-05-17 15:37:51,053 - src.scraping.linkedin_scraper - INFO - Cache saved with 2669 entries
2025-05-17 15:37:51,053 - src.scraping.linkedin_scraper - INFO - Request attempt 1 for https://www.linkedin.com/jobs-guest/jobs/api/seeMoreJobPostings/search?keywords="Analista%20de%20Dados"&location=Brasil&geoId=106057199&f_WT=1&position=1&start=240
2025-05-17 15:37:51,627 - src.scraping.linkedin_scraper - INFO - Cache saved with 2677 entries
2025-05-17 15:37:51,627 - src.scraping.linkedin_scraper - INFO - Request attempt 1 for https://www.linkedin.com/jobs-guest/jobs/api/seeMoreJobPostings/search?keywords="Analista%20de%20Dados"&location=Brasil&geoId=106057199&f_WT=1&position=1&start=250
2025-05-17 15:37:52,218 - src.scraping.linkedin_scraper - INFO - Cache saved with 2683 entries
2025-05-17 15:37:52,218 - src.scraping.linkedin_scraper - INFO - Request attempt 1 for https://www.linkedin.com/jobs-guest/jobs/api/seeMoreJobPostings/search?keywords="Analista%20de%20Dados"&location=Brasil&geoId=106057199&f_WT=1&position=1&start=260
2025-05-17 15:37:52,733 - src.scraping.linkedin_scraper - INFO - Cache saved with 2693 entries
2025-05-17 15:37:52,733 - src.scraping.linkedin_scraper - INFO - Request attempt 1 for https://www.linkedin.com/jobs-guest/jobs/api/seeMoreJobPostings/search?keywords="Analista%20de%20Dados"&location=Brasil&geoId=106057199&f_WT=1&position=1&start=270
2025-05-17 15:37:53,308 - src.scraping.linkedin_scraper - INFO - Cache saved with 2702 entries
2025-05-17 15:37:53,308 - src.scraping.linkedin_scraper - INFO - Request attempt 1 for https://www.linkedin.com/jobs-guest/jobs/api/seeMoreJobPostings/search?keywords="Analista%20de%20Dados"&location=Brasil&geoId=106057199&f_WT=1&position=1&start=280
2025-05-17 15:37:53,848 - src.scraping.linkedin_scraper - INFO - Cache saved with 2711 entries
2025-05-17 15:37:53,849 - src.scraping.linkedin_scraper - SUCCESS - Successfully scraped 196 new IDs. 2711 scraped in total.
2025-05-17 15:37:53,849 - src.scraping.linkedin_scraper - INFO - Cache saved with 2711 entries
2025-05-17 15:37:53,849 - __main__ - SUCCESS - Fetched job IDs for keyword='Analista de Dados', work_model_id=1, count=283
2025-05-17 15:37:53,850 - src.scraping.linkedin_scraper - INFO - Initializing scraping of 185 job IDs for Analista de Dados
2025-05-17 15:37:53,850 - src.scraping.linkedin_scraper - INFO - Request attempt 1 for https://www.linkedin.com/jobs-guest/jobs/api/seeMoreJobPostings/search?keywords="Analista%20de%20Dados"&location=Brasil&geoId=106057199&f_WT=3&position=1&start=0
2025-05-17 15:37:54,414 - src.scraping.linkedin_scraper - INFO - Cache saved with 2719 entries
2025-05-17 15:37:54,414 - src.scraping.linkedin_scraper - INFO - Request attempt 1 for https://www.linkedin.com/jobs-guest/jobs/api/seeMoreJobPostings/search?keywords="Analista%20de%20Dados"&location=Brasil&geoId=106057199&f_WT=3&position=1&start=10
2025-05-17 15:37:54,641 - src.scraping.linkedin_scraper - WARNING - Rate limited (429). Waiting 3.03s before retry...
2025-05-17 15:37:57,673 - src.scraping.linkedin_scraper - INFO - Request attempt 2 for https://www.linkedin.com/jobs-guest/jobs/api/seeMoreJobPostings/search?keywords="Analista%20de%20Dados"&location=Brasil&geoId=106057199&f_WT=3&position=1&start=10
2025-05-17 15:37:57,673 - src.scraping.linkedin_scraper - INFO - Changing headers for retry 2
2025-05-17 15:37:57,919 - src.scraping.linkedin_scraper - WARNING - Rate limited (429). Waiting 3.72s before retry...
2025-05-17 15:38:01,636 - src.scraping.linkedin_scraper - INFO - Request attempt 3 for https://www.linkedin.com/jobs-guest/jobs/api/seeMoreJobPostings/search?keywords="Analista%20de%20Dados"&location=Brasil&geoId=106057199&f_WT=3&position=1&start=10
2025-05-17 15:38:01,636 - src.scraping.linkedin_scraper - INFO - Changing headers for retry 3
2025-05-17 15:38:02,169 - src.scraping.linkedin_scraper - INFO - Cache saved with 2725 entries
2025-05-17 15:38:02,169 - src.scraping.linkedin_scraper - INFO - Request attempt 1 for https://www.linkedin.com/jobs-guest/jobs/api/seeMoreJobPostings/search?keywords="Analista%20de%20Dados"&location=Brasil&geoId=106057199&f_WT=3&position=1&start=20
2025-05-17 15:38:02,699 - src.scraping.linkedin_scraper - INFO - Cache saved with 2735 entries
2025-05-17 15:38:02,699 - src.scraping.linkedin_scraper - INFO - Request attempt 1 for https://www.linkedin.com/jobs-guest/jobs/api/seeMoreJobPostings/search?keywords="Analista%20de%20Dados"&location=Brasil&geoId=106057199&f_WT=3&position=1&start=30
2025-05-17 15:38:03,328 - src.scraping.linkedin_scraper - INFO - Cache saved with 2743 entries
2025-05-17 15:38:03,328 - src.scraping.linkedin_scraper - INFO - Request attempt 1 for https://www.linkedin.com/jobs-guest/jobs/api/seeMoreJobPostings/search?keywords="Analista%20de%20Dados"&location=Brasil&geoId=106057199&f_WT=3&position=1&start=40
2025-05-17 15:38:03,865 - src.scraping.linkedin_scraper - INFO - Cache saved with 2751 entries
2025-05-17 15:38:03,866 - src.scraping.linkedin_scraper - INFO - Request attempt 1 for https://www.linkedin.com/jobs-guest/jobs/api/seeMoreJobPostings/search?keywords="Analista%20de%20Dados"&location=Brasil&geoId=106057199&f_WT=3&position=1&start=50
2025-05-17 15:38:04,422 - src.scraping.linkedin_scraper - INFO - Cache saved with 2761 entries
2025-05-17 15:38:04,422 - src.scraping.linkedin_scraper - INFO - Request attempt 1 for https://www.linkedin.com/jobs-guest/jobs/api/seeMoreJobPostings/search?keywords="Analista%20de%20Dados"&location=Brasil&geoId=106057199&f_WT=3&position=1&start=60
2025-05-17 15:38:04,962 - src.scraping.linkedin_scraper - INFO - Cache saved with 2768 entries
2025-05-17 15:38:04,962 - src.scraping.linkedin_scraper - INFO - Request attempt 1 for https://www.linkedin.com/jobs-guest/jobs/api/seeMoreJobPostings/search?keywords="Analista%20de%20Dados"&location=Brasil&geoId=106057199&f_WT=3&position=1&start=70
2025-05-17 15:38:05,510 - src.scraping.linkedin_scraper - INFO - Cache saved with 2775 entries
2025-05-17 15:38:05,510 - src.scraping.linkedin_scraper - INFO - Request attempt 1 for https://www.linkedin.com/jobs-guest/jobs/api/seeMoreJobPostings/search?keywords="Analista%20de%20Dados"&location=Brasil&geoId=106057199&f_WT=3&position=1&start=80
2025-05-17 15:38:06,075 - src.scraping.linkedin_scraper - INFO - Cache saved with 2783 entries
2025-05-17 15:38:06,075 - src.scraping.linkedin_scraper - INFO - Request attempt 1 for https://www.linkedin.com/jobs-guest/jobs/api/seeMoreJobPostings/search?keywords="Analista%20de%20Dados"&location=Brasil&geoId=106057199&f_WT=3&position=1&start=90
2025-05-17 15:38:06,683 - src.scraping.linkedin_scraper - INFO - Cache saved with 2792 entries
2025-05-17 15:38:06,683 - src.scraping.linkedin_scraper - INFO - Request attempt 1 for https://www.linkedin.com/jobs-guest/jobs/api/seeMoreJobPostings/search?keywords="Analista%20de%20Dados"&location=Brasil&geoId=106057199&f_WT=3&position=1&start=100
2025-05-17 15:38:07,239 - src.scraping.linkedin_scraper - INFO - Cache saved with 2800 entries
2025-05-17 15:38:07,239 - src.scraping.linkedin_scraper - INFO - Request attempt 1 for https://www.linkedin.com/jobs-guest/jobs/api/seeMoreJobPostings/search?keywords="Analista%20de%20Dados"&location=Brasil&geoId=106057199&f_WT=3&position=1&start=110
2025-05-17 15:38:07,484 - src.scraping.linkedin_scraper - WARNING - Rate limited (429). Waiting 3.76s before retry...
2025-05-17 15:38:11,244 - src.scraping.linkedin_scraper - INFO - Request attempt 2 for https://www.linkedin.com/jobs-guest/jobs/api/seeMoreJobPostings/search?keywords="Analista%20de%20Dados"&location=Brasil&geoId=106057199&f_WT=3&position=1&start=110
2025-05-17 15:38:11,244 - src.scraping.linkedin_scraper - INFO - Changing headers for retry 2
2025-05-17 15:38:11,484 - src.scraping.linkedin_scraper - WARNING - Rate limited (429). Waiting 4.40s before retry...
2025-05-17 15:38:13,960 - src.scraping.linkedin_scraper - INFO - Cache saved with 2800 entries
