2025-08-19 17:19:19,232 - src.scraping.linkedin_scraper - INFO - Successfully loaded job_data cache with 21 entries from data\cache\job_data_cache.pkl
2025-08-19 17:19:19,234 - src.scraping.linkedin_scraper - INFO - Successfully loaded job_id cache with 1231 entries from data\cache\job_ids_cache.pkl
2025-08-19 17:19:19,234 - __main__ - SUCCESS - Successfully initialized scraper.
2025-08-19 17:19:19,234 - src.scraping.linkedin_scraper - INFO - Fetching job amounts for keyword: 'Gestor de Projetos' from URL: https://www.linkedin.com/jobs/search?keywords="Gestor%20de%20Projetos"&location=Brasil&geoId=106057199
2025-08-19 17:19:20,608 - src.scraping.linkedin_scraper - INFO - Fetching job amounts for keyword: 'Gerente de Projetos' from URL: https://www.linkedin.com/jobs/search?keywords="Gerente%20de%20Projetos"&location=Brasil&geoId=106057199
2025-08-19 17:19:22,512 - src.scraping.linkedin_scraper - INFO - Fetching job amounts for keyword: 'Project Manager' from URL: https://www.linkedin.com/jobs/search?keywords="Project%20Manager"&location=Brasil&geoId=106057199
2025-08-19 17:19:23,950 - src.scraping.linkedin_scraper - INFO - Fetching job amounts for keyword: 'Project Coordinator' from URL: https://www.linkedin.com/jobs/search?keywords="Project%20Coordinator"&location=Brasil&geoId=106057199
2025-08-19 17:19:25,353 - src.scraping.linkedin_scraper - INFO - Fetching job amounts for keyword: 'Scrum Master' from URL: https://www.linkedin.com/jobs/search?keywords="Scrum%20Master"&location=Brasil&geoId=106057199
2025-08-19 17:19:26,940 - src.scraping.linkedin_scraper - INFO - Fetching job amounts for keyword: 'Product Owner' from URL: https://www.linkedin.com/jobs/search?keywords="Product%20Owner"&location=Brasil&geoId=106057199
2025-08-19 17:19:28,564 - src.scraping.linkedin_scraper - INFO - Fetching job amounts for keyword: 'PMO' from URL: https://www.linkedin.com/jobs/search?keywords="PMO"&location=Brasil&geoId=106057199
2025-08-19 17:19:30,090 - src.scraping.linkedin_scraper - INFO - Fetching job amounts for keyword: 'Agile Coach' from URL: https://www.linkedin.com/jobs/search?keywords="Agile%20Coach"&location=Brasil&geoId=106057199
2025-08-19 17:19:31,416 - src.scraping.linkedin_scraper - INFO - Fetching job amounts for keyword: 'Coordenador de Projetos' from URL: https://www.linkedin.com/jobs/search?keywords="Coordenador%20de%20Projetos"&location=Brasil&geoId=106057199
2025-08-19 17:19:33,011 - src.scraping.linkedin_scraper - INFO - Fetching job amounts for keyword: 'Coordenador de Projetos' from URL: https://www.linkedin.com/jobs/search?keywords="Coordenador%20de%20Projetos"&location=Brasil&geoId=106057199
2025-08-19 17:19:34,602 - src.scraping.linkedin_scraper - INFO - Fetching job amounts for keyword: 'Especialista em Projetos' from URL: https://www.linkedin.com/jobs/search?keywords="Especialista%20em%20Projetos"&location=Brasil&geoId=106057199
2025-08-19 17:19:36,073 - src.scraping.linkedin_scraper - INFO - Fetching job amounts for keyword: 'Analista de Projetos' from URL: https://www.linkedin.com/jobs/search?keywords="Analista%20de%20Projetos"&location=Brasil&geoId=106057199
2025-08-19 17:19:37,941 - src.scraping.linkedin_scraper - INFO - Fetching job amounts for keyword: 'Gestor de Portfolio' from URL: https://www.linkedin.com/jobs/search?keywords="Gestor%20de%20Portfolio"&location=Brasil&geoId=106057199
2025-08-19 17:19:39,208 - src.scraping.linkedin_scraper - INFO - Fetching job amounts for keyword: 'Portfolio Manager' from URL: https://www.linkedin.com/jobs/search?keywords="Portfolio%20Manager"&location=Brasil&geoId=106057199
2025-08-19 17:19:40,830 - __main__ - SUCCESS - Successfully fetched job data for 13 keywords and 2275 job postings.
2025-08-19 17:19:40,830 - src.scraping.linkedin_scraper - INFO - Initializing scraping for up to 21 job IDs for keyword 'Gestor de Projetos' (work model: 1).
2025-08-19 17:19:40,831 - src.scraping.linkedin_scraper - INFO - Request attempt 1/5 for https://www.linkedin.com/jobs-guest/jobs/api/seeMoreJobPostings/search?keywords="Gestor%20de%20Projetos"&location=Brasil&geoId=106057199&f_WT=1&start=0
2025-08-19 17:19:41,823 - src.scraping.linkedin_scraper - INFO - Found 0 new job IDs on page with offset 0.
2025-08-19 17:19:41,824 - src.scraping.linkedin_scraper - INFO - Request attempt 1/5 for https://www.linkedin.com/jobs-guest/jobs/api/seeMoreJobPostings/search?keywords="Gestor%20de%20Projetos"&location=Brasil&geoId=106057199&f_WT=1&start=10
2025-08-19 17:19:42,346 - src.scraping.linkedin_scraper - INFO - Found 0 new job IDs on page with offset 10.
2025-08-19 17:19:42,347 - src.scraping.linkedin_scraper - INFO - Request attempt 1/5 for https://www.linkedin.com/jobs-guest/jobs/api/seeMoreJobPostings/search?keywords="Gestor%20de%20Projetos"&location=Brasil&geoId=106057199&f_WT=1&start=20
2025-08-19 17:19:42,830 - src.scraping.linkedin_scraper - INFO - Found 0 new job IDs on page with offset 20.
2025-08-19 17:19:42,831 - src.scraping.linkedin_scraper - SUCCESS - Finished scraping for keyword 'Gestor de Projetos'. Added 0 new job IDs. Total unique job IDs in cache: 1231.
2025-08-19 17:19:42,832 - src.scraping.linkedin_scraper - INFO - Job_id cache saved with 1231 entries to data\cache\job_ids_cache.pkl
2025-08-19 17:19:42,832 - __main__ - SUCCESS - Fetched job IDs for keyword='Gestor de Projetos', work_model_id=1, count=21
2025-08-19 17:19:42,833 - src.scraping.linkedin_scraper - INFO - Initializing scraping for up to -4 job IDs for keyword 'Gestor de Projetos' (work model: 2).
2025-08-19 17:19:42,833 - src.scraping.linkedin_scraper - SUCCESS - Finished scraping for keyword 'Gestor de Projetos'. Added 0 new job IDs. Total unique job IDs in cache: 1231.
2025-08-19 17:19:42,834 - src.scraping.linkedin_scraper - INFO - Job_id cache saved with 1231 entries to data\cache\job_ids_cache.pkl
2025-08-19 17:19:42,834 - __main__ - SUCCESS - Fetched job IDs for keyword='Gestor de Projetos', work_model_id=2, count=-4
2025-08-19 17:19:42,834 - src.scraping.linkedin_scraper - INFO - Initializing scraping for up to -6 job IDs for keyword 'Gestor de Projetos' (work model: 3).
2025-08-19 17:19:42,834 - src.scraping.linkedin_scraper - SUCCESS - Finished scraping for keyword 'Gestor de Projetos'. Added 0 new job IDs. Total unique job IDs in cache: 1231.
2025-08-19 17:19:42,835 - src.scraping.linkedin_scraper - INFO - Job_id cache saved with 1231 entries to data\cache\job_ids_cache.pkl
2025-08-19 17:19:42,835 - __main__ - SUCCESS - Fetched job IDs for keyword='Gestor de Projetos', work_model_id=3, count=-6
2025-08-19 17:19:42,835 - src.scraping.linkedin_scraper - INFO - Initializing scraping for up to 165 job IDs for keyword 'Gerente de Projetos' (work model: 1).
2025-08-19 17:19:42,836 - src.scraping.linkedin_scraper - INFO - Request attempt 1/5 for https://www.linkedin.com/jobs-guest/jobs/api/seeMoreJobPostings/search?keywords="Gerente%20de%20Projetos"&location=Brasil&geoId=106057199&f_WT=1&start=0
2025-08-19 17:19:43,362 - src.scraping.linkedin_scraper - INFO - Found 0 new job IDs on page with offset 0.
2025-08-19 17:19:43,363 - src.scraping.linkedin_scraper - INFO - Request attempt 1/5 for https://www.linkedin.com/jobs-guest/jobs/api/seeMoreJobPostings/search?keywords="Gerente%20de%20Projetos"&location=Brasil&geoId=106057199&f_WT=1&start=10
2025-08-19 17:19:43,899 - src.scraping.linkedin_scraper - INFO - Found 0 new job IDs on page with offset 10.
2025-08-19 17:19:43,899 - src.scraping.linkedin_scraper - INFO - Request attempt 1/5 for https://www.linkedin.com/jobs-guest/jobs/api/seeMoreJobPostings/search?keywords="Gerente%20de%20Projetos"&location=Brasil&geoId=106057199&f_WT=1&start=20
2025-08-19 17:19:44,134 - src.scraping.linkedin_scraper - WARNING - Rate limited (429) on attempt 1. Waiting 2.35s before retry...
2025-08-19 17:19:46,485 - src.scraping.linkedin_scraper - INFO - Request attempt 2/5 for https://www.linkedin.com/jobs-guest/jobs/api/seeMoreJobPostings/search?keywords="Gerente%20de%20Projetos"&location=Brasil&geoId=106057199&f_WT=1&start=20
2025-08-19 17:19:46,486 - src.scraping.linkedin_scraper - INFO - Rotated headers for retry 2
2025-08-19 17:19:46,706 - src.scraping.linkedin_scraper - WARNING - Rate limited (429) on attempt 2. Waiting 3.58s before retry...
2025-08-19 17:19:47,401 - src.scraping.linkedin_scraper - INFO - Job_id cache saved with 1231 entries to data\cache\job_ids_cache.pkl
