2025-03-30 12:19:39,608 - src.scraping.linkedin_scraper - INFO - Initializing scraping of 1000 job IDs
2025-03-30 12:20:51,940 - src.scraping.linkedin_scraper - SUCCESS - Successfully scraped 917 IDs
2025-03-30 12:20:51,941 - src.scraping.linkedin_scraper - INFO - Initializing scraping of 917 job postings
2025-03-30 12:20:58,758 - src.scraping.linkedin_scraper - WARNING - Status code 429 (too many requests): Retrying in 7.30 seconds with new User-Agent: Mozilla/5.0 (Windows NT 10.0; Win64; x64) AppleWebKit/537.36 (KHTML, like Gecko) Chrome/91.0.4472.124 Safari/537.36
2025-03-30 12:20:58,758 - src.scraping.linkedin_scraper - INFO - 900 jobs remaining...
2025-03-30 12:21:17,008 - src.scraping.linkedin_scraper - WARNING - Status code 429 (too many requests): Retrying in 8.20 seconds with new User-Agent: Mozilla/5.0 (Macintosh; Intel Mac OS X 10_15_7) AppleWebKit/537.36 (KHTML, like Gecko) Chrome/93.0.4577.63 Safari/537.36
2025-03-30 12:21:17,009 - src.scraping.linkedin_scraper - INFO - 871 jobs remaining...
2025-03-30 12:21:34,829 - src.scraping.linkedin_scraper - WARNING - Status code 429 (too many requests): Retrying in 9.29 seconds with new User-Agent: Mozilla/5.0 (Windows NT 10.0; Win64; x64) AppleWebKit/537.36 (KHTML, like Gecko) Chrome/134.0.0.0 Safari/537.36
2025-03-30 12:21:34,829 - src.scraping.linkedin_scraper - INFO - 847 jobs remaining...
2025-03-30 12:21:53,397 - src.scraping.linkedin_scraper - WARNING - Status code 429 (too many requests): Retrying in 8.59 seconds with new User-Agent: Mozilla/5.0 (Macintosh; Intel Mac OS X 10_15_7) AppleWebKit/537.36 (KHTML, like Gecko) Chrome/93.0.4577.63 Safari/537.36
2025-03-30 12:21:53,397 - src.scraping.linkedin_scraper - INFO - 823 jobs remaining...
2025-03-30 12:22:11,848 - src.scraping.linkedin_scraper - WARNING - Status code 429 (too many requests): Retrying in 7.83 seconds with new User-Agent: Mozilla/5.0 (Macintosh; Intel Mac OS X 10_15_7) AppleWebKit/537.36 (KHTML, like Gecko) Chrome/93.0.4577.63 Safari/537.36
2025-03-30 12:22:11,848 - src.scraping.linkedin_scraper - INFO - 798 jobs remaining...
2025-03-30 12:22:31,885 - src.scraping.linkedin_scraper - WARNING - Status code 429 (too many requests): Retrying in 6.50 seconds with new User-Agent: Mozilla/5.0 (X11; Linux x86_64) AppleWebKit/537.36 (KHTML, like Gecko) Chrome/88.0.4324.150 Safari/537.36
2025-03-30 12:22:31,885 - src.scraping.linkedin_scraper - INFO - 767 jobs remaining...
2025-03-30 12:22:47,868 - src.scraping.linkedin_scraper - WARNING - Status code 429 (too many requests): Retrying in 6.77 seconds with new User-Agent: Mozilla/5.0 (Macintosh; Intel Mac OS X 10_15_7) AppleWebKit/537.36 (KHTML, like Gecko) Chrome/93.0.4577.63 Safari/537.36
2025-03-30 12:22:47,868 - src.scraping.linkedin_scraper - INFO - 742 jobs remaining...
2025-03-30 12:23:05,182 - src.scraping.linkedin_scraper - WARNING - Status code 429 (too many requests): Retrying in 9.52 seconds with new User-Agent: Mozilla/5.0 (Windows NT 10.0; Win64; x64) AppleWebKit/537.36 (KHTML, like Gecko) Chrome/134.0.0.0 Safari/537.36
2025-03-30 12:23:05,182 - src.scraping.linkedin_scraper - INFO - 715 jobs remaining...
2025-03-30 12:23:24,241 - src.scraping.linkedin_scraper - WARNING - Status code 429 (too many requests): Retrying in 5.24 seconds with new User-Agent: Mozilla/5.0 (Windows NT 10.0; Win64; x64) AppleWebKit/537.36 (KHTML, like Gecko) Chrome/134.0.0.0 Safari/537.36
2025-03-30 12:23:24,241 - src.scraping.linkedin_scraper - INFO - 690 jobs remaining...
2025-03-30 12:23:38,418 - src.scraping.linkedin_scraper - WARNING - Status code 429 (too many requests): Retrying in 9.13 seconds with new User-Agent: Mozilla/5.0 (Macintosh; Intel Mac OS X 10_15_7) AppleWebKit/537.36 (KHTML, like Gecko) Chrome/93.0.4577.63 Safari/537.36
2025-03-30 12:23:38,418 - src.scraping.linkedin_scraper - INFO - 667 jobs remaining...
2025-03-30 12:23:54,495 - src.scraping.linkedin_scraper - WARNING - Status code 429 (too many requests): Retrying in 9.48 seconds with new User-Agent: Mozilla/5.0 (X11; Linux x86_64) AppleWebKit/537.36 (KHTML, like Gecko) Chrome/88.0.4324.150 Safari/537.36
2025-03-30 12:23:54,496 - src.scraping.linkedin_scraper - INFO - 650 jobs remaining...
2025-03-30 12:24:12,353 - src.scraping.linkedin_scraper - WARNING - Status code 429 (too many requests): Retrying in 7.10 seconds with new User-Agent: Mozilla/5.0 (X11; Linux x86_64) AppleWebKit/537.36 (KHTML, like Gecko) Chrome/88.0.4324.150 Safari/537.36
2025-03-30 12:24:12,353 - src.scraping.linkedin_scraper - INFO - 629 jobs remaining...
2025-03-30 12:24:29,560 - src.scraping.linkedin_scraper - WARNING - Status code 429 (too many requests): Retrying in 8.82 seconds with new User-Agent: Mozilla/5.0 (Macintosh; Intel Mac OS X 10_15_7) AppleWebKit/537.36 (KHTML, like Gecko) Chrome/93.0.4577.63 Safari/537.36
2025-03-30 12:24:29,561 - src.scraping.linkedin_scraper - INFO - 604 jobs remaining...
2025-03-30 12:24:47,192 - src.scraping.linkedin_scraper - WARNING - Status code 429 (too many requests): Retrying in 8.48 seconds with new User-Agent: Mozilla/5.0 (Windows NT 10.0; Win64; x64) AppleWebKit/537.36 (KHTML, like Gecko) Chrome/91.0.4472.124 Safari/537.36
2025-03-30 12:24:47,193 - src.scraping.linkedin_scraper - INFO - 583 jobs remaining...
2025-03-30 12:25:06,226 - src.scraping.linkedin_scraper - WARNING - Status code 429 (too many requests): Retrying in 9.03 seconds with new User-Agent: Mozilla/5.0 (X11; Linux x86_64) AppleWebKit/537.36 (KHTML, like Gecko) Chrome/88.0.4324.150 Safari/537.36
2025-03-30 12:25:06,227 - src.scraping.linkedin_scraper - INFO - 556 jobs remaining...
