2025-03-30 22:09:05,848 - src.scraping.linkedin_scraper_v2 - INFO - Initializing scraping of 100 job IDs
2025-03-30 22:09:05,848 - src.scraping.linkedin_scraper_v2 - INFO - Request attempt 1 for https://www.linkedin.com/jobs-guest/jobs/api/seeMoreJobPostings/search?keywords=Dados&location=Brasil&geoId=106057199&f_WT=2&position=1&start=0
2025-03-30 22:09:07,654 - src.scraping.linkedin_scraper_v2 - INFO - Request attempt 1 for https://www.linkedin.com/jobs-guest/jobs/api/seeMoreJobPostings/search?keywords=Dados&location=Brasil&geoId=106057199&f_WT=3&position=1&start=10
2025-03-30 22:09:08,975 - src.scraping.linkedin_scraper_v2 - INFO - Request attempt 1 for https://www.linkedin.com/jobs-guest/jobs/api/seeMoreJobPostings/search?keywords=Dados&location=Brasil&geoId=106057199&f_WT=3&position=1&start=20
2025-03-30 22:09:10,912 - src.scraping.linkedin_scraper_v2 - INFO - Request attempt 1 for https://www.linkedin.com/jobs-guest/jobs/api/seeMoreJobPostings/search?keywords=Dados&location=Brasil&geoId=106057199&f_WT=3&position=1&start=30
2025-03-30 22:09:12,212 - src.scraping.linkedin_scraper_v2 - INFO - Request attempt 1 for https://www.linkedin.com/jobs-guest/jobs/api/seeMoreJobPostings/search?keywords=Dados&location=Brasil&geoId=106057199&f_WT=1&position=1&start=40
2025-03-30 22:09:13,699 - src.scraping.linkedin_scraper_v2 - INFO - Request attempt 1 for https://www.linkedin.com/jobs-guest/jobs/api/seeMoreJobPostings/search?keywords=Dados&location=Brasil&geoId=106057199&f_WT=1&position=1&start=50
2025-03-30 22:09:15,663 - src.scraping.linkedin_scraper_v2 - INFO - Request attempt 1 for https://www.linkedin.com/jobs-guest/jobs/api/seeMoreJobPostings/search?keywords=Dados&location=Brasil&geoId=106057199&f_WT=2&position=1&start=60
2025-03-30 22:09:17,249 - src.scraping.linkedin_scraper_v2 - INFO - Request attempt 1 for https://www.linkedin.com/jobs-guest/jobs/api/seeMoreJobPostings/search?keywords=Dados&location=Brasil&geoId=106057199&f_WT=2&position=1&start=70
2025-03-30 22:09:18,409 - src.scraping.linkedin_scraper_v2 - INFO - Request attempt 1 for https://www.linkedin.com/jobs-guest/jobs/api/seeMoreJobPostings/search?keywords=Dados&location=Brasil&geoId=106057199&f_WT=3&position=1&start=80
2025-03-30 22:09:19,794 - src.scraping.linkedin_scraper_v2 - INFO - Request attempt 1 for https://www.linkedin.com/jobs-guest/jobs/api/seeMoreJobPostings/search?keywords=Dados&location=Brasil&geoId=106057199&f_WT=1&position=1&start=90
2025-03-30 22:09:21,898 - src.scraping.linkedin_scraper_v2 - SUCCESS - Successfully scraped 99 IDs
2025-03-30 22:09:21,898 - src.scraping.linkedin_scraper_v2 - INFO - Initializing scraping of 99 job postings
2025-03-30 22:09:21,898 - src.scraping.linkedin_scraper_v2 - INFO - Request attempt 1 for https://www.linkedin.com/jobs-guest/jobs/api/jobPosting/4187060561?_l=pt_BR
2025-03-30 22:09:22,174 - src.scraping.linkedin_scraper_v2 - INFO - Processed job 4187060561, 98 remaining
2025-03-30 22:09:24,124 - src.scraping.linkedin_scraper_v2 - INFO - Request attempt 1 for https://www.linkedin.com/jobs-guest/jobs/api/jobPosting/4142781980?_l=pt_BR
2025-03-30 22:09:24,414 - src.scraping.linkedin_scraper_v2 - INFO - Processed job 4142781980, 97 remaining
2025-03-30 22:09:26,255 - src.scraping.linkedin_scraper_v2 - INFO - Request attempt 1 for https://www.linkedin.com/jobs-guest/jobs/api/jobPosting/4189553004?_l=pt_BR
2025-03-30 22:09:26,544 - src.scraping.linkedin_scraper_v2 - INFO - Processed job 4189553004, 96 remaining
2025-03-30 22:09:27,449 - src.scraping.linkedin_scraper_v2 - INFO - Request attempt 1 for https://www.linkedin.com/jobs-guest/jobs/api/jobPosting/4193195407?_l=pt_BR
2025-03-30 22:09:27,742 - src.scraping.linkedin_scraper_v2 - INFO - Processed job 4193195407, 95 remaining
2025-03-30 22:09:28,955 - src.scraping.linkedin_scraper_v2 - INFO - Request attempt 1 for https://www.linkedin.com/jobs-guest/jobs/api/jobPosting/4175781800?_l=pt_BR
2025-03-30 22:09:29,234 - src.scraping.linkedin_scraper_v2 - INFO - Processed job 4175781800, 94 remaining
2025-03-30 22:09:31,204 - src.scraping.linkedin_scraper_v2 - INFO - Request attempt 1 for https://www.linkedin.com/jobs-guest/jobs/api/jobPosting/4188230342?_l=pt_BR
2025-03-30 22:09:31,529 - src.scraping.linkedin_scraper_v2 - INFO - Processed job 4188230342, 93 remaining
2025-03-30 22:09:32,802 - src.scraping.linkedin_scraper_v2 - INFO - Request attempt 1 for https://www.linkedin.com/jobs-guest/jobs/api/jobPosting/4193413664?_l=pt_BR
2025-03-30 22:09:33,079 - src.scraping.linkedin_scraper_v2 - INFO - Processed job 4193413664, 92 remaining
2025-03-30 22:09:33,927 - src.scraping.linkedin_scraper_v2 - INFO - Request attempt 1 for https://www.linkedin.com/jobs-guest/jobs/api/jobPosting/4179429367?_l=pt_BR
2025-03-30 22:09:34,195 - src.scraping.linkedin_scraper_v2 - INFO - Processed job 4179429367, 91 remaining
2025-03-30 22:09:35,500 - src.scraping.linkedin_scraper_v2 - INFO - Request attempt 1 for https://www.linkedin.com/jobs-guest/jobs/api/jobPosting/4184262596?_l=pt_BR
2025-03-30 22:09:35,786 - src.scraping.linkedin_scraper_v2 - INFO - Processed job 4184262596, 90 remaining
2025-03-30 22:09:37,671 - src.scraping.linkedin_scraper_v2 - INFO - Request attempt 1 for https://www.linkedin.com/jobs-guest/jobs/api/jobPosting/4191196959?_l=pt_BR
2025-03-30 22:09:37,949 - src.scraping.linkedin_scraper_v2 - INFO - Cache saved with 20 entries
2025-03-30 22:09:37,949 - src.scraping.linkedin_scraper_v2 - INFO - Processed job 4191196959, 89 remaining
2025-03-30 22:09:39,363 - src.scraping.linkedin_scraper_v2 - INFO - Request attempt 1 for https://www.linkedin.com/jobs-guest/jobs/api/jobPosting/4194527561?_l=pt_BR
2025-03-30 22:09:39,677 - src.scraping.linkedin_scraper_v2 - INFO - Processed job 4194527561, 88 remaining
2025-03-30 22:09:41,529 - src.scraping.linkedin_scraper_v2 - INFO - Request attempt 1 for https://www.linkedin.com/jobs-guest/jobs/api/jobPosting/4185992419?_l=pt_BR
2025-03-30 22:09:41,830 - src.scraping.linkedin_scraper_v2 - INFO - Processed job 4185992419, 87 remaining
2025-03-30 22:09:43,352 - src.scraping.linkedin_scraper_v2 - INFO - Using cached data for job ID 4192438664
2025-03-30 22:09:43,352 - src.scraping.linkedin_scraper_v2 - INFO - Request attempt 1 for https://www.linkedin.com/jobs-guest/jobs/api/jobPosting/4190573867?_l=pt_BR
2025-03-30 22:09:43,622 - src.scraping.linkedin_scraper_v2 - INFO - Processed job 4190573867, 85 remaining
2025-03-30 22:09:45,336 - src.scraping.linkedin_scraper_v2 - INFO - Request attempt 1 for https://www.linkedin.com/jobs-guest/jobs/api/jobPosting/4178552426?_l=pt_BR
2025-03-30 22:09:45,609 - src.scraping.linkedin_scraper_v2 - INFO - Processed job 4178552426, 84 remaining
2025-03-30 22:09:47,182 - src.scraping.linkedin_scraper_v2 - INFO - Request attempt 1 for https://www.linkedin.com/jobs-guest/jobs/api/jobPosting/4125167326?_l=pt_BR
2025-03-30 22:09:47,451 - src.scraping.linkedin_scraper_v2 - INFO - Processed job 4125167326, 83 remaining
2025-03-30 22:09:48,580 - src.scraping.linkedin_scraper_v2 - INFO - Request attempt 1 for https://www.linkedin.com/jobs-guest/jobs/api/jobPosting/4193033273?_l=pt_BR
2025-03-30 22:09:48,860 - src.scraping.linkedin_scraper_v2 - INFO - Processed job 4193033273, 82 remaining
2025-03-30 22:09:50,013 - src.scraping.linkedin_scraper_v2 - INFO - Request attempt 1 for https://www.linkedin.com/jobs-guest/jobs/api/jobPosting/4170317437?_l=pt_BR
2025-03-30 22:09:50,299 - src.scraping.linkedin_scraper_v2 - INFO - Processed job 4170317437, 81 remaining
2025-03-30 22:09:51,874 - src.scraping.linkedin_scraper_v2 - INFO - Request attempt 1 for https://www.linkedin.com/jobs-guest/jobs/api/jobPosting/4194791242?_l=pt_BR
2025-03-30 22:09:52,160 - src.scraping.linkedin_scraper_v2 - INFO - Processed job 4194791242, 80 remaining
2025-03-30 22:09:54,135 - src.scraping.linkedin_scraper_v2 - INFO - Request attempt 1 for https://www.linkedin.com/jobs-guest/jobs/api/jobPosting/4165783312?_l=pt_BR
2025-03-30 22:09:54,398 - src.scraping.linkedin_scraper_v2 - INFO - Cache saved with 29 entries
2025-03-30 22:09:54,398 - src.scraping.linkedin_scraper_v2 - INFO - Processed job 4165783312, 79 remaining
2025-03-30 22:09:56,304 - src.scraping.linkedin_scraper_v2 - INFO - Request attempt 1 for https://www.linkedin.com/jobs-guest/jobs/api/jobPosting/4185246723?_l=pt_BR
2025-03-30 22:09:56,572 - src.scraping.linkedin_scraper_v2 - INFO - Processed job 4185246723, 78 remaining
2025-03-30 22:09:57,826 - src.scraping.linkedin_scraper_v2 - INFO - Request attempt 1 for https://www.linkedin.com/jobs-guest/jobs/api/jobPosting/4153234376?_l=pt_BR
2025-03-30 22:09:58,119 - src.scraping.linkedin_scraper_v2 - INFO - Processed job 4153234376, 77 remaining
2025-03-30 22:09:59,981 - src.scraping.linkedin_scraper_v2 - INFO - Request attempt 1 for https://www.linkedin.com/jobs-guest/jobs/api/jobPosting/4168625766?_l=pt_BR
2025-03-30 22:10:00,263 - src.scraping.linkedin_scraper_v2 - INFO - Processed job 4168625766, 76 remaining
2025-03-30 22:10:01,066 - src.scraping.linkedin_scraper_v2 - INFO - Request attempt 1 for https://www.linkedin.com/jobs-guest/jobs/api/jobPosting/4191443648?_l=pt_BR
2025-03-30 22:10:01,345 - src.scraping.linkedin_scraper_v2 - INFO - Processed job 4191443648, 75 remaining
2025-03-30 22:10:02,632 - src.scraping.linkedin_scraper_v2 - INFO - Request attempt 1 for https://www.linkedin.com/jobs-guest/jobs/api/jobPosting/3959194920?_l=pt_BR
2025-03-30 22:10:02,908 - src.scraping.linkedin_scraper_v2 - INFO - Processed job 3959194920, 74 remaining
2025-03-30 22:10:04,060 - src.scraping.linkedin_scraper_v2 - INFO - Request attempt 1 for https://www.linkedin.com/jobs-guest/jobs/api/jobPosting/4144988923?_l=pt_BR
2025-03-30 22:10:04,340 - src.scraping.linkedin_scraper_v2 - INFO - Processed job 4144988923, 73 remaining
2025-03-30 22:10:05,184 - src.scraping.linkedin_scraper_v2 - INFO - Request attempt 1 for https://www.linkedin.com/jobs-guest/jobs/api/jobPosting/4075018778?_l=pt_BR
2025-03-30 22:10:05,483 - src.scraping.linkedin_scraper_v2 - INFO - Processed job 4075018778, 72 remaining
2025-03-30 22:10:07,112 - src.scraping.linkedin_scraper_v2 - INFO - Request attempt 1 for https://www.linkedin.com/jobs-guest/jobs/api/jobPosting/4124164977?_l=pt_BR
2025-03-30 22:10:07,401 - src.scraping.linkedin_scraper_v2 - INFO - Processed job 4124164977, 71 remaining
2025-03-30 22:10:09,049 - src.scraping.linkedin_scraper_v2 - INFO - Request attempt 1 for https://www.linkedin.com/jobs-guest/jobs/api/jobPosting/4177582012?_l=pt_BR
2025-03-30 22:10:09,332 - src.scraping.linkedin_scraper_v2 - INFO - Processed job 4177582012, 70 remaining
2025-03-30 22:10:10,759 - src.scraping.linkedin_scraper_v2 - INFO - Request attempt 1 for https://www.linkedin.com/jobs-guest/jobs/api/jobPosting/4176806800?_l=pt_BR
2025-03-30 22:10:11,039 - src.scraping.linkedin_scraper_v2 - INFO - Cache saved with 39 entries
2025-03-30 22:10:11,039 - src.scraping.linkedin_scraper_v2 - INFO - Processed job 4176806800, 69 remaining
2025-03-30 22:10:11,870 - src.scraping.linkedin_scraper_v2 - INFO - Request attempt 1 for https://www.linkedin.com/jobs-guest/jobs/api/jobPosting/4170140763?_l=pt_BR
2025-03-30 22:10:12,151 - src.scraping.linkedin_scraper_v2 - INFO - Processed job 4170140763, 68 remaining
2025-03-30 22:10:13,183 - src.scraping.linkedin_scraper_v2 - INFO - Request attempt 1 for https://www.linkedin.com/jobs-guest/jobs/api/jobPosting/4178750177?_l=pt_BR
2025-03-30 22:10:13,501 - src.scraping.linkedin_scraper_v2 - INFO - Processed job 4178750177, 67 remaining
2025-03-30 22:10:15,005 - src.scraping.linkedin_scraper_v2 - INFO - Request attempt 1 for https://www.linkedin.com/jobs-guest/jobs/api/jobPosting/4183438446?_l=pt_BR
2025-03-30 22:10:15,288 - src.scraping.linkedin_scraper_v2 - INFO - Processed job 4183438446, 66 remaining
2025-03-30 22:10:16,416 - src.scraping.linkedin_scraper_v2 - INFO - Request attempt 1 for https://www.linkedin.com/jobs-guest/jobs/api/jobPosting/4178559293?_l=pt_BR
2025-03-30 22:10:16,689 - src.scraping.linkedin_scraper_v2 - INFO - Processed job 4178559293, 65 remaining
2025-03-30 22:10:17,706 - src.scraping.linkedin_scraper_v2 - INFO - Request attempt 1 for https://www.linkedin.com/jobs-guest/jobs/api/jobPosting/4144473324?_l=pt_BR
2025-03-30 22:10:18,003 - src.scraping.linkedin_scraper_v2 - INFO - Processed job 4144473324, 64 remaining
2025-03-30 22:10:19,901 - src.scraping.linkedin_scraper_v2 - INFO - Request attempt 1 for https://www.linkedin.com/jobs-guest/jobs/api/jobPosting/4194474739?_l=pt_BR
2025-03-30 22:10:20,172 - src.scraping.linkedin_scraper_v2 - INFO - Processed job 4194474739, 63 remaining
2025-03-30 22:10:22,080 - src.scraping.linkedin_scraper_v2 - INFO - Request attempt 1 for https://www.linkedin.com/jobs-guest/jobs/api/jobPosting/4192472491?_l=pt_BR
2025-03-30 22:10:22,354 - src.scraping.linkedin_scraper_v2 - INFO - Processed job 4192472491, 62 remaining
2025-03-30 22:10:23,410 - src.scraping.linkedin_scraper_v2 - INFO - Request attempt 1 for https://www.linkedin.com/jobs-guest/jobs/api/jobPosting/4175714613?_l=pt_BR
2025-03-30 22:10:23,688 - src.scraping.linkedin_scraper_v2 - INFO - Processed job 4175714613, 61 remaining
2025-03-30 22:10:24,936 - src.scraping.linkedin_scraper_v2 - INFO - Request attempt 1 for https://www.linkedin.com/jobs-guest/jobs/api/jobPosting/4166586517?_l=pt_BR
2025-03-30 22:10:25,213 - src.scraping.linkedin_scraper_v2 - INFO - Processed job 4166586517, 60 remaining
2025-03-30 22:10:26,266 - src.scraping.linkedin_scraper_v2 - INFO - Request attempt 1 for https://www.linkedin.com/jobs-guest/jobs/api/jobPosting/4192723124?_l=pt_BR
2025-03-30 22:10:26,558 - src.scraping.linkedin_scraper_v2 - INFO - Cache saved with 49 entries
2025-03-30 22:10:26,563 - src.scraping.linkedin_scraper_v2 - INFO - Processed job 4192723124, 59 remaining
2025-03-30 22:10:28,519 - src.scraping.linkedin_scraper_v2 - INFO - Request attempt 1 for https://www.linkedin.com/jobs-guest/jobs/api/jobPosting/4188233583?_l=pt_BR
2025-03-30 22:10:28,799 - src.scraping.linkedin_scraper_v2 - INFO - Processed job 4188233583, 58 remaining
2025-03-30 22:10:30,722 - src.scraping.linkedin_scraper_v2 - INFO - Request attempt 1 for https://www.linkedin.com/jobs-guest/jobs/api/jobPosting/4192836236?_l=pt_BR
2025-03-30 22:10:30,995 - src.scraping.linkedin_scraper_v2 - INFO - Processed job 4192836236, 57 remaining
2025-03-30 22:10:32,295 - src.scraping.linkedin_scraper_v2 - INFO - Request attempt 1 for https://www.linkedin.com/jobs-guest/jobs/api/jobPosting/4171335396?_l=pt_BR
2025-03-30 22:10:32,572 - src.scraping.linkedin_scraper_v2 - INFO - Processed job 4171335396, 56 remaining
2025-03-30 22:10:34,444 - src.scraping.linkedin_scraper_v2 - INFO - Request attempt 1 for https://www.linkedin.com/jobs-guest/jobs/api/jobPosting/4193935027?_l=pt_BR
2025-03-30 22:10:34,718 - src.scraping.linkedin_scraper_v2 - INFO - Processed job 4193935027, 55 remaining
2025-03-30 22:10:35,931 - src.scraping.linkedin_scraper_v2 - INFO - Request attempt 1 for https://www.linkedin.com/jobs-guest/jobs/api/jobPosting/4133547946?_l=pt_BR
2025-03-30 22:10:36,228 - src.scraping.linkedin_scraper_v2 - INFO - Processed job 4133547946, 54 remaining
2025-03-30 22:10:37,459 - src.scraping.linkedin_scraper_v2 - INFO - Request attempt 1 for https://www.linkedin.com/jobs-guest/jobs/api/jobPosting/4162644868?_l=pt_BR
2025-03-30 22:10:37,741 - src.scraping.linkedin_scraper_v2 - INFO - Processed job 4162644868, 53 remaining
2025-03-30 22:10:39,237 - src.scraping.linkedin_scraper_v2 - INFO - Request attempt 1 for https://www.linkedin.com/jobs-guest/jobs/api/jobPosting/4185298604?_l=pt_BR
2025-03-30 22:10:39,543 - src.scraping.linkedin_scraper_v2 - INFO - Processed job 4185298604, 52 remaining
2025-03-30 22:10:40,395 - src.scraping.linkedin_scraper_v2 - INFO - Request attempt 1 for https://www.linkedin.com/jobs-guest/jobs/api/jobPosting/4194330368?_l=pt_BR
2025-03-30 22:10:40,673 - src.scraping.linkedin_scraper_v2 - INFO - Processed job 4194330368, 51 remaining
2025-03-30 22:10:41,849 - src.scraping.linkedin_scraper_v2 - INFO - Request attempt 1 for https://www.linkedin.com/jobs-guest/jobs/api/jobPosting/4194310805?_l=pt_BR
2025-03-30 22:10:42,130 - src.scraping.linkedin_scraper_v2 - INFO - Processed job 4194310805, 50 remaining
2025-03-30 22:10:43,828 - src.scraping.linkedin_scraper_v2 - INFO - Request attempt 1 for https://www.linkedin.com/jobs-guest/jobs/api/jobPosting/4180568624?_l=pt_BR
2025-03-30 22:10:44,112 - src.scraping.linkedin_scraper_v2 - INFO - Cache saved with 59 entries
2025-03-30 22:10:44,112 - src.scraping.linkedin_scraper_v2 - INFO - Processed job 4180568624, 49 remaining
2025-03-30 22:10:45,174 - src.scraping.linkedin_scraper_v2 - INFO - Request attempt 1 for https://www.linkedin.com/jobs-guest/jobs/api/jobPosting/4183954024?_l=pt_BR
2025-03-30 22:10:45,433 - src.scraping.linkedin_scraper_v2 - INFO - Processed job 4183954024, 48 remaining
2025-03-30 22:10:46,311 - src.scraping.linkedin_scraper_v2 - INFO - Request attempt 1 for https://www.linkedin.com/jobs-guest/jobs/api/jobPosting/4188476630?_l=pt_BR
2025-03-30 22:10:46,588 - src.scraping.linkedin_scraper_v2 - INFO - Processed job 4188476630, 47 remaining
2025-03-30 22:10:48,249 - src.scraping.linkedin_scraper_v2 - INFO - Request attempt 1 for https://www.linkedin.com/jobs-guest/jobs/api/jobPosting/4188476625?_l=pt_BR
2025-03-30 22:10:48,562 - src.scraping.linkedin_scraper_v2 - INFO - Processed job 4188476625, 46 remaining
2025-03-30 22:10:49,492 - src.scraping.linkedin_scraper_v2 - INFO - Request attempt 1 for https://www.linkedin.com/jobs-guest/jobs/api/jobPosting/4192622816?_l=pt_BR
2025-03-30 22:10:49,769 - src.scraping.linkedin_scraper_v2 - INFO - Processed job 4192622816, 45 remaining
2025-03-30 22:10:51,448 - src.scraping.linkedin_scraper_v2 - INFO - Request attempt 1 for https://www.linkedin.com/jobs-guest/jobs/api/jobPosting/4165613200?_l=pt_BR
2025-03-30 22:10:51,741 - src.scraping.linkedin_scraper_v2 - INFO - Processed job 4165613200, 44 remaining
2025-03-30 22:10:52,981 - src.scraping.linkedin_scraper_v2 - INFO - Request attempt 1 for https://www.linkedin.com/jobs-guest/jobs/api/jobPosting/4180223348?_l=pt_BR
2025-03-30 22:10:53,248 - src.scraping.linkedin_scraper_v2 - INFO - Processed job 4180223348, 43 remaining
2025-03-30 22:10:54,446 - src.scraping.linkedin_scraper_v2 - INFO - Request attempt 1 for https://www.linkedin.com/jobs-guest/jobs/api/jobPosting/4188354307?_l=pt_BR
2025-03-30 22:10:54,721 - src.scraping.linkedin_scraper_v2 - INFO - Processed job 4188354307, 42 remaining
2025-03-30 22:10:56,019 - src.scraping.linkedin_scraper_v2 - INFO - Request attempt 1 for https://www.linkedin.com/jobs-guest/jobs/api/jobPosting/4190191646?_l=pt_BR
2025-03-30 22:10:56,279 - src.scraping.linkedin_scraper_v2 - INFO - Processed job 4190191646, 41 remaining
2025-03-30 22:10:57,467 - src.scraping.linkedin_scraper_v2 - INFO - Request attempt 1 for https://www.linkedin.com/jobs-guest/jobs/api/jobPosting/4188349579?_l=pt_BR
2025-03-30 22:10:57,794 - src.scraping.linkedin_scraper_v2 - INFO - Processed job 4188349579, 40 remaining
2025-03-30 22:10:59,479 - src.scraping.linkedin_scraper_v2 - INFO - Request attempt 1 for https://www.linkedin.com/jobs-guest/jobs/api/jobPosting/4195398600?_l=pt_BR
2025-03-30 22:10:59,758 - src.scraping.linkedin_scraper_v2 - INFO - Cache saved with 69 entries
2025-03-30 22:10:59,758 - src.scraping.linkedin_scraper_v2 - INFO - Processed job 4195398600, 39 remaining
2025-03-30 22:11:01,041 - src.scraping.linkedin_scraper_v2 - INFO - Request attempt 1 for https://www.linkedin.com/jobs-guest/jobs/api/jobPosting/4188221872?_l=pt_BR
2025-03-30 22:11:01,327 - src.scraping.linkedin_scraper_v2 - INFO - Processed job 4188221872, 38 remaining
2025-03-30 22:11:02,893 - src.scraping.linkedin_scraper_v2 - INFO - Request attempt 1 for https://www.linkedin.com/jobs-guest/jobs/api/jobPosting/4184989844?_l=pt_BR
2025-03-30 22:11:03,200 - src.scraping.linkedin_scraper_v2 - INFO - Processed job 4184989844, 37 remaining
2025-03-30 22:11:04,156 - src.scraping.linkedin_scraper_v2 - INFO - Request attempt 1 for https://www.linkedin.com/jobs-guest/jobs/api/jobPosting/4184996116?_l=pt_BR
2025-03-30 22:11:04,429 - src.scraping.linkedin_scraper_v2 - INFO - Processed job 4184996116, 36 remaining
2025-03-30 22:11:06,181 - src.scraping.linkedin_scraper_v2 - INFO - Request attempt 1 for https://www.linkedin.com/jobs-guest/jobs/api/jobPosting/3820426486?_l=pt_BR
2025-03-30 22:11:06,465 - src.scraping.linkedin_scraper_v2 - INFO - Processed job 3820426486, 35 remaining
2025-03-30 22:11:08,161 - src.scraping.linkedin_scraper_v2 - INFO - Request attempt 1 for https://www.linkedin.com/jobs-guest/jobs/api/jobPosting/4189677273?_l=pt_BR
2025-03-30 22:11:08,471 - src.scraping.linkedin_scraper_v2 - INFO - Processed job 4189677273, 34 remaining
2025-03-30 22:11:10,405 - src.scraping.linkedin_scraper_v2 - INFO - Request attempt 1 for https://www.linkedin.com/jobs-guest/jobs/api/jobPosting/4142848851?_l=pt_BR
2025-03-30 22:11:10,703 - src.scraping.linkedin_scraper_v2 - INFO - Processed job 4142848851, 33 remaining
