2025-03-30 22:11:47,207 - src.scraping.linkedin_scraper_v2 - INFO - Initializing scraping of 100 job IDs
2025-03-30 22:11:47,207 - src.scraping.linkedin_scraper_v2 - INFO - Request attempt 1 for https://www.linkedin.com/jobs-guest/jobs/api/seeMoreJobPostings/search?keywords=Dados&location=Brasil&geoId=106057199&f_WT=2&position=1&start=0
2025-03-30 22:11:47,879 - src.scraping.linkedin_scraper_v2 - INFO - Request attempt 1 for https://www.linkedin.com/jobs-guest/jobs/api/seeMoreJobPostings/search?keywords=Dados&location=Brasil&geoId=106057199&f_WT=1&position=1&start=10
2025-03-30 22:11:48,557 - src.scraping.linkedin_scraper_v2 - INFO - Request attempt 1 for https://www.linkedin.com/jobs-guest/jobs/api/seeMoreJobPostings/search?keywords=Dados&location=Brasil&geoId=106057199&f_WT=1&position=1&start=20
2025-03-30 22:11:49,343 - src.scraping.linkedin_scraper_v2 - INFO - Request attempt 1 for https://www.linkedin.com/jobs-guest/jobs/api/seeMoreJobPostings/search?keywords=Dados&location=Brasil&geoId=106057199&f_WT=3&position=1&start=30
2025-03-30 22:11:49,957 - src.scraping.linkedin_scraper_v2 - INFO - Request attempt 1 for https://www.linkedin.com/jobs-guest/jobs/api/seeMoreJobPostings/search?keywords=Dados&location=Brasil&geoId=106057199&f_WT=1&position=1&start=40
2025-03-30 22:11:50,647 - src.scraping.linkedin_scraper_v2 - INFO - Request attempt 1 for https://www.linkedin.com/jobs-guest/jobs/api/seeMoreJobPostings/search?keywords=Dados&location=Brasil&geoId=106057199&f_WT=2&position=1&start=50
2025-03-30 22:11:51,227 - src.scraping.linkedin_scraper_v2 - INFO - Request attempt 1 for https://www.linkedin.com/jobs-guest/jobs/api/seeMoreJobPostings/search?keywords=Dados&location=Brasil&geoId=106057199&f_WT=1&position=1&start=60
2025-03-30 22:11:51,910 - src.scraping.linkedin_scraper_v2 - INFO - Request attempt 1 for https://www.linkedin.com/jobs-guest/jobs/api/seeMoreJobPostings/search?keywords=Dados&location=Brasil&geoId=106057199&f_WT=3&position=1&start=70
2025-03-30 22:11:52,569 - src.scraping.linkedin_scraper_v2 - INFO - Request attempt 1 for https://www.linkedin.com/jobs-guest/jobs/api/seeMoreJobPostings/search?keywords=Dados&location=Brasil&geoId=106057199&f_WT=1&position=1&start=80
2025-03-30 22:11:53,255 - src.scraping.linkedin_scraper_v2 - INFO - Request attempt 1 for https://www.linkedin.com/jobs-guest/jobs/api/seeMoreJobPostings/search?keywords=Dados&location=Brasil&geoId=106057199&f_WT=1&position=1&start=90
2025-03-30 22:11:53,955 - src.scraping.linkedin_scraper_v2 - SUCCESS - Successfully scraped 99 IDs
2025-03-30 22:11:53,957 - src.scraping.linkedin_scraper_v2 - INFO - Initializing scraping of 99 job postings
2025-03-30 22:11:53,957 - src.scraping.linkedin_scraper_v2 - INFO - Using cached data for job ID 4187060561
2025-03-30 22:11:53,957 - src.scraping.linkedin_scraper_v2 - INFO - Using cached data for job ID 4142781980
2025-03-30 22:11:53,957 - src.scraping.linkedin_scraper_v2 - INFO - Using cached data for job ID 4189553004
2025-03-30 22:11:53,957 - src.scraping.linkedin_scraper_v2 - INFO - Using cached data for job ID 4193195407
2025-03-30 22:11:53,957 - src.scraping.linkedin_scraper_v2 - INFO - Using cached data for job ID 4175781800
2025-03-30 22:11:53,958 - src.scraping.linkedin_scraper_v2 - INFO - Using cached data for job ID 4193413664
2025-03-30 22:11:53,958 - src.scraping.linkedin_scraper_v2 - INFO - Using cached data for job ID 4179429367
2025-03-30 22:11:53,958 - src.scraping.linkedin_scraper_v2 - INFO - Using cached data for job ID 4184262596
2025-03-30 22:11:53,958 - src.scraping.linkedin_scraper_v2 - INFO - Using cached data for job ID 4191196959
2025-03-30 22:11:53,958 - src.scraping.linkedin_scraper_v2 - INFO - Using cached data for job ID 4188230342
2025-03-30 22:11:53,958 - src.scraping.linkedin_scraper_v2 - INFO - Request attempt 1 for https://www.linkedin.com/jobs-guest/jobs/api/jobPosting/4191861882?_l=pt_BR
2025-03-30 22:11:54,141 - src.scraping.linkedin_scraper_v2 - WARNING - Rate limited (429). Waiting 3.20s before retry...
2025-03-30 22:11:57,346 - src.scraping.linkedin_scraper_v2 - INFO - Request attempt 2 for https://www.linkedin.com/jobs-guest/jobs/api/jobPosting/4191861882?_l=pt_BR
2025-03-30 22:11:57,346 - src.scraping.linkedin_scraper_v2 - INFO - Changing headers and proxy for retry 2
2025-03-30 22:11:57,529 - src.scraping.linkedin_scraper_v2 - WARNING - Rate limited (429). Waiting 3.67s before retry...
2025-03-30 22:12:01,201 - src.scraping.linkedin_scraper_v2 - INFO - Request attempt 3 for https://www.linkedin.com/jobs-guest/jobs/api/jobPosting/4191861882?_l=pt_BR
2025-03-30 22:12:01,201 - src.scraping.linkedin_scraper_v2 - INFO - Changing headers and proxy for retry 3
2025-03-30 22:12:01,532 - src.scraping.linkedin_scraper_v2 - INFO - Processed job 4191861882, 88 remaining
2025-03-30 22:12:01,532 - src.scraping.linkedin_scraper_v2 - INFO - Request attempt 1 for https://www.linkedin.com/jobs-guest/jobs/api/jobPosting/4190698080?_l=pt_BR
2025-03-30 22:12:01,844 - src.scraping.linkedin_scraper_v2 - INFO - Processed job 4190698080, 87 remaining
2025-03-30 22:12:01,844 - src.scraping.linkedin_scraper_v2 - INFO - Request attempt 1 for https://www.linkedin.com/jobs-guest/jobs/api/jobPosting/4184706997?_l=pt_BR
2025-03-30 22:12:02,197 - src.scraping.linkedin_scraper_v2 - INFO - Processed job 4184706997, 86 remaining
2025-03-30 22:12:02,197 - src.scraping.linkedin_scraper_v2 - INFO - Request attempt 1 for https://www.linkedin.com/jobs-guest/jobs/api/jobPosting/4193937509?_l=pt_BR
2025-03-30 22:12:02,487 - src.scraping.linkedin_scraper_v2 - INFO - Processed job 4193937509, 85 remaining
2025-03-30 22:12:02,491 - src.scraping.linkedin_scraper_v2 - INFO - Request attempt 1 for https://www.linkedin.com/jobs-guest/jobs/api/jobPosting/4188511746?_l=pt_BR
2025-03-30 22:12:02,797 - src.scraping.linkedin_scraper_v2 - INFO - Processed job 4188511746, 84 remaining
2025-03-30 22:12:02,802 - src.scraping.linkedin_scraper_v2 - INFO - Request attempt 1 for https://www.linkedin.com/jobs-guest/jobs/api/jobPosting/4194339373?_l=pt_BR
2025-03-30 22:12:03,092 - src.scraping.linkedin_scraper_v2 - INFO - Processed job 4194339373, 83 remaining
2025-03-30 22:12:03,092 - src.scraping.linkedin_scraper_v2 - INFO - Request attempt 1 for https://www.linkedin.com/jobs-guest/jobs/api/jobPosting/4194334967?_l=pt_BR
2025-03-30 22:12:03,479 - src.scraping.linkedin_scraper_v2 - INFO - Processed job 4194334967, 82 remaining
2025-03-30 22:12:03,479 - src.scraping.linkedin_scraper_v2 - INFO - Request attempt 1 for https://www.linkedin.com/jobs-guest/jobs/api/jobPosting/4190599819?_l=pt_BR
2025-03-30 22:12:03,777 - src.scraping.linkedin_scraper_v2 - INFO - Processed job 4190599819, 81 remaining
2025-03-30 22:12:03,777 - src.scraping.linkedin_scraper_v2 - INFO - Request attempt 1 for https://www.linkedin.com/jobs-guest/jobs/api/jobPosting/4170747725?_l=pt_BR
2025-03-30 22:12:04,072 - src.scraping.linkedin_scraper_v2 - INFO - Processed job 4170747725, 80 remaining
2025-03-30 22:12:04,072 - src.scraping.linkedin_scraper_v2 - INFO - Request attempt 1 for https://www.linkedin.com/jobs-guest/jobs/api/jobPosting/4158139218?_l=pt_BR
2025-03-30 22:12:04,376 - src.scraping.linkedin_scraper_v2 - INFO - Cache saved with 79 entries
2025-03-30 22:12:04,376 - src.scraping.linkedin_scraper_v2 - INFO - Processed job 4158139218, 79 remaining
2025-03-30 22:12:04,376 - src.scraping.linkedin_scraper_v2 - INFO - Request attempt 1 for https://www.linkedin.com/jobs-guest/jobs/api/jobPosting/4189361874?_l=pt_BR
2025-03-30 22:12:04,557 - src.scraping.linkedin_scraper_v2 - WARNING - Rate limited (429). Waiting 3.10s before retry...
2025-03-30 22:12:07,665 - src.scraping.linkedin_scraper_v2 - INFO - Request attempt 2 for https://www.linkedin.com/jobs-guest/jobs/api/jobPosting/4189361874?_l=pt_BR
2025-03-30 22:12:07,665 - src.scraping.linkedin_scraper_v2 - INFO - Changing headers and proxy for retry 2
2025-03-30 22:12:07,852 - src.scraping.linkedin_scraper_v2 - WARNING - Rate limited (429). Waiting 4.54s before retry...
2025-03-30 22:12:12,398 - src.scraping.linkedin_scraper_v2 - INFO - Request attempt 3 for https://www.linkedin.com/jobs-guest/jobs/api/jobPosting/4189361874?_l=pt_BR
2025-03-30 22:12:12,398 - src.scraping.linkedin_scraper_v2 - INFO - Changing headers and proxy for retry 3
2025-03-30 22:12:12,727 - src.scraping.linkedin_scraper_v2 - INFO - Processed job 4189361874, 78 remaining
2025-03-30 22:12:12,727 - src.scraping.linkedin_scraper_v2 - INFO - Request attempt 1 for https://www.linkedin.com/jobs-guest/jobs/api/jobPosting/4192442079?_l=pt_BR
2025-03-30 22:12:13,180 - src.scraping.linkedin_scraper_v2 - INFO - Processed job 4192442079, 77 remaining
2025-03-30 22:12:13,180 - src.scraping.linkedin_scraper_v2 - INFO - Request attempt 1 for https://www.linkedin.com/jobs-guest/jobs/api/jobPosting/4178556407?_l=pt_BR
2025-03-30 22:12:13,477 - src.scraping.linkedin_scraper_v2 - INFO - Processed job 4178556407, 76 remaining
2025-03-30 22:12:13,477 - src.scraping.linkedin_scraper_v2 - INFO - Request attempt 1 for https://www.linkedin.com/jobs-guest/jobs/api/jobPosting/4194336658?_l=pt_BR
2025-03-30 22:12:13,777 - src.scraping.linkedin_scraper_v2 - INFO - Processed job 4194336658, 75 remaining
2025-03-30 22:12:13,777 - src.scraping.linkedin_scraper_v2 - INFO - Request attempt 1 for https://www.linkedin.com/jobs-guest/jobs/api/jobPosting/4188678287?_l=pt_BR
2025-03-30 22:12:14,081 - src.scraping.linkedin_scraper_v2 - INFO - Processed job 4188678287, 74 remaining
2025-03-30 22:12:14,081 - src.scraping.linkedin_scraper_v2 - INFO - Request attempt 1 for https://www.linkedin.com/jobs-guest/jobs/api/jobPosting/4184306637?_l=pt_BR
2025-03-30 22:12:14,367 - src.scraping.linkedin_scraper_v2 - INFO - Processed job 4184306637, 73 remaining
2025-03-30 22:12:14,367 - src.scraping.linkedin_scraper_v2 - INFO - Request attempt 1 for https://www.linkedin.com/jobs-guest/jobs/api/jobPosting/4191320637?_l=pt_BR
2025-03-30 22:12:14,689 - src.scraping.linkedin_scraper_v2 - INFO - Processed job 4191320637, 72 remaining
2025-03-30 22:12:14,689 - src.scraping.linkedin_scraper_v2 - INFO - Request attempt 1 for https://www.linkedin.com/jobs-guest/jobs/api/jobPosting/4181732892?_l=pt_BR
2025-03-30 22:12:15,002 - src.scraping.linkedin_scraper_v2 - INFO - Processed job 4181732892, 71 remaining
2025-03-30 22:12:15,002 - src.scraping.linkedin_scraper_v2 - INFO - Request attempt 1 for https://www.linkedin.com/jobs-guest/jobs/api/jobPosting/4085632792?_l=pt_BR
2025-03-30 22:12:15,287 - src.scraping.linkedin_scraper_v2 - INFO - Processed job 4085632792, 70 remaining
2025-03-30 22:12:15,287 - src.scraping.linkedin_scraper_v2 - INFO - Using cached data for job ID 4170140763
2025-03-30 22:12:15,290 - src.scraping.linkedin_scraper_v2 - INFO - Request attempt 1 for https://www.linkedin.com/jobs-guest/jobs/api/jobPosting/4184826667?_l=pt_BR
2025-03-30 22:12:15,617 - src.scraping.linkedin_scraper_v2 - INFO - Processed job 4184826667, 68 remaining
2025-03-30 22:12:15,617 - src.scraping.linkedin_scraper_v2 - INFO - Using cached data for job ID 4178750177
2025-03-30 22:12:15,617 - src.scraping.linkedin_scraper_v2 - INFO - Using cached data for job ID 4183438446
2025-03-30 22:12:15,617 - src.scraping.linkedin_scraper_v2 - INFO - Using cached data for job ID 4178559293
2025-03-30 22:12:15,617 - src.scraping.linkedin_scraper_v2 - INFO - Using cached data for job ID 4144473324
2025-03-30 22:12:15,617 - src.scraping.linkedin_scraper_v2 - INFO - Using cached data for job ID 4194474739
2025-03-30 22:12:15,617 - src.scraping.linkedin_scraper_v2 - INFO - Using cached data for job ID 4175714613
2025-03-30 22:12:15,617 - src.scraping.linkedin_scraper_v2 - INFO - Using cached data for job ID 4166586517
2025-03-30 22:12:15,617 - src.scraping.linkedin_scraper_v2 - INFO - Request attempt 1 for https://www.linkedin.com/jobs-guest/jobs/api/jobPosting/4177112239?_l=pt_BR
2025-03-30 22:12:15,797 - src.scraping.linkedin_scraper_v2 - WARNING - Rate limited (429). Waiting 2.29s before retry...
2025-03-30 22:12:18,089 - src.scraping.linkedin_scraper_v2 - INFO - Request attempt 2 for https://www.linkedin.com/jobs-guest/jobs/api/jobPosting/4177112239?_l=pt_BR
2025-03-30 22:12:18,089 - src.scraping.linkedin_scraper_v2 - INFO - Changing headers and proxy for retry 2
2025-03-30 22:12:18,267 - src.scraping.linkedin_scraper_v2 - WARNING - Rate limited (429). Waiting 3.69s before retry...
2025-03-30 22:12:21,964 - src.scraping.linkedin_scraper_v2 - INFO - Request attempt 3 for https://www.linkedin.com/jobs-guest/jobs/api/jobPosting/4177112239?_l=pt_BR
2025-03-30 22:12:21,964 - src.scraping.linkedin_scraper_v2 - INFO - Changing headers and proxy for retry 3
2025-03-30 22:12:22,137 - src.scraping.linkedin_scraper_v2 - WARNING - Rate limited (429). Waiting 6.44s before retry...
2025-03-30 22:12:28,589 - src.scraping.linkedin_scraper_v2 - INFO - Request attempt 4 for https://www.linkedin.com/jobs-guest/jobs/api/jobPosting/4177112239?_l=pt_BR
2025-03-30 22:12:28,589 - src.scraping.linkedin_scraper_v2 - INFO - Changing headers and proxy for retry 4
2025-03-30 22:12:28,897 - src.scraping.linkedin_scraper_v2 - INFO - Processed job 4177112239, 60 remaining
2025-03-30 22:12:28,897 - src.scraping.linkedin_scraper_v2 - INFO - Using cached data for job ID 4192836236
2025-03-30 22:12:28,897 - src.scraping.linkedin_scraper_v2 - INFO - Request attempt 1 for https://www.linkedin.com/jobs-guest/jobs/api/jobPosting/4188637580?_l=pt_BR
2025-03-30 22:12:29,200 - src.scraping.linkedin_scraper_v2 - INFO - Processed job 4188637580, 58 remaining
2025-03-30 22:12:29,200 - src.scraping.linkedin_scraper_v2 - INFO - Using cached data for job ID 4171335396
2025-03-30 22:12:29,207 - src.scraping.linkedin_scraper_v2 - INFO - Using cached data for job ID 4193935027
2025-03-30 22:12:29,207 - src.scraping.linkedin_scraper_v2 - INFO - Using cached data for job ID 4133547946
2025-03-30 22:12:29,207 - src.scraping.linkedin_scraper_v2 - INFO - Using cached data for job ID 4162644868
2025-03-30 22:12:29,207 - src.scraping.linkedin_scraper_v2 - INFO - Using cached data for job ID 4194330368
2025-03-30 22:12:29,207 - src.scraping.linkedin_scraper_v2 - INFO - Using cached data for job ID 4188233583
2025-03-30 22:12:29,207 - src.scraping.linkedin_scraper_v2 - INFO - Using cached data for job ID 4194310805
2025-03-30 22:12:29,207 - src.scraping.linkedin_scraper_v2 - INFO - Using cached data for job ID 4180568624
2025-03-30 22:12:29,207 - src.scraping.linkedin_scraper_v2 - INFO - Request attempt 1 for https://www.linkedin.com/jobs-guest/jobs/api/jobPosting/4091145421?_l=pt_BR
2025-03-30 22:12:29,510 - src.scraping.linkedin_scraper_v2 - INFO - Cache saved with 92 entries
2025-03-30 22:12:29,510 - src.scraping.linkedin_scraper_v2 - INFO - Processed job 4091145421, 49 remaining
2025-03-30 22:12:29,510 - src.scraping.linkedin_scraper_v2 - INFO - Request attempt 1 for https://www.linkedin.com/jobs-guest/jobs/api/jobPosting/4181932772?_l=pt_BR
2025-03-30 22:12:29,809 - src.scraping.linkedin_scraper_v2 - INFO - Processed job 4181932772, 48 remaining
2025-03-30 22:12:29,810 - src.scraping.linkedin_scraper_v2 - INFO - Request attempt 1 for https://www.linkedin.com/jobs-guest/jobs/api/jobPosting/4190467013?_l=pt_BR
2025-03-30 22:12:30,102 - src.scraping.linkedin_scraper_v2 - INFO - Processed job 4190467013, 47 remaining
2025-03-30 22:12:30,102 - src.scraping.linkedin_scraper_v2 - INFO - Request attempt 1 for https://www.linkedin.com/jobs-guest/jobs/api/jobPosting/4190966690?_l=pt_BR
2025-03-30 22:12:30,407 - src.scraping.linkedin_scraper_v2 - INFO - Processed job 4190966690, 46 remaining
2025-03-30 22:12:30,407 - src.scraping.linkedin_scraper_v2 - INFO - Request attempt 1 for https://www.linkedin.com/jobs-guest/jobs/api/jobPosting/4187545909?_l=pt_BR
2025-03-30 22:12:30,712 - src.scraping.linkedin_scraper_v2 - INFO - Processed job 4187545909, 45 remaining
2025-03-30 22:12:30,712 - src.scraping.linkedin_scraper_v2 - INFO - Request attempt 1 for https://www.linkedin.com/jobs-guest/jobs/api/jobPosting/4196124617?_l=pt_BR
2025-03-30 22:12:31,010 - src.scraping.linkedin_scraper_v2 - INFO - Processed job 4196124617, 44 remaining
2025-03-30 22:12:31,010 - src.scraping.linkedin_scraper_v2 - INFO - Request attempt 1 for https://www.linkedin.com/jobs-guest/jobs/api/jobPosting/4194523112?_l=pt_BR
2025-03-30 22:12:31,302 - src.scraping.linkedin_scraper_v2 - INFO - Processed job 4194523112, 43 remaining
2025-03-30 22:12:31,302 - src.scraping.linkedin_scraper_v2 - INFO - Request attempt 1 for https://www.linkedin.com/jobs-guest/jobs/api/jobPosting/4173173229?_l=pt_BR
2025-03-30 22:12:31,608 - src.scraping.linkedin_scraper_v2 - INFO - Processed job 4173173229, 42 remaining
2025-03-30 22:12:31,608 - src.scraping.linkedin_scraper_v2 - INFO - Request attempt 1 for https://www.linkedin.com/jobs-guest/jobs/api/jobPosting/4195192258?_l=pt_BR
2025-03-30 22:12:31,798 - src.scraping.linkedin_scraper_v2 - WARNING - Rate limited (429). Waiting 3.49s before retry...
2025-03-30 22:12:35,294 - src.scraping.linkedin_scraper_v2 - INFO - Request attempt 2 for https://www.linkedin.com/jobs-guest/jobs/api/jobPosting/4195192258?_l=pt_BR
2025-03-30 22:12:35,294 - src.scraping.linkedin_scraper_v2 - INFO - Changing headers and proxy for retry 2
2025-03-30 22:12:35,467 - src.scraping.linkedin_scraper_v2 - WARNING - Rate limited (429). Waiting 3.69s before retry...
2025-03-30 22:12:39,163 - src.scraping.linkedin_scraper_v2 - INFO - Request attempt 3 for https://www.linkedin.com/jobs-guest/jobs/api/jobPosting/4195192258?_l=pt_BR
2025-03-30 22:12:39,163 - src.scraping.linkedin_scraper_v2 - INFO - Changing headers and proxy for retry 3
2025-03-30 22:12:39,337 - src.scraping.linkedin_scraper_v2 - WARNING - Rate limited (429). Waiting 5.08s before retry...
2025-03-30 22:12:44,427 - src.scraping.linkedin_scraper_v2 - INFO - Request attempt 4 for https://www.linkedin.com/jobs-guest/jobs/api/jobPosting/4195192258?_l=pt_BR
2025-03-30 22:12:44,427 - src.scraping.linkedin_scraper_v2 - INFO - Changing headers and proxy for retry 4
2025-03-30 22:12:44,736 - src.scraping.linkedin_scraper_v2 - INFO - Processed job 4195192258, 41 remaining
2025-03-30 22:12:44,736 - src.scraping.linkedin_scraper_v2 - INFO - Using cached data for job ID 4195398600
2025-03-30 22:12:44,736 - src.scraping.linkedin_scraper_v2 - INFO - Request attempt 1 for https://www.linkedin.com/jobs-guest/jobs/api/jobPosting/4188462699?_l=pt_BR
2025-03-30 22:12:45,079 - src.scraping.linkedin_scraper_v2 - INFO - Cache saved with 101 entries
2025-03-30 22:12:45,079 - src.scraping.linkedin_scraper_v2 - INFO - Processed job 4188462699, 39 remaining
2025-03-30 22:12:45,079 - src.scraping.linkedin_scraper_v2 - INFO - Request attempt 1 for https://www.linkedin.com/jobs-guest/jobs/api/jobPosting/4188476620?_l=pt_BR
2025-03-30 22:12:45,415 - src.scraping.linkedin_scraper_v2 - INFO - Processed job 4188476620, 38 remaining
2025-03-30 22:12:45,415 - src.scraping.linkedin_scraper_v2 - INFO - Request attempt 1 for https://www.linkedin.com/jobs-guest/jobs/api/jobPosting/4188473835?_l=pt_BR
2025-03-30 22:12:45,729 - src.scraping.linkedin_scraper_v2 - INFO - Processed job 4188473835, 37 remaining
2025-03-30 22:12:45,729 - src.scraping.linkedin_scraper_v2 - INFO - Request attempt 1 for https://www.linkedin.com/jobs-guest/jobs/api/jobPosting/4188300334?_l=pt_BR
2025-03-30 22:12:46,026 - src.scraping.linkedin_scraper_v2 - INFO - Processed job 4188300334, 36 remaining
2025-03-30 22:12:46,026 - src.scraping.linkedin_scraper_v2 - INFO - Request attempt 1 for https://www.linkedin.com/jobs-guest/jobs/api/jobPosting/4184286787?_l=pt_BR
2025-03-30 22:12:46,336 - src.scraping.linkedin_scraper_v2 - INFO - Processed job 4184286787, 35 remaining
2025-03-30 22:12:46,337 - src.scraping.linkedin_scraper_v2 - INFO - Request attempt 1 for https://www.linkedin.com/jobs-guest/jobs/api/jobPosting/4188479247?_l=pt_BR
2025-03-30 22:12:46,628 - src.scraping.linkedin_scraper_v2 - INFO - Processed job 4188479247, 34 remaining
2025-03-30 22:12:46,636 - src.scraping.linkedin_scraper_v2 - INFO - Request attempt 1 for https://www.linkedin.com/jobs-guest/jobs/api/jobPosting/4188480058?_l=pt_BR
2025-03-30 22:12:46,934 - src.scraping.linkedin_scraper_v2 - INFO - Processed job 4188480058, 33 remaining
2025-03-30 22:12:46,935 - src.scraping.linkedin_scraper_v2 - INFO - Request attempt 1 for https://www.linkedin.com/jobs-guest/jobs/api/jobPosting/4195310995?_l=pt_BR
2025-03-30 22:12:47,246 - src.scraping.linkedin_scraper_v2 - INFO - Processed job 4195310995, 32 remaining
2025-03-30 22:12:47,246 - src.scraping.linkedin_scraper_v2 - INFO - Request attempt 1 for https://www.linkedin.com/jobs-guest/jobs/api/jobPosting/4186558436?_l=pt_BR
2025-03-30 22:12:47,535 - src.scraping.linkedin_scraper_v2 - INFO - Processed job 4186558436, 31 remaining
2025-03-30 22:12:47,535 - src.scraping.linkedin_scraper_v2 - INFO - Request attempt 1 for https://www.linkedin.com/jobs-guest/jobs/api/jobPosting/4194300006?_l=pt_BR
2025-03-30 22:12:47,719 - src.scraping.linkedin_scraper_v2 - WARNING - Rate limited (429). Waiting 3.54s before retry...
2025-03-30 22:12:51,264 - src.scraping.linkedin_scraper_v2 - INFO - Request attempt 2 for https://www.linkedin.com/jobs-guest/jobs/api/jobPosting/4194300006?_l=pt_BR
2025-03-30 22:12:51,264 - src.scraping.linkedin_scraper_v2 - INFO - Changing headers and proxy for retry 2
2025-03-30 22:12:51,441 - src.scraping.linkedin_scraper_v2 - WARNING - Rate limited (429). Waiting 4.97s before retry...
2025-03-30 22:12:56,419 - src.scraping.linkedin_scraper_v2 - INFO - Request attempt 3 for https://www.linkedin.com/jobs-guest/jobs/api/jobPosting/4194300006?_l=pt_BR
2025-03-30 22:12:56,419 - src.scraping.linkedin_scraper_v2 - INFO - Changing headers and proxy for retry 3
2025-03-30 22:12:56,721 - src.scraping.linkedin_scraper_v2 - INFO - Processed job 4194300006, 30 remaining
2025-03-30 22:12:56,721 - src.scraping.linkedin_scraper_v2 - INFO - Request attempt 1 for https://www.linkedin.com/jobs-guest/jobs/api/jobPosting/4190161232?_l=pt_BR
2025-03-30 22:12:57,021 - src.scraping.linkedin_scraper_v2 - INFO - Cache saved with 111 entries
2025-03-30 22:12:57,021 - src.scraping.linkedin_scraper_v2 - INFO - Processed job 4190161232, 29 remaining
2025-03-30 22:12:57,021 - src.scraping.linkedin_scraper_v2 - INFO - Request attempt 1 for https://www.linkedin.com/jobs-guest/jobs/api/jobPosting/4132218968?_l=pt_BR
2025-03-30 22:12:57,326 - src.scraping.linkedin_scraper_v2 - INFO - Processed job 4132218968, 28 remaining
2025-03-30 22:12:57,326 - src.scraping.linkedin_scraper_v2 - INFO - Request attempt 1 for https://www.linkedin.com/jobs-guest/jobs/api/jobPosting/4190273351?_l=pt_BR
2025-03-30 22:12:57,628 - src.scraping.linkedin_scraper_v2 - INFO - Processed job 4190273351, 27 remaining
2025-03-30 22:12:57,628 - src.scraping.linkedin_scraper_v2 - INFO - Request attempt 1 for https://www.linkedin.com/jobs-guest/jobs/api/jobPosting/4191831718?_l=pt_BR
2025-03-30 22:12:57,925 - src.scraping.linkedin_scraper_v2 - INFO - Processed job 4191831718, 26 remaining
2025-03-30 22:12:57,925 - src.scraping.linkedin_scraper_v2 - INFO - Request attempt 1 for https://www.linkedin.com/jobs-guest/jobs/api/jobPosting/4183109869?_l=pt_BR
2025-03-30 22:12:58,236 - src.scraping.linkedin_scraper_v2 - INFO - Processed job 4183109869, 25 remaining
2025-03-30 22:12:58,236 - src.scraping.linkedin_scraper_v2 - INFO - Request attempt 1 for https://www.linkedin.com/jobs-guest/jobs/api/jobPosting/4184487989?_l=pt_BR
2025-03-30 22:12:58,536 - src.scraping.linkedin_scraper_v2 - INFO - Processed job 4184487989, 24 remaining
2025-03-30 22:12:58,536 - src.scraping.linkedin_scraper_v2 - INFO - Request attempt 1 for https://www.linkedin.com/jobs-guest/jobs/api/jobPosting/4178527099?_l=pt_BR
2025-03-30 22:12:58,842 - src.scraping.linkedin_scraper_v2 - INFO - Processed job 4178527099, 23 remaining
2025-03-30 22:12:58,842 - src.scraping.linkedin_scraper_v2 - INFO - Request attempt 1 for https://www.linkedin.com/jobs-guest/jobs/api/jobPosting/4091540620?_l=pt_BR
2025-03-30 22:12:59,133 - src.scraping.linkedin_scraper_v2 - INFO - Processed job 4091540620, 22 remaining
2025-03-30 22:12:59,133 - src.scraping.linkedin_scraper_v2 - INFO - Request attempt 1 for https://www.linkedin.com/jobs-guest/jobs/api/jobPosting/4196357014?_l=pt_BR
2025-03-30 22:12:59,425 - src.scraping.linkedin_scraper_v2 - INFO - Processed job 4196357014, 21 remaining
2025-03-30 22:12:59,425 - src.scraping.linkedin_scraper_v2 - INFO - Request attempt 1 for https://www.linkedin.com/jobs-guest/jobs/api/jobPosting/4115065481?_l=pt_BR
2025-03-30 22:12:59,611 - src.scraping.linkedin_scraper_v2 - WARNING - Rate limited (429). Waiting 3.44s before retry...
2025-03-30 22:13:03,050 - src.scraping.linkedin_scraper_v2 - INFO - Request attempt 2 for https://www.linkedin.com/jobs-guest/jobs/api/jobPosting/4115065481?_l=pt_BR
2025-03-30 22:13:03,050 - src.scraping.linkedin_scraper_v2 - INFO - Changing headers and proxy for retry 2
2025-03-30 22:13:03,228 - src.scraping.linkedin_scraper_v2 - WARNING - Rate limited (429). Waiting 3.32s before retry...
2025-03-30 22:13:06,555 - src.scraping.linkedin_scraper_v2 - INFO - Request attempt 3 for https://www.linkedin.com/jobs-guest/jobs/api/jobPosting/4115065481?_l=pt_BR
2025-03-30 22:13:06,555 - src.scraping.linkedin_scraper_v2 - INFO - Changing headers and proxy for retry 3
2025-03-30 22:13:06,734 - src.scraping.linkedin_scraper_v2 - WARNING - Rate limited (429). Waiting 6.29s before retry...
2025-03-30 22:13:13,028 - src.scraping.linkedin_scraper_v2 - INFO - Request attempt 4 for https://www.linkedin.com/jobs-guest/jobs/api/jobPosting/4115065481?_l=pt_BR
2025-03-30 22:13:13,028 - src.scraping.linkedin_scraper_v2 - INFO - Changing headers and proxy for retry 4
2025-03-30 22:13:13,321 - src.scraping.linkedin_scraper_v2 - INFO - Processed job 4115065481, 20 remaining
2025-03-30 22:13:13,326 - src.scraping.linkedin_scraper_v2 - INFO - Request attempt 1 for https://www.linkedin.com/jobs-guest/jobs/api/jobPosting/4190073794?_l=pt_BR
2025-03-30 22:13:13,636 - src.scraping.linkedin_scraper_v2 - INFO - Cache saved with 121 entries
2025-03-30 22:13:13,636 - src.scraping.linkedin_scraper_v2 - INFO - Processed job 4190073794, 19 remaining
2025-03-30 22:13:13,636 - src.scraping.linkedin_scraper_v2 - INFO - Request attempt 1 for https://www.linkedin.com/jobs-guest/jobs/api/jobPosting/4191492727?_l=pt_BR
2025-03-30 22:13:13,957 - src.scraping.linkedin_scraper_v2 - INFO - Processed job 4191492727, 18 remaining
2025-03-30 22:13:13,957 - src.scraping.linkedin_scraper_v2 - INFO - Using cached data for job ID 4188349579
2025-03-30 22:13:13,957 - src.scraping.linkedin_scraper_v2 - INFO - Request attempt 1 for https://www.linkedin.com/jobs-guest/jobs/api/jobPosting/4178504179?_l=pt_BR
2025-03-30 22:13:14,306 - src.scraping.linkedin_scraper_v2 - INFO - Processed job 4178504179, 16 remaining
2025-03-30 22:13:14,306 - src.scraping.linkedin_scraper_v2 - INFO - Request attempt 1 for https://www.linkedin.com/jobs-guest/jobs/api/jobPosting/4192783957?_l=pt_BR
2025-03-30 22:13:14,596 - src.scraping.linkedin_scraper_v2 - INFO - Processed job 4192783957, 15 remaining
2025-03-30 22:13:14,596 - src.scraping.linkedin_scraper_v2 - INFO - Request attempt 1 for https://www.linkedin.com/jobs-guest/jobs/api/jobPosting/4181480286?_l=pt_BR
2025-03-30 22:13:14,906 - src.scraping.linkedin_scraper_v2 - INFO - Processed job 4181480286, 14 remaining
2025-03-30 22:13:14,906 - src.scraping.linkedin_scraper_v2 - INFO - Request attempt 1 for https://www.linkedin.com/jobs-guest/jobs/api/jobPosting/4175784333?_l=pt_BR
2025-03-30 22:13:15,236 - src.scraping.linkedin_scraper_v2 - INFO - Processed job 4175784333, 13 remaining
2025-03-30 22:13:15,236 - src.scraping.linkedin_scraper_v2 - INFO - Request attempt 1 for https://www.linkedin.com/jobs-guest/jobs/api/jobPosting/4179629207?_l=pt_BR
2025-03-30 22:13:15,666 - src.scraping.linkedin_scraper_v2 - INFO - Processed job 4179629207, 12 remaining
2025-03-30 22:13:15,666 - src.scraping.linkedin_scraper_v2 - INFO - Request attempt 1 for https://www.linkedin.com/jobs-guest/jobs/api/jobPosting/4183446448?_l=pt_BR
2025-03-30 22:13:15,978 - src.scraping.linkedin_scraper_v2 - INFO - Processed job 4183446448, 11 remaining
2025-03-30 22:13:15,978 - src.scraping.linkedin_scraper_v2 - INFO - Request attempt 1 for https://www.linkedin.com/jobs-guest/jobs/api/jobPosting/4182138719?_l=pt_BR
2025-03-30 22:13:16,296 - src.scraping.linkedin_scraper_v2 - INFO - Processed job 4182138719, 10 remaining
2025-03-30 22:13:16,296 - src.scraping.linkedin_scraper_v2 - INFO - Request attempt 1 for https://www.linkedin.com/jobs-guest/jobs/api/jobPosting/4181748557?_l=pt_BR
2025-03-30 22:13:16,466 - src.scraping.linkedin_scraper_v2 - WARNING - Rate limited (429). Waiting 3.42s before retry...
2025-03-30 22:13:19,892 - src.scraping.linkedin_scraper_v2 - INFO - Request attempt 2 for https://www.linkedin.com/jobs-guest/jobs/api/jobPosting/4181748557?_l=pt_BR
2025-03-30 22:13:19,892 - src.scraping.linkedin_scraper_v2 - INFO - Changing headers and proxy for retry 2
2025-03-30 22:13:20,068 - src.scraping.linkedin_scraper_v2 - WARNING - Rate limited (429). Waiting 4.47s before retry...
2025-03-30 22:13:24,547 - src.scraping.linkedin_scraper_v2 - INFO - Request attempt 3 for https://www.linkedin.com/jobs-guest/jobs/api/jobPosting/4181748557?_l=pt_BR
2025-03-30 22:13:24,547 - src.scraping.linkedin_scraper_v2 - INFO - Changing headers and proxy for retry 3
2025-03-30 22:13:24,849 - src.scraping.linkedin_scraper_v2 - INFO - Cache saved with 130 entries
2025-03-30 22:13:24,849 - src.scraping.linkedin_scraper_v2 - INFO - Processed job 4181748557, 9 remaining
2025-03-30 22:13:24,849 - src.scraping.linkedin_scraper_v2 - INFO - Request attempt 1 for https://www.linkedin.com/jobs-guest/jobs/api/jobPosting/4196107798?_l=pt_BR
2025-03-30 22:13:25,167 - src.scraping.linkedin_scraper_v2 - INFO - Processed job 4196107798, 8 remaining
2025-03-30 22:13:25,167 - src.scraping.linkedin_scraper_v2 - INFO - Request attempt 1 for https://www.linkedin.com/jobs-guest/jobs/api/jobPosting/4178671426?_l=pt_BR
2025-03-30 22:13:25,471 - src.scraping.linkedin_scraper_v2 - INFO - Processed job 4178671426, 7 remaining
2025-03-30 22:13:25,471 - src.scraping.linkedin_scraper_v2 - INFO - Request attempt 1 for https://www.linkedin.com/jobs-guest/jobs/api/jobPosting/4194391502?_l=pt_BR
2025-03-30 22:13:25,788 - src.scraping.linkedin_scraper_v2 - INFO - Processed job 4194391502, 6 remaining
2025-03-30 22:13:25,788 - src.scraping.linkedin_scraper_v2 - INFO - Request attempt 1 for https://www.linkedin.com/jobs-guest/jobs/api/jobPosting/4178299000?_l=pt_BR
2025-03-30 22:13:26,098 - src.scraping.linkedin_scraper_v2 - INFO - Processed job 4178299000, 5 remaining
2025-03-30 22:13:26,098 - src.scraping.linkedin_scraper_v2 - INFO - Request attempt 1 for https://www.linkedin.com/jobs-guest/jobs/api/jobPosting/4192775983?_l=pt_BR
2025-03-30 22:13:26,406 - src.scraping.linkedin_scraper_v2 - INFO - Processed job 4192775983, 4 remaining
2025-03-30 22:13:26,406 - src.scraping.linkedin_scraper_v2 - INFO - Request attempt 1 for https://www.linkedin.com/jobs-guest/jobs/api/jobPosting/4123360472?_l=pt_BR
2025-03-30 22:13:26,721 - src.scraping.linkedin_scraper_v2 - INFO - Processed job 4123360472, 3 remaining
2025-03-30 22:13:26,721 - src.scraping.linkedin_scraper_v2 - INFO - Request attempt 1 for https://www.linkedin.com/jobs-guest/jobs/api/jobPosting/4192792035?_l=pt_BR
2025-03-30 22:13:27,027 - src.scraping.linkedin_scraper_v2 - INFO - Processed job 4192792035, 2 remaining
2025-03-30 22:13:27,027 - src.scraping.linkedin_scraper_v2 - INFO - Request attempt 1 for https://www.linkedin.com/jobs-guest/jobs/api/jobPosting/4193018157?_l=pt_BR
2025-03-30 22:13:27,336 - src.scraping.linkedin_scraper_v2 - INFO - Processed job 4193018157, 1 remaining
2025-03-30 22:13:27,336 - src.scraping.linkedin_scraper_v2 - INFO - Request attempt 1 for https://www.linkedin.com/jobs-guest/jobs/api/jobPosting/4195316026?_l=pt_BR
2025-03-30 22:13:27,641 - src.scraping.linkedin_scraper_v2 - INFO - Processed job 4195316026, 0 remaining
2025-03-30 22:13:27,641 - src.scraping.linkedin_scraper_v2 - SUCCESS - Scraped data from 99 job postings successfully
2025-03-30 22:13:27,644 - src.scraping.linkedin_scraper_v2 - INFO - Cache saved with 139 entries
