2025-08-19 17:06:22,119 - src.scraping.linkedin_scraper - INFO - Successfully loaded job_data cache with 15 entries from data\cache\job_data_cache.pkl
2025-08-19 17:06:22,120 - src.scraping.linkedin_scraper - INFO - Successfully loaded job_id cache with 1231 entries from data\cache\job_ids_cache.pkl
2025-08-19 17:06:22,120 - __main__ - SUCCESS - Successfully initialized scraper.
2025-08-19 17:06:22,120 - src.scraping.linkedin_scraper - INFO - Fetching job amounts for keyword: 'Gestor de Projetos' from URL: https://www.linkedin.com/jobs/search?keywords="Gestor%20de%20Projetos"&location=Brasil&geoId=106057199
2025-08-19 17:06:23,749 - src.scraping.linkedin_scraper - INFO - Fetching job amounts for keyword: 'Gerente de Projetos' from URL: https://www.linkedin.com/jobs/search?keywords="Gerente%20de%20Projetos"&location=Brasil&geoId=106057199
2025-08-19 17:06:25,236 - src.scraping.linkedin_scraper - INFO - Fetching job amounts for keyword: 'Project Manager' from URL: https://www.linkedin.com/jobs/search?keywords="Project%20Manager"&location=Brasil&geoId=106057199
2025-08-19 17:06:26,830 - src.scraping.linkedin_scraper - INFO - Fetching job amounts for keyword: 'Project Coordinator' from URL: https://www.linkedin.com/jobs/search?keywords="Project%20Coordinator"&location=Brasil&geoId=106057199
2025-08-19 17:06:28,341 - src.scraping.linkedin_scraper - INFO - Fetching job amounts for keyword: 'Scrum Master' from URL: https://www.linkedin.com/jobs/search?keywords="Scrum%20Master"&location=Brasil&geoId=106057199
2025-08-19 17:06:29,758 - src.scraping.linkedin_scraper - INFO - Fetching job amounts for keyword: 'Product Owner' from URL: https://www.linkedin.com/jobs/search?keywords="Product%20Owner"&location=Brasil&geoId=106057199
2025-08-19 17:06:31,174 - src.scraping.linkedin_scraper - INFO - Fetching job amounts for keyword: 'PMO' from URL: https://www.linkedin.com/jobs/search?keywords="PMO"&location=Brasil&geoId=106057199
2025-08-19 17:06:32,557 - src.scraping.linkedin_scraper - INFO - Fetching job amounts for keyword: 'Agile Coach' from URL: https://www.linkedin.com/jobs/search?keywords="Agile%20Coach"&location=Brasil&geoId=106057199
2025-08-19 17:06:33,797 - src.scraping.linkedin_scraper - INFO - Fetching job amounts for keyword: 'Coordenador de Projetos' from URL: https://www.linkedin.com/jobs/search?keywords="Coordenador%20de%20Projetos"&location=Brasil&geoId=106057199
2025-08-19 17:06:35,262 - src.scraping.linkedin_scraper - INFO - Fetching job amounts for keyword: 'Coordenador de Projetos' from URL: https://www.linkedin.com/jobs/search?keywords="Coordenador%20de%20Projetos"&location=Brasil&geoId=106057199
2025-08-19 17:06:36,784 - src.scraping.linkedin_scraper - INFO - Fetching job amounts for keyword: 'Especialista em Projetos' from URL: https://www.linkedin.com/jobs/search?keywords="Especialista%20em%20Projetos"&location=Brasil&geoId=106057199
2025-08-19 17:06:38,201 - src.scraping.linkedin_scraper - INFO - Fetching job amounts for keyword: 'Analista de Projetos' from URL: https://www.linkedin.com/jobs/search?keywords="Analista%20de%20Projetos"&location=Brasil&geoId=106057199
2025-08-19 17:06:39,873 - src.scraping.linkedin_scraper - INFO - Fetching job amounts for keyword: 'Gestor de Portfolio' from URL: https://www.linkedin.com/jobs/search?keywords="Gestor%20de%20Portfolio"&location=Brasil&geoId=106057199
2025-08-19 17:06:40,800 - src.scraping.linkedin_scraper - INFO - Fetching job amounts for keyword: 'Portfolio Manager' from URL: https://www.linkedin.com/jobs/search?keywords="Portfolio%20Manager"&location=Brasil&geoId=106057199
2025-08-19 17:06:41,441 - __main__ - SUCCESS - Successfully fetched job data for 13 keywords and 2263 job postings.
2025-08-19 17:06:41,441 - src.scraping.linkedin_scraper - INFO - Initializing scraping for up to 21 job IDs for keyword 'Gestor de Projetos' (work model: 1).
2025-08-19 17:06:41,442 - src.scraping.linkedin_scraper - INFO - Request attempt 1/5 for https://www.linkedin.com/jobs-guest/jobs/api/seeMoreJobPostings/search?keywords="Gestor%20de%20Projetos"&location=Brasil&geoId=106057199&f_WT=1&start=0
2025-08-19 17:06:42,518 - src.scraping.linkedin_scraper - INFO - Found 0 new job IDs on page with offset 0.
2025-08-19 17:06:42,519 - src.scraping.linkedin_scraper - INFO - Request attempt 1/5 for https://www.linkedin.com/jobs-guest/jobs/api/seeMoreJobPostings/search?keywords="Gestor%20de%20Projetos"&location=Brasil&geoId=106057199&f_WT=1&start=10
2025-08-19 17:06:43,037 - src.scraping.linkedin_scraper - INFO - Found 0 new job IDs on page with offset 10.
2025-08-19 17:06:43,038 - src.scraping.linkedin_scraper - INFO - Request attempt 1/5 for https://www.linkedin.com/jobs-guest/jobs/api/seeMoreJobPostings/search?keywords="Gestor%20de%20Projetos"&location=Brasil&geoId=106057199&f_WT=1&start=20
2025-08-19 17:06:43,596 - src.scraping.linkedin_scraper - INFO - Found 0 new job IDs on page with offset 20.
2025-08-19 17:06:43,596 - src.scraping.linkedin_scraper - SUCCESS - Finished scraping for keyword 'Gestor de Projetos'. Added 0 new job IDs. Total unique job IDs in cache: 1231.
2025-08-19 17:06:43,597 - src.scraping.linkedin_scraper - INFO - Job_id cache saved with 1231 entries to data\cache\job_ids_cache.pkl
2025-08-19 17:06:43,597 - __main__ - SUCCESS - Fetched job IDs for keyword='Gestor de Projetos', work_model_id=1, count=21
2025-08-19 17:06:43,598 - src.scraping.linkedin_scraper - INFO - Initializing scraping for up to -4 job IDs for keyword 'Gestor de Projetos' (work model: 2).
2025-08-19 17:06:43,598 - src.scraping.linkedin_scraper - SUCCESS - Finished scraping for keyword 'Gestor de Projetos'. Added 0 new job IDs. Total unique job IDs in cache: 1231.
2025-08-19 17:06:43,599 - src.scraping.linkedin_scraper - INFO - Job_id cache saved with 1231 entries to data\cache\job_ids_cache.pkl
2025-08-19 17:06:43,599 - __main__ - SUCCESS - Fetched job IDs for keyword='Gestor de Projetos', work_model_id=2, count=-4
2025-08-19 17:06:43,599 - src.scraping.linkedin_scraper - INFO - Initializing scraping for up to -6 job IDs for keyword 'Gestor de Projetos' (work model: 3).
2025-08-19 17:06:43,599 - src.scraping.linkedin_scraper - SUCCESS - Finished scraping for keyword 'Gestor de Projetos'. Added 0 new job IDs. Total unique job IDs in cache: 1231.
2025-08-19 17:06:43,600 - src.scraping.linkedin_scraper - INFO - Job_id cache saved with 1231 entries to data\cache\job_ids_cache.pkl
2025-08-19 17:06:43,600 - __main__ - SUCCESS - Fetched job IDs for keyword='Gestor de Projetos', work_model_id=3, count=-6
2025-08-19 17:06:43,600 - src.scraping.linkedin_scraper - INFO - Initializing scraping for up to 165 job IDs for keyword 'Gerente de Projetos' (work model: 1).
2025-08-19 17:06:43,600 - src.scraping.linkedin_scraper - INFO - Request attempt 1/5 for https://www.linkedin.com/jobs-guest/jobs/api/seeMoreJobPostings/search?keywords="Gerente%20de%20Projetos"&location=Brasil&geoId=106057199&f_WT=1&start=0
2025-08-19 17:06:44,181 - src.scraping.linkedin_scraper - INFO - Found 0 new job IDs on page with offset 0.
2025-08-19 17:06:44,182 - src.scraping.linkedin_scraper - INFO - Request attempt 1/5 for https://www.linkedin.com/jobs-guest/jobs/api/seeMoreJobPostings/search?keywords="Gerente%20de%20Projetos"&location=Brasil&geoId=106057199&f_WT=1&start=10
2025-08-19 17:06:44,721 - src.scraping.linkedin_scraper - INFO - Found 0 new job IDs on page with offset 10.
2025-08-19 17:06:44,722 - src.scraping.linkedin_scraper - INFO - Request attempt 1/5 for https://www.linkedin.com/jobs-guest/jobs/api/seeMoreJobPostings/search?keywords="Gerente%20de%20Projetos"&location=Brasil&geoId=106057199&f_WT=1&start=20
2025-08-19 17:06:44,973 - src.scraping.linkedin_scraper - WARNING - Rate limited (429) on attempt 1. Waiting 2.91s before retry...
2025-08-19 17:06:47,885 - src.scraping.linkedin_scraper - INFO - Request attempt 2/5 for https://www.linkedin.com/jobs-guest/jobs/api/seeMoreJobPostings/search?keywords="Gerente%20de%20Projetos"&location=Brasil&geoId=106057199&f_WT=1&start=20
2025-08-19 17:06:47,886 - src.scraping.linkedin_scraper - INFO - Rotated headers for retry 2
2025-08-19 17:06:48,127 - src.scraping.linkedin_scraper - WARNING - Rate limited (429) on attempt 2. Waiting 3.61s before retry...
2025-08-19 17:06:49,869 - src.scraping.linkedin_scraper - INFO - Job_id cache saved with 1231 entries to data\cache\job_ids_cache.pkl
