2025-03-31 00:44:05,690 - src.scraping.linkedin_scraper_v2 - INFO - Initializing scraping of 10 job IDs
2025-03-31 00:44:05,690 - src.scraping.linkedin_scraper_v2 - INFO - Request attempt 1 for https://www.linkedin.com/jobs-guest/jobs/api/seeMoreJobPostings/search?keywords=Dados&location=Brasil&geoId=106057199&f_WT=1&position=1&start=0
2025-03-31 00:44:06,428 - src.scraping.linkedin_scraper_v2 - INFO - Cache saved with 120 entries
2025-03-31 00:44:06,428 - src.scraping.linkedin_scraper_v2 - SUCCESS - Successfully scraped 10 new IDs. 120 scraped in total.
2025-03-31 00:44:06,428 - src.scraping.linkedin_scraper_v2 - INFO - Cache saved with 120 entries
2025-03-31 00:44:06,428 - src.scraping.linkedin_scraper_v2 - INFO - Initializing scraping of 120 cached job IDs
2025-03-31 00:44:06,477 - src.scraping.linkedin_scraper_v2 - INFO - Found 1136 already processed jobs in data\raw\jobs_data.csv
2025-03-31 00:44:06,477 - src.scraping.linkedin_scraper_v2 - INFO - Skipping job ID 4187060561 - already in CSV file (1136 total)
2025-03-31 00:44:06,477 - src.scraping.linkedin_scraper_v2 - INFO - Request attempt 1 for https://www.linkedin.com/jobs-guest/jobs/api/jobPosting/4195409240?_l=pt_BR
2025-03-31 00:44:06,742 - src.scraping.linkedin_scraper_v2 - INFO - Processed job 4195409240, 118 remaining
2025-03-31 00:44:06,742 - src.scraping.linkedin_scraper_v2 - INFO - Skipping job ID 4142781980 - already in CSV file (1136 total)
2025-03-31 00:44:06,742 - src.scraping.linkedin_scraper_v2 - INFO - Skipping job ID 4189553004 - already in CSV file (1136 total)
2025-03-31 00:44:06,742 - src.scraping.linkedin_scraper_v2 - INFO - Skipping job ID 4193195407 - already in CSV file (1136 total)
2025-03-31 00:44:06,742 - src.scraping.linkedin_scraper_v2 - INFO - Skipping job ID 4175781800 - already in CSV file (1136 total)
2025-03-31 00:44:06,742 - src.scraping.linkedin_scraper_v2 - INFO - Skipping job ID 4188230342 - already in CSV file (1136 total)
2025-03-31 00:44:06,742 - src.scraping.linkedin_scraper_v2 - INFO - Skipping job ID 4193413664 - already in CSV file (1136 total)
2025-03-31 00:44:06,742 - src.scraping.linkedin_scraper_v2 - INFO - Skipping job ID 4179429367 - already in CSV file (1136 total)
2025-03-31 00:44:06,742 - src.scraping.linkedin_scraper_v2 - INFO - Skipping job ID 4184262596 - already in CSV file (1136 total)
2025-03-31 00:44:06,742 - src.scraping.linkedin_scraper_v2 - INFO - Skipping job ID 4190799837 - already in CSV file (1136 total)
2025-03-31 00:44:06,742 - src.scraping.linkedin_scraper_v2 - INFO - Skipping job ID 4184402161 - already in CSV file (1136 total)
2025-03-31 00:44:06,742 - src.scraping.linkedin_scraper_v2 - INFO - Skipping job ID 4191861882 - already in CSV file (1136 total)
2025-03-31 00:44:06,742 - src.scraping.linkedin_scraper_v2 - INFO - Skipping job ID 4190698080 - already in CSV file (1136 total)
2025-03-31 00:44:06,742 - src.scraping.linkedin_scraper_v2 - INFO - Skipping job ID 4193937509 - already in CSV file (1136 total)
2025-03-31 00:44:06,742 - src.scraping.linkedin_scraper_v2 - INFO - Skipping job ID 4184706997 - already in CSV file (1136 total)
2025-03-31 00:44:06,742 - src.scraping.linkedin_scraper_v2 - INFO - Skipping job ID 4194339373 - already in CSV file (1136 total)
2025-03-31 00:44:06,742 - src.scraping.linkedin_scraper_v2 - INFO - Skipping job ID 4194334967 - already in CSV file (1136 total)
2025-03-31 00:44:06,742 - src.scraping.linkedin_scraper_v2 - INFO - Skipping job ID 4190599819 - already in CSV file (1136 total)
2025-03-31 00:44:06,742 - src.scraping.linkedin_scraper_v2 - INFO - Skipping job ID 4170747725 - already in CSV file (1136 total)
2025-03-31 00:44:06,742 - src.scraping.linkedin_scraper_v2 - INFO - Skipping job ID 4192368356 - already in CSV file (1136 total)
2025-03-31 00:44:06,742 - src.scraping.linkedin_scraper_v2 - INFO - Skipping job ID 4178556407 - already in CSV file (1136 total)
2025-03-31 00:44:06,742 - src.scraping.linkedin_scraper_v2 - INFO - Skipping job ID 4158139218 - already in CSV file (1136 total)
2025-03-31 00:44:06,742 - src.scraping.linkedin_scraper_v2 - INFO - Skipping job ID 4189361874 - already in CSV file (1136 total)
2025-03-31 00:44:06,742 - src.scraping.linkedin_scraper_v2 - INFO - Request attempt 1 for https://www.linkedin.com/jobs-guest/jobs/api/jobPosting/4189926629?_l=pt_BR
2025-03-31 00:44:07,017 - src.scraping.linkedin_scraper_v2 - INFO - Processed job 4189926629, 95 remaining
2025-03-31 00:44:07,017 - src.scraping.linkedin_scraper_v2 - INFO - Skipping job ID 4194336658 - already in CSV file (1136 total)
2025-03-31 00:44:07,017 - src.scraping.linkedin_scraper_v2 - INFO - Skipping job ID 4191320637 - already in CSV file (1136 total)
2025-03-31 00:44:07,017 - src.scraping.linkedin_scraper_v2 - INFO - Skipping job ID 4184306637 - already in CSV file (1136 total)
2025-03-31 00:44:07,017 - src.scraping.linkedin_scraper_v2 - INFO - Request attempt 1 for https://www.linkedin.com/jobs-guest/jobs/api/jobPosting/4185704074?_l=pt_BR
2025-03-31 00:44:07,318 - src.scraping.linkedin_scraper_v2 - INFO - Processed job 4185704074, 91 remaining
2025-03-31 00:44:07,318 - src.scraping.linkedin_scraper_v2 - INFO - Skipping job ID 4188678287 - already in CSV file (1136 total)
2025-03-31 00:44:07,318 - src.scraping.linkedin_scraper_v2 - INFO - Skipping job ID 4195321662 - already in CSV file (1136 total)
2025-03-31 00:44:07,318 - src.scraping.linkedin_scraper_v2 - INFO - Skipping job ID 4167869097 - already in CSV file (1136 total)
2025-03-31 00:44:07,318 - src.scraping.linkedin_scraper_v2 - INFO - Skipping job ID 4142098937 - already in CSV file (1136 total)
2025-03-31 00:44:07,318 - src.scraping.linkedin_scraper_v2 - INFO - Skipping job ID 4153856219 - already in CSV file (1136 total)
2025-03-31 00:44:07,318 - src.scraping.linkedin_scraper_v2 - INFO - Skipping job ID 4159081209 - already in CSV file (1136 total)
2025-03-31 00:44:07,318 - src.scraping.linkedin_scraper_v2 - INFO - Skipping job ID 4184711760 - already in CSV file (1136 total)
2025-03-31 00:44:07,318 - src.scraping.linkedin_scraper_v2 - INFO - Skipping job ID 4157561866 - already in CSV file (1136 total)
2025-03-31 00:44:07,318 - src.scraping.linkedin_scraper_v2 - INFO - Skipping job ID 4188377974 - already in CSV file (1136 total)
2025-03-31 00:44:07,318 - src.scraping.linkedin_scraper_v2 - INFO - Skipping job ID 4195975934 - already in CSV file (1136 total)
2025-03-31 00:44:07,318 - src.scraping.linkedin_scraper_v2 - INFO - Skipping job ID 4192086521 - already in CSV file (1136 total)
2025-03-31 00:44:07,318 - src.scraping.linkedin_scraper_v2 - INFO - Skipping job ID 4150639806 - already in CSV file (1136 total)
2025-03-31 00:44:07,318 - src.scraping.linkedin_scraper_v2 - INFO - Skipping job ID 4193845782 - already in CSV file (1136 total)
2025-03-31 00:44:07,318 - src.scraping.linkedin_scraper_v2 - INFO - Skipping job ID 4187087618 - already in CSV file (1136 total)
2025-03-31 00:44:07,318 - src.scraping.linkedin_scraper_v2 - INFO - Skipping job ID 4180220639 - already in CSV file (1136 total)
2025-03-31 00:44:07,318 - src.scraping.linkedin_scraper_v2 - INFO - Request attempt 1 for https://www.linkedin.com/jobs-guest/jobs/api/jobPosting/4185246723?_l=pt_BR
2025-03-31 00:44:07,575 - src.scraping.linkedin_scraper_v2 - INFO - Processed job 4185246723, 75 remaining
2025-03-31 00:44:07,575 - src.scraping.linkedin_scraper_v2 - INFO - Skipping job ID 4151397196 - already in CSV file (1136 total)
2025-03-31 00:44:07,575 - src.scraping.linkedin_scraper_v2 - INFO - Skipping job ID 4181229923 - already in CSV file (1136 total)
2025-03-31 00:44:07,575 - src.scraping.linkedin_scraper_v2 - INFO - Skipping job ID 4183468144 - already in CSV file (1136 total)
2025-03-31 00:44:07,575 - src.scraping.linkedin_scraper_v2 - INFO - Request attempt 1 for https://www.linkedin.com/jobs-guest/jobs/api/jobPosting/4186797381?_l=pt_BR
2025-03-31 00:44:07,851 - src.scraping.linkedin_scraper_v2 - INFO - Processed job 4186797381, 71 remaining
2025-03-31 00:44:07,851 - src.scraping.linkedin_scraper_v2 - INFO - Request attempt 1 for https://www.linkedin.com/jobs-guest/jobs/api/jobPosting/4146796918?_l=pt_BR
2025-03-31 00:44:08,101 - src.scraping.linkedin_scraper_v2 - INFO - Processed job 4146796918, 70 remaining
2025-03-31 00:44:08,101 - src.scraping.linkedin_scraper_v2 - INFO - Skipping job ID 4194310805 - already in CSV file (1136 total)
2025-03-31 00:44:08,101 - src.scraping.linkedin_scraper_v2 - INFO - Skipping job ID 4188476630 - already in CSV file (1136 total)
2025-03-31 00:44:08,101 - src.scraping.linkedin_scraper_v2 - INFO - Skipping job ID 4188476625 - already in CSV file (1136 total)
2025-03-31 00:44:08,101 - src.scraping.linkedin_scraper_v2 - INFO - Skipping job ID 4192622816 - already in CSV file (1136 total)
2025-03-31 00:44:08,101 - src.scraping.linkedin_scraper_v2 - INFO - Skipping job ID 4165613200 - already in CSV file (1136 total)
2025-03-31 00:44:08,101 - src.scraping.linkedin_scraper_v2 - INFO - Skipping job ID 4180223348 - already in CSV file (1136 total)
2025-03-31 00:44:08,101 - src.scraping.linkedin_scraper_v2 - INFO - Skipping job ID 4188349579 - already in CSV file (1136 total)
2025-03-31 00:44:08,101 - src.scraping.linkedin_scraper_v2 - INFO - Skipping job ID 4190191646 - already in CSV file (1136 total)
2025-03-31 00:44:08,101 - src.scraping.linkedin_scraper_v2 - INFO - Skipping job ID 4180223347 - already in CSV file (1136 total)
2025-03-31 00:44:08,101 - src.scraping.linkedin_scraper_v2 - INFO - Skipping job ID 4188354307 - already in CSV file (1136 total)
2025-03-31 00:44:08,101 - src.scraping.linkedin_scraper_v2 - INFO - Skipping job ID 4186538629 - already in CSV file (1136 total)
2025-03-31 00:44:08,101 - src.scraping.linkedin_scraper_v2 - INFO - Skipping job ID 4195398600 - already in CSV file (1136 total)
2025-03-31 00:44:08,101 - src.scraping.linkedin_scraper_v2 - INFO - Request attempt 1 for https://www.linkedin.com/jobs-guest/jobs/api/jobPosting/4188221872?_l=pt_BR
2025-03-31 00:44:08,350 - src.scraping.linkedin_scraper_v2 - INFO - Processed job 4188221872, 57 remaining
2025-03-31 00:44:08,350 - src.scraping.linkedin_scraper_v2 - INFO - Request attempt 1 for https://www.linkedin.com/jobs-guest/jobs/api/jobPosting/4184989844?_l=pt_BR
2025-03-31 00:44:08,615 - src.scraping.linkedin_scraper_v2 - INFO - Processed job 4184989844, 56 remaining
2025-03-31 00:44:08,615 - src.scraping.linkedin_scraper_v2 - INFO - Request attempt 1 for https://www.linkedin.com/jobs-guest/jobs/api/jobPosting/4184996116?_l=pt_BR
2025-03-31 00:44:08,872 - src.scraping.linkedin_scraper_v2 - INFO - Processed job 4184996116, 55 remaining
2025-03-31 00:44:08,872 - src.scraping.linkedin_scraper_v2 - INFO - Request attempt 1 for https://www.linkedin.com/jobs-guest/jobs/api/jobPosting/3820426486?_l=pt_BR
2025-03-31 00:44:09,027 - src.scraping.linkedin_scraper_v2 - WARNING - Rate limited (429). Waiting 2.85s before retry...
2025-03-31 00:44:11,880 - src.scraping.linkedin_scraper_v2 - INFO - Request attempt 2 for https://www.linkedin.com/jobs-guest/jobs/api/jobPosting/3820426486?_l=pt_BR
2025-03-31 00:44:11,880 - src.scraping.linkedin_scraper_v2 - INFO - Changing headers for retry 2
2025-03-31 00:44:12,029 - src.scraping.linkedin_scraper_v2 - WARNING - Rate limited (429). Waiting 3.20s before retry...
2025-03-31 00:44:15,233 - src.scraping.linkedin_scraper_v2 - INFO - Request attempt 3 for https://www.linkedin.com/jobs-guest/jobs/api/jobPosting/3820426486?_l=pt_BR
2025-03-31 00:44:15,233 - src.scraping.linkedin_scraper_v2 - INFO - Changing headers for retry 3
2025-03-31 00:44:15,383 - src.scraping.linkedin_scraper_v2 - WARNING - Rate limited (429). Waiting 6.56s before retry...
2025-03-31 00:44:21,950 - src.scraping.linkedin_scraper_v2 - INFO - Request attempt 4 for https://www.linkedin.com/jobs-guest/jobs/api/jobPosting/3820426486?_l=pt_BR
2025-03-31 00:44:21,950 - src.scraping.linkedin_scraper_v2 - INFO - Changing headers for retry 4
2025-03-31 00:44:22,193 - src.scraping.linkedin_scraper_v2 - INFO - Cache saved with 968 entries
2025-03-31 00:44:22,201 - src.scraping.linkedin_scraper_v2 - INFO - Processed job 3820426486, 54 remaining
2025-03-31 00:44:22,201 - src.scraping.linkedin_scraper_v2 - INFO - Skipping job ID 4189677273 - already in CSV file (1136 total)
2025-03-31 00:44:22,201 - src.scraping.linkedin_scraper_v2 - INFO - Request attempt 1 for https://www.linkedin.com/jobs-guest/jobs/api/jobPosting/4142848851?_l=pt_BR
2025-03-31 00:44:22,451 - src.scraping.linkedin_scraper_v2 - INFO - Processed job 4142848851, 52 remaining
2025-03-31 00:44:22,451 - src.scraping.linkedin_scraper_v2 - INFO - Request attempt 1 for https://www.linkedin.com/jobs-guest/jobs/api/jobPosting/4191453549?_l=pt_BR
2025-03-31 00:44:22,718 - src.scraping.linkedin_scraper_v2 - INFO - Processed job 4191453549, 51 remaining
2025-03-31 00:44:22,718 - src.scraping.linkedin_scraper_v2 - INFO - Request attempt 1 for https://www.linkedin.com/jobs-guest/jobs/api/jobPosting/4191199602?_l=pt_BR
2025-03-31 00:44:22,976 - src.scraping.linkedin_scraper_v2 - INFO - Processed job 4191199602, 50 remaining
2025-03-31 00:44:22,976 - src.scraping.linkedin_scraper_v2 - INFO - Skipping job ID 4192115660 - already in CSV file (1136 total)
2025-03-31 00:44:22,976 - src.scraping.linkedin_scraper_v2 - INFO - Skipping job ID 4190161232 - already in CSV file (1136 total)
2025-03-31 00:44:22,976 - src.scraping.linkedin_scraper_v2 - INFO - Skipping job ID 4193611130 - already in CSV file (1136 total)
2025-03-31 00:44:22,976 - src.scraping.linkedin_scraper_v2 - INFO - Request attempt 1 for https://www.linkedin.com/jobs-guest/jobs/api/jobPosting/4184491404?_l=pt_BR
2025-03-31 00:44:23,227 - src.scraping.linkedin_scraper_v2 - INFO - Processed job 4184491404, 46 remaining
2025-03-31 00:44:23,228 - src.scraping.linkedin_scraper_v2 - INFO - Skipping job ID 4132218968 - already in CSV file (1136 total)
2025-03-31 00:44:23,228 - src.scraping.linkedin_scraper_v2 - INFO - Skipping job ID 4191831718 - already in CSV file (1136 total)
2025-03-31 00:44:23,228 - src.scraping.linkedin_scraper_v2 - INFO - Skipping job ID 4091540620 - already in CSV file (1136 total)
2025-03-31 00:44:23,228 - src.scraping.linkedin_scraper_v2 - INFO - Skipping job ID 4178527099 - already in CSV file (1136 total)
2025-03-31 00:44:23,228 - src.scraping.linkedin_scraper_v2 - INFO - Skipping job ID 4184487989 - already in CSV file (1136 total)
2025-03-31 00:44:23,228 - src.scraping.linkedin_scraper_v2 - INFO - Skipping job ID 4183109869 - already in CSV file (1136 total)
2025-03-31 00:44:23,228 - src.scraping.linkedin_scraper_v2 - INFO - Skipping job ID 4188476620 - already in CSV file (1136 total)
2025-03-31 00:44:23,229 - src.scraping.linkedin_scraper_v2 - INFO - Skipping job ID 4192783957 - already in CSV file (1136 total)
2025-03-31 00:44:23,229 - src.scraping.linkedin_scraper_v2 - INFO - Skipping job ID 4181480286 - already in CSV file (1136 total)
2025-03-31 00:44:23,229 - src.scraping.linkedin_scraper_v2 - INFO - Skipping job ID 4175784333 - already in CSV file (1136 total)
2025-03-31 00:44:23,229 - src.scraping.linkedin_scraper_v2 - INFO - Skipping job ID 4183446448 - already in CSV file (1136 total)
2025-03-31 00:44:23,229 - src.scraping.linkedin_scraper_v2 - INFO - Skipping job ID 4179629207 - already in CSV file (1136 total)
2025-03-31 00:44:23,229 - src.scraping.linkedin_scraper_v2 - INFO - Skipping job ID 4182138719 - already in CSV file (1136 total)
2025-03-31 00:44:23,229 - src.scraping.linkedin_scraper_v2 - INFO - Skipping job ID 4181748557 - already in CSV file (1136 total)
2025-03-31 00:44:23,229 - src.scraping.linkedin_scraper_v2 - INFO - Skipping job ID 4178671426 - already in CSV file (1136 total)
2025-03-31 00:44:23,229 - src.scraping.linkedin_scraper_v2 - INFO - Skipping job ID 4196107798 - already in CSV file (1136 total)
2025-03-31 00:44:23,229 - src.scraping.linkedin_scraper_v2 - INFO - Skipping job ID 4194391502 - already in CSV file (1136 total)
2025-03-31 00:44:23,230 - src.scraping.linkedin_scraper_v2 - INFO - Skipping job ID 4178299000 - already in CSV file (1136 total)
2025-03-31 00:44:23,230 - src.scraping.linkedin_scraper_v2 - INFO - Skipping job ID 4192775983 - already in CSV file (1136 total)
2025-03-31 00:44:23,230 - src.scraping.linkedin_scraper_v2 - INFO - Skipping job ID 4188300334 - already in CSV file (1136 total)
2025-03-31 00:44:23,230 - src.scraping.linkedin_scraper_v2 - INFO - Request attempt 1 for https://www.linkedin.com/jobs-guest/jobs/api/jobPosting/4183447221?_l=pt_BR
2025-03-31 00:44:23,493 - src.scraping.linkedin_scraper_v2 - INFO - Processed job 4183447221, 25 remaining
2025-03-31 00:44:23,493 - src.scraping.linkedin_scraper_v2 - INFO - Request attempt 1 for https://www.linkedin.com/jobs-guest/jobs/api/jobPosting/4187463720?_l=pt_BR
2025-03-31 00:44:23,744 - src.scraping.linkedin_scraper_v2 - INFO - Processed job 4187463720, 24 remaining
2025-03-31 00:44:23,744 - src.scraping.linkedin_scraper_v2 - INFO - Skipping job ID 4192792035 - already in CSV file (1136 total)
2025-03-31 00:44:23,744 - src.scraping.linkedin_scraper_v2 - INFO - Skipping job ID 4123360472 - already in CSV file (1136 total)
2025-03-31 00:44:23,744 - src.scraping.linkedin_scraper_v2 - INFO - Skipping job ID 4193018157 - already in CSV file (1136 total)
2025-03-31 00:44:23,744 - src.scraping.linkedin_scraper_v2 - INFO - Skipping job ID 4193409964 - already in CSV file (1136 total)
2025-03-31 00:44:23,745 - src.scraping.linkedin_scraper_v2 - INFO - Skipping job ID 4150644206 - already in CSV file (1136 total)
2025-03-31 00:44:23,745 - src.scraping.linkedin_scraper_v2 - INFO - Skipping job ID 4150286242 - already in CSV file (1136 total)
2025-03-31 00:44:23,745 - src.scraping.linkedin_scraper_v2 - INFO - Skipping job ID 4180219635 - already in CSV file (1136 total)
2025-03-31 00:44:23,745 - src.scraping.linkedin_scraper_v2 - INFO - Skipping job ID 4169347554 - already in CSV file (1136 total)
2025-03-31 00:44:23,745 - src.scraping.linkedin_scraper_v2 - INFO - Skipping job ID 4075018778 - already in CSV file (1136 total)
2025-03-31 00:44:23,746 - src.scraping.linkedin_scraper_v2 - INFO - Skipping job ID 4149731885 - already in CSV file (1136 total)
2025-03-31 00:44:23,746 - src.scraping.linkedin_scraper_v2 - INFO - Skipping job ID 4075025088 - already in CSV file (1136 total)
2025-03-31 00:44:23,746 - src.scraping.linkedin_scraper_v2 - INFO - Skipping job ID 4187888381 - already in CSV file (1136 total)
2025-03-31 00:44:23,746 - src.scraping.linkedin_scraper_v2 - INFO - Skipping job ID 4187544975 - already in CSV file (1136 total)
2025-03-31 00:44:23,746 - src.scraping.linkedin_scraper_v2 - INFO - Skipping job ID 4029841580 - already in CSV file (1136 total)
2025-03-31 00:44:23,746 - src.scraping.linkedin_scraper_v2 - INFO - Skipping job ID 4185677926 - already in CSV file (1136 total)
2025-03-31 00:44:23,746 - src.scraping.linkedin_scraper_v2 - INFO - Skipping job ID 4146772081 - already in CSV file (1136 total)
2025-03-31 00:44:23,746 - src.scraping.linkedin_scraper_v2 - INFO - Skipping job ID 4152258042 - already in CSV file (1136 total)
2025-03-31 00:44:23,747 - src.scraping.linkedin_scraper_v2 - INFO - Skipping job ID 4189220057 - already in CSV file (1136 total)
2025-03-31 00:44:23,747 - src.scraping.linkedin_scraper_v2 - INFO - Skipping job ID 4186563017 - already in CSV file (1136 total)
2025-03-31 00:44:23,747 - src.scraping.linkedin_scraper_v2 - INFO - Skipping job ID 4182151010 - already in CSV file (1136 total)
2025-03-31 00:44:23,747 - src.scraping.linkedin_scraper_v2 - INFO - Skipping job ID 4192442079 - already in CSV file (1136 total)
2025-03-31 00:44:23,747 - src.scraping.linkedin_scraper_v2 - INFO - Skipping job ID 4188511746 - already in CSV file (1136 total)
2025-03-31 00:44:23,747 - src.scraping.linkedin_scraper_v2 - INFO - Skipping job ID 4187001121 - already in CSV file (1136 total)
2025-03-31 00:44:23,747 - src.scraping.linkedin_scraper_v2 - INFO - Skipping job ID 4185696461 - already in CSV file (1136 total)
2025-03-31 00:44:23,762 - src.scraping.linkedin_scraper_v2 - INFO - Checkpoint: Appended 16 jobs to data\raw\jobs_data.csv
2025-03-31 00:44:23,762 - src.scraping.linkedin_scraper_v2 - SUCCESS - Added 16 new jobs. Total processed: 1152
2025-03-31 00:44:23,818 - src.scraping.linkedin_scraper_v2 - INFO - Cache saved with 974 entries
2025-03-31 00:44:23,818 - src.scraping.linkedin_scraper_v2 - INFO - Cache saved with 120 entries
