2025-03-30 22:07:55,674 - src.scraping.linkedin_scraper_v2 - INFO - Initializing scraping of 100 job IDs
2025-03-30 22:07:55,674 - src.scraping.linkedin_scraper_v2 - INFO - Request attempt 1 for https://www.linkedin.com/jobs-guest/jobs/api/seeMoreJobPostings/search?keywords=Dados&location=Brasil&geoId=106057199&f_WT=3&position=1&start=0
2025-03-30 22:07:57,190 - src.scraping.linkedin_scraper_v2 - INFO - Request attempt 1 for https://www.linkedin.com/jobs-guest/jobs/api/seeMoreJobPostings/search?keywords=Dados&location=Brasil&geoId=106057199&f_WT=2&position=1&start=10
2025-03-30 22:07:59,253 - src.scraping.linkedin_scraper_v2 - INFO - Request attempt 1 for https://www.linkedin.com/jobs-guest/jobs/api/seeMoreJobPostings/search?keywords=Dados&location=Brasil&geoId=106057199&f_WT=2&position=1&start=20
2025-03-30 22:08:01,333 - src.scraping.linkedin_scraper_v2 - INFO - Request attempt 1 for https://www.linkedin.com/jobs-guest/jobs/api/seeMoreJobPostings/search?keywords=Dados&location=Brasil&geoId=106057199&f_WT=1&position=1&start=30
2025-03-30 22:08:03,398 - src.scraping.linkedin_scraper_v2 - INFO - Request attempt 1 for https://www.linkedin.com/jobs-guest/jobs/api/seeMoreJobPostings/search?keywords=Dados&location=Brasil&geoId=106057199&f_WT=2&position=1&start=40
2025-03-30 22:08:04,816 - src.scraping.linkedin_scraper_v2 - INFO - Request attempt 1 for https://www.linkedin.com/jobs-guest/jobs/api/seeMoreJobPostings/search?keywords=Dados&location=Brasil&geoId=106057199&f_WT=3&position=1&start=50
2025-03-30 22:08:06,809 - src.scraping.linkedin_scraper_v2 - INFO - Request attempt 1 for https://www.linkedin.com/jobs-guest/jobs/api/seeMoreJobPostings/search?keywords=Dados&location=Brasil&geoId=106057199&f_WT=3&position=1&start=60
2025-03-30 22:08:08,199 - src.scraping.linkedin_scraper_v2 - INFO - Request attempt 1 for https://www.linkedin.com/jobs-guest/jobs/api/seeMoreJobPostings/search?keywords=Dados&location=Brasil&geoId=106057199&f_WT=1&position=1&start=70
2025-03-30 22:08:09,772 - src.scraping.linkedin_scraper_v2 - INFO - Request attempt 1 for https://www.linkedin.com/jobs-guest/jobs/api/seeMoreJobPostings/search?keywords=Dados&location=Brasil&geoId=106057199&f_WT=2&position=1&start=80
2025-03-30 22:08:11,151 - src.scraping.linkedin_scraper_v2 - INFO - Request attempt 1 for https://www.linkedin.com/jobs-guest/jobs/api/seeMoreJobPostings/search?keywords=Dados&location=Brasil&geoId=106057199&f_WT=2&position=1&start=90
2025-03-30 22:08:12,473 - src.scraping.linkedin_scraper_v2 - SUCCESS - Successfully scraped 100 IDs
2025-03-30 22:08:12,473 - src.scraping.linkedin_scraper_v2 - INFO - Initializing scraping of 100 job postings
2025-03-30 22:08:12,473 - src.scraping.linkedin_scraper_v2 - INFO - Request attempt 1 for https://www.linkedin.com/jobs-guest/jobs/api/jobPosting/4150644206?_l=pt_BR
2025-03-30 22:08:12,781 - src.scraping.linkedin_scraper_v2 - INFO - Processed job 4150644206, 99 remaining
2025-03-30 22:08:14,639 - src.scraping.linkedin_scraper_v2 - INFO - Request attempt 1 for https://www.linkedin.com/jobs-guest/jobs/api/jobPosting/4150286242?_l=pt_BR
2025-03-30 22:08:14,947 - src.scraping.linkedin_scraper_v2 - INFO - Processed job 4150286242, 98 remaining
2025-03-30 22:08:16,723 - src.scraping.linkedin_scraper_v2 - INFO - Request attempt 1 for https://www.linkedin.com/jobs-guest/jobs/api/jobPosting/4180219635?_l=pt_BR
2025-03-30 22:08:17,029 - src.scraping.linkedin_scraper_v2 - INFO - Processed job 4180219635, 97 remaining
2025-03-30 22:08:18,562 - src.scraping.linkedin_scraper_v2 - INFO - Request attempt 1 for https://www.linkedin.com/jobs-guest/jobs/api/jobPosting/4169347554?_l=pt_BR
2025-03-30 22:08:18,893 - src.scraping.linkedin_scraper_v2 - INFO - Processed job 4169347554, 96 remaining
2025-03-30 22:08:20,286 - src.scraping.linkedin_scraper_v2 - INFO - Request attempt 1 for https://www.linkedin.com/jobs-guest/jobs/api/jobPosting/4149731885?_l=pt_BR
2025-03-30 22:08:20,611 - src.scraping.linkedin_scraper_v2 - INFO - Processed job 4149731885, 95 remaining
2025-03-30 22:08:22,540 - src.scraping.linkedin_scraper_v2 - INFO - Request attempt 1 for https://www.linkedin.com/jobs-guest/jobs/api/jobPosting/4075025088?_l=pt_BR
2025-03-30 22:08:22,858 - src.scraping.linkedin_scraper_v2 - INFO - Processed job 4075025088, 94 remaining
2025-03-30 22:08:23,899 - src.scraping.linkedin_scraper_v2 - INFO - Request attempt 1 for https://www.linkedin.com/jobs-guest/jobs/api/jobPosting/4187888381?_l=pt_BR
2025-03-30 22:08:24,295 - src.scraping.linkedin_scraper_v2 - INFO - Processed job 4187888381, 93 remaining
2025-03-30 22:08:25,175 - src.scraping.linkedin_scraper_v2 - INFO - Request attempt 1 for https://www.linkedin.com/jobs-guest/jobs/api/jobPosting/4192438664?_l=pt_BR
2025-03-30 22:08:25,482 - src.scraping.linkedin_scraper_v2 - INFO - Processed job 4192438664, 92 remaining
2025-03-30 22:08:26,817 - src.scraping.linkedin_scraper_v2 - INFO - Request attempt 1 for https://www.linkedin.com/jobs-guest/jobs/api/jobPosting/4187544975?_l=pt_BR
2025-03-30 22:08:27,132 - src.scraping.linkedin_scraper_v2 - INFO - Processed job 4187544975, 91 remaining
2025-03-30 22:08:28,233 - src.scraping.linkedin_scraper_v2 - INFO - Request attempt 1 for https://www.linkedin.com/jobs-guest/jobs/api/jobPosting/4029841580?_l=pt_BR
2025-03-30 22:08:28,539 - src.scraping.linkedin_scraper_v2 - INFO - Cache saved with 10 entries
2025-03-30 22:08:28,539 - src.scraping.linkedin_scraper_v2 - INFO - Processed job 4029841580, 90 remaining
