2025-04-15 22:05:00,801 - __main__ - SUCCESS - Successfully initialized scraper.
2025-04-15 22:05:15,595 - __main__ - SUCCESS - Successfully fetched job data for 12 keywords and 3636949 job postings.
2025-04-15 22:05:15,595 - src.scraping.linkedin_scraper - INFO - Initializing scraping of 260046 job IDs for Analista de Dados
2025-04-15 22:05:15,595 - src.scraping.linkedin_scraper - INFO - Request attempt 1 for https://www.linkedin.com/jobs-guest/jobs/api/seeMoreJobPostings/search?keywords="Analista%20de%20Dados"&location=Brasil&geoId=106057199&f_WT=1&position=1&start=0
2025-04-15 22:05:16,430 - src.scraping.linkedin_scraper - INFO - Cache saved with 279 entries
2025-04-15 22:05:16,430 - src.scraping.linkedin_scraper - INFO - Request attempt 1 for https://www.linkedin.com/jobs-guest/jobs/api/seeMoreJobPostings/search?keywords="Analista%20de%20Dados"&location=Brasil&geoId=106057199&f_WT=1&position=1&start=10
2025-04-15 22:05:17,220 - src.scraping.linkedin_scraper - INFO - Cache saved with 280 entries
2025-04-15 22:05:17,220 - src.scraping.linkedin_scraper - INFO - Request attempt 1 for https://www.linkedin.com/jobs-guest/jobs/api/seeMoreJobPostings/search?keywords="Analista%20de%20Dados"&location=Brasil&geoId=106057199&f_WT=1&position=1&start=20
2025-04-15 22:05:18,017 - src.scraping.linkedin_scraper - INFO - Cache saved with 281 entries
2025-04-15 22:05:18,017 - src.scraping.linkedin_scraper - INFO - Request attempt 1 for https://www.linkedin.com/jobs-guest/jobs/api/seeMoreJobPostings/search?keywords="Analista%20de%20Dados"&location=Brasil&geoId=106057199&f_WT=1&position=1&start=30
2025-04-15 22:05:18,742 - src.scraping.linkedin_scraper - INFO - Cache saved with 283 entries
2025-04-15 22:05:18,742 - src.scraping.linkedin_scraper - INFO - Request attempt 1 for https://www.linkedin.com/jobs-guest/jobs/api/seeMoreJobPostings/search?keywords="Analista%20de%20Dados"&location=Brasil&geoId=106057199&f_WT=1&position=1&start=40
2025-04-15 22:05:19,516 - src.scraping.linkedin_scraper - INFO - Cache saved with 283 entries
2025-04-15 22:05:19,516 - src.scraping.linkedin_scraper - INFO - Request attempt 1 for https://www.linkedin.com/jobs-guest/jobs/api/seeMoreJobPostings/search?keywords="Analista%20de%20Dados"&location=Brasil&geoId=106057199&f_WT=1&position=1&start=50
2025-04-15 22:05:20,239 - src.scraping.linkedin_scraper - INFO - Cache saved with 285 entries
2025-04-15 22:05:20,239 - src.scraping.linkedin_scraper - INFO - Request attempt 1 for https://www.linkedin.com/jobs-guest/jobs/api/seeMoreJobPostings/search?keywords="Analista%20de%20Dados"&location=Brasil&geoId=106057199&f_WT=1&position=1&start=60
2025-04-15 22:05:21,039 - src.scraping.linkedin_scraper - INFO - Cache saved with 285 entries
2025-04-15 22:05:21,039 - src.scraping.linkedin_scraper - INFO - Request attempt 1 for https://www.linkedin.com/jobs-guest/jobs/api/seeMoreJobPostings/search?keywords="Analista%20de%20Dados"&location=Brasil&geoId=106057199&f_WT=1&position=1&start=70
2025-04-15 22:05:21,844 - src.scraping.linkedin_scraper - INFO - Cache saved with 287 entries
2025-04-15 22:05:21,844 - src.scraping.linkedin_scraper - INFO - Request attempt 1 for https://www.linkedin.com/jobs-guest/jobs/api/seeMoreJobPostings/search?keywords="Analista%20de%20Dados"&location=Brasil&geoId=106057199&f_WT=1&position=1&start=80
2025-04-15 22:05:22,568 - src.scraping.linkedin_scraper - INFO - Cache saved with 288 entries
2025-04-15 22:05:22,568 - src.scraping.linkedin_scraper - INFO - Request attempt 1 for https://www.linkedin.com/jobs-guest/jobs/api/seeMoreJobPostings/search?keywords="Analista%20de%20Dados"&location=Brasil&geoId=106057199&f_WT=1&position=1&start=90
2025-04-15 22:05:23,368 - src.scraping.linkedin_scraper - INFO - Cache saved with 288 entries
2025-04-15 22:05:23,368 - src.scraping.linkedin_scraper - INFO - Request attempt 1 for https://www.linkedin.com/jobs-guest/jobs/api/seeMoreJobPostings/search?keywords="Analista%20de%20Dados"&location=Brasil&geoId=106057199&f_WT=1&position=1&start=100
2025-04-15 22:05:24,357 - src.scraping.linkedin_scraper - INFO - Cache saved with 288 entries
2025-04-15 22:05:24,357 - src.scraping.linkedin_scraper - INFO - Request attempt 1 for https://www.linkedin.com/jobs-guest/jobs/api/seeMoreJobPostings/search?keywords="Analista%20de%20Dados"&location=Brasil&geoId=106057199&f_WT=1&position=1&start=110
2025-04-15 22:05:25,097 - src.scraping.linkedin_scraper - INFO - Cache saved with 290 entries
2025-04-15 22:05:25,097 - src.scraping.linkedin_scraper - INFO - Request attempt 1 for https://www.linkedin.com/jobs-guest/jobs/api/seeMoreJobPostings/search?keywords="Analista%20de%20Dados"&location=Brasil&geoId=106057199&f_WT=1&position=1&start=120
2025-04-15 22:05:25,298 - src.scraping.linkedin_scraper - WARNING - Rate limited (429). Waiting 2.23s before retry...
2025-04-15 22:05:27,525 - src.scraping.linkedin_scraper - INFO - Request attempt 2 for https://www.linkedin.com/jobs-guest/jobs/api/seeMoreJobPostings/search?keywords="Analista%20de%20Dados"&location=Brasil&geoId=106057199&f_WT=1&position=1&start=120
2025-04-15 22:05:27,525 - src.scraping.linkedin_scraper - INFO - Changing headers for retry 2
2025-04-15 22:05:27,711 - src.scraping.linkedin_scraper - WARNING - Rate limited (429). Waiting 3.03s before retry...
2025-04-15 22:05:30,747 - src.scraping.linkedin_scraper - INFO - Request attempt 3 for https://www.linkedin.com/jobs-guest/jobs/api/seeMoreJobPostings/search?keywords="Analista%20de%20Dados"&location=Brasil&geoId=106057199&f_WT=1&position=1&start=120
2025-04-15 22:05:30,747 - src.scraping.linkedin_scraper - INFO - Changing headers for retry 3
2025-04-15 22:05:31,648 - src.scraping.linkedin_scraper - INFO - Cache saved with 290 entries
2025-04-15 22:05:31,648 - src.scraping.linkedin_scraper - INFO - Request attempt 1 for https://www.linkedin.com/jobs-guest/jobs/api/seeMoreJobPostings/search?keywords="Analista%20de%20Dados"&location=Brasil&geoId=106057199&f_WT=1&position=1&start=130
2025-04-15 22:05:32,403 - src.scraping.linkedin_scraper - INFO - Cache saved with 292 entries
2025-04-15 22:05:32,403 - src.scraping.linkedin_scraper - INFO - Request attempt 1 for https://www.linkedin.com/jobs-guest/jobs/api/seeMoreJobPostings/search?keywords="Analista%20de%20Dados"&location=Brasil&geoId=106057199&f_WT=1&position=1&start=140
2025-04-15 22:05:33,176 - src.scraping.linkedin_scraper - INFO - Cache saved with 293 entries
2025-04-15 22:05:33,176 - src.scraping.linkedin_scraper - INFO - Request attempt 1 for https://www.linkedin.com/jobs-guest/jobs/api/seeMoreJobPostings/search?keywords="Analista%20de%20Dados"&location=Brasil&geoId=106057199&f_WT=1&position=1&start=150
2025-04-15 22:05:33,942 - src.scraping.linkedin_scraper - INFO - Cache saved with 295 entries
2025-04-15 22:05:33,942 - src.scraping.linkedin_scraper - INFO - Request attempt 1 for https://www.linkedin.com/jobs-guest/jobs/api/seeMoreJobPostings/search?keywords="Analista%20de%20Dados"&location=Brasil&geoId=106057199&f_WT=1&position=1&start=160
2025-04-15 22:05:34,712 - src.scraping.linkedin_scraper - INFO - Cache saved with 296 entries
2025-04-15 22:05:34,712 - src.scraping.linkedin_scraper - INFO - Request attempt 1 for https://www.linkedin.com/jobs-guest/jobs/api/seeMoreJobPostings/search?keywords="Analista%20de%20Dados"&location=Brasil&geoId=106057199&f_WT=1&position=1&start=170
2025-04-15 22:05:35,453 - src.scraping.linkedin_scraper - INFO - Cache saved with 299 entries
2025-04-15 22:05:35,453 - src.scraping.linkedin_scraper - INFO - Request attempt 1 for https://www.linkedin.com/jobs-guest/jobs/api/seeMoreJobPostings/search?keywords="Analista%20de%20Dados"&location=Brasil&geoId=106057199&f_WT=1&position=1&start=180
2025-04-15 22:05:36,243 - src.scraping.linkedin_scraper - INFO - Cache saved with 299 entries
2025-04-15 22:05:36,243 - src.scraping.linkedin_scraper - INFO - Request attempt 1 for https://www.linkedin.com/jobs-guest/jobs/api/seeMoreJobPostings/search?keywords="Analista%20de%20Dados"&location=Brasil&geoId=106057199&f_WT=1&position=1&start=190
2025-04-15 22:05:37,023 - src.scraping.linkedin_scraper - INFO - Cache saved with 301 entries
2025-04-15 22:05:37,023 - src.scraping.linkedin_scraper - INFO - Request attempt 1 for https://www.linkedin.com/jobs-guest/jobs/api/seeMoreJobPostings/search?keywords="Analista%20de%20Dados"&location=Brasil&geoId=106057199&f_WT=1&position=1&start=200
2025-04-15 22:05:37,788 - src.scraping.linkedin_scraper - INFO - Cache saved with 302 entries
2025-04-15 22:05:37,788 - src.scraping.linkedin_scraper - INFO - Request attempt 1 for https://www.linkedin.com/jobs-guest/jobs/api/seeMoreJobPostings/search?keywords="Analista%20de%20Dados"&location=Brasil&geoId=106057199&f_WT=1&position=1&start=210
2025-04-15 22:05:38,567 - src.scraping.linkedin_scraper - INFO - Cache saved with 305 entries
2025-04-15 22:05:38,567 - src.scraping.linkedin_scraper - INFO - Request attempt 1 for https://www.linkedin.com/jobs-guest/jobs/api/seeMoreJobPostings/search?keywords="Analista%20de%20Dados"&location=Brasil&geoId=106057199&f_WT=1&position=1&start=220
2025-04-15 22:05:38,758 - src.scraping.linkedin_scraper - WARNING - Rate limited (429). Waiting 3.28s before retry...
2025-04-15 22:05:40,747 - src.scraping.linkedin_scraper - INFO - Cache saved with 305 entries
