2025-03-30 22:15:32,054 - src.scraping.linkedin_scraper_v2 - INFO - Initializing scraping of 1000 job IDs
2025-03-30 22:15:32,055 - src.scraping.linkedin_scraper_v2 - INFO - Request attempt 1 for https://www.linkedin.com/jobs-guest/jobs/api/seeMoreJobPostings/search?keywords=Dados&location=Brasil&geoId=106057199&f_WT=3&position=1&start=0
2025-03-30 22:15:32,195 - src.scraping.linkedin_scraper_v2 - ERROR - Request failed on attempt 1: HTTPSConnectionPool(host='www.linkedin.com', port=443): Max retries exceeded with url: /jobs-guest/jobs/api/seeMoreJobPostings/search?keywords=Dados&location=Brasil&geoId=106057199&f_WT=3&position=1&start=0 (Caused by ProxyError('Unable to connect to proxy', NameResolutionError("<urllib3.connection.HTTPSConnection object at 0x00000280B4EDA330>: Failed to resolve 'br-proxy2.example.com' ([Errno 11001] getaddrinfo failed)")))
2025-03-30 22:15:32,195 - src.scraping.linkedin_scraper_v2 - INFO - Request attempt 2 for https://www.linkedin.com/jobs-guest/jobs/api/seeMoreJobPostings/search?keywords=Dados&location=Brasil&geoId=106057199&f_WT=3&position=1&start=0
2025-03-30 22:15:32,195 - src.scraping.linkedin_scraper_v2 - INFO - Changing headers and proxy for retry 2
2025-03-30 22:15:32,195 - src.scraping.linkedin_scraper_v2 - ERROR - Request failed on attempt 2: HTTPSConnectionPool(host='www.linkedin.com', port=443): Max retries exceeded with url: /jobs-guest/jobs/api/seeMoreJobPostings/search?keywords=Dados&location=Brasil&geoId=106057199&f_WT=3&position=1&start=0 (Caused by ProxyError('Unable to connect to proxy', NameResolutionError("<urllib3.connection.HTTPSConnection object at 0x00000280B663F4D0>: Failed to resolve 'br-proxy2.example.com' ([Errno 11001] getaddrinfo failed)")))
2025-03-30 22:15:32,195 - src.scraping.linkedin_scraper_v2 - INFO - Request attempt 3 for https://www.linkedin.com/jobs-guest/jobs/api/seeMoreJobPostings/search?keywords=Dados&location=Brasil&geoId=106057199&f_WT=3&position=1&start=0
2025-03-30 22:15:32,195 - src.scraping.linkedin_scraper_v2 - INFO - Changing headers and proxy for retry 3
2025-03-30 22:15:32,204 - src.scraping.linkedin_scraper_v2 - ERROR - Request failed on attempt 3: Missing dependencies for SOCKS support.
2025-03-30 22:15:32,204 - src.scraping.linkedin_scraper_v2 - INFO - Request attempt 4 for https://www.linkedin.com/jobs-guest/jobs/api/seeMoreJobPostings/search?keywords=Dados&location=Brasil&geoId=106057199&f_WT=3&position=1&start=0
2025-03-30 22:15:32,204 - src.scraping.linkedin_scraper_v2 - INFO - Changing headers and proxy for retry 4
2025-03-30 22:15:33,044 - src.scraping.linkedin_scraper_v2 - INFO - Request attempt 1 for https://www.linkedin.com/jobs-guest/jobs/api/seeMoreJobPostings/search?keywords=Dados&location=Brasil&geoId=106057199&f_WT=2&position=1&start=10
2025-03-30 22:15:33,044 - src.scraping.linkedin_scraper_v2 - ERROR - Request failed on attempt 1: Missing dependencies for SOCKS support.
2025-03-30 22:15:33,044 - src.scraping.linkedin_scraper_v2 - INFO - Request attempt 2 for https://www.linkedin.com/jobs-guest/jobs/api/seeMoreJobPostings/search?keywords=Dados&location=Brasil&geoId=106057199&f_WT=2&position=1&start=10
2025-03-30 22:15:33,044 - src.scraping.linkedin_scraper_v2 - INFO - Changing headers and proxy for retry 2
2025-03-30 22:15:33,195 - src.scraping.linkedin_scraper_v2 - ERROR - Request failed on attempt 2: HTTPSConnectionPool(host='www.linkedin.com', port=443): Max retries exceeded with url: /jobs-guest/jobs/api/seeMoreJobPostings/search?keywords=Dados&location=Brasil&geoId=106057199&f_WT=2&position=1&start=10 (Caused by ProxyError('Unable to connect to proxy', NameResolutionError("<urllib3.connection.HTTPSConnection object at 0x00000280B6CFB350>: Failed to resolve 'br-proxy1.example.com' ([Errno 11001] getaddrinfo failed)")))
2025-03-30 22:15:33,195 - src.scraping.linkedin_scraper_v2 - INFO - Request attempt 3 for https://www.linkedin.com/jobs-guest/jobs/api/seeMoreJobPostings/search?keywords=Dados&location=Brasil&geoId=106057199&f_WT=2&position=1&start=10
2025-03-30 22:15:33,195 - src.scraping.linkedin_scraper_v2 - INFO - Changing headers and proxy for retry 3
2025-03-30 22:15:33,195 - src.scraping.linkedin_scraper_v2 - ERROR - Request failed on attempt 3: HTTPSConnectionPool(host='www.linkedin.com', port=443): Max retries exceeded with url: /jobs-guest/jobs/api/seeMoreJobPostings/search?keywords=Dados&location=Brasil&geoId=106057199&f_WT=2&position=1&start=10 (Caused by ProxyError('Unable to connect to proxy', NameResolutionError("<urllib3.connection.HTTPSConnection object at 0x00000280B6C17290>: Failed to resolve 'br-proxy2.example.com' ([Errno 11001] getaddrinfo failed)")))
2025-03-30 22:15:33,195 - src.scraping.linkedin_scraper_v2 - INFO - Request attempt 4 for https://www.linkedin.com/jobs-guest/jobs/api/seeMoreJobPostings/search?keywords=Dados&location=Brasil&geoId=106057199&f_WT=2&position=1&start=10
2025-03-30 22:15:33,195 - src.scraping.linkedin_scraper_v2 - INFO - Changing headers and proxy for retry 4
2025-03-30 22:15:33,336 - src.scraping.linkedin_scraper_v2 - ERROR - Request failed on attempt 4: HTTPSConnectionPool(host='www.linkedin.com', port=443): Max retries exceeded with url: /jobs-guest/jobs/api/seeMoreJobPostings/search?keywords=Dados&location=Brasil&geoId=106057199&f_WT=2&position=1&start=10 (Caused by ProxyError('Unable to connect to proxy', NameResolutionError("<urllib3.connection.HTTPSConnection object at 0x00000280B60FEC30>: Failed to resolve 'br-proxy1.example.com' ([Errno 11001] getaddrinfo failed)")))
2025-03-30 22:15:33,336 - src.scraping.linkedin_scraper_v2 - INFO - Request attempt 5 for https://www.linkedin.com/jobs-guest/jobs/api/seeMoreJobPostings/search?keywords=Dados&location=Brasil&geoId=106057199&f_WT=2&position=1&start=10
2025-03-30 22:15:33,336 - src.scraping.linkedin_scraper_v2 - INFO - Changing headers and proxy for retry 5
2025-03-30 22:15:33,399 - src.scraping.linkedin_scraper_v2 - ERROR - Request failed on attempt 5: HTTPSConnectionPool(host='www.linkedin.com', port=443): Max retries exceeded with url: /jobs-guest/jobs/api/seeMoreJobPostings/search?keywords=Dados&location=Brasil&geoId=106057199&f_WT=2&position=1&start=10 (Caused by ProxyError('Unable to connect to proxy', NameResolutionError("<urllib3.connection.HTTPSConnection object at 0x00000280B6115D30>: Failed to resolve 'br-proxy1.example.com' ([Errno 11001] getaddrinfo failed)")))
2025-03-30 22:15:33,399 - src.scraping.linkedin_scraper_v2 - ERROR - All 5 retries failed for https://www.linkedin.com/jobs-guest/jobs/api/seeMoreJobPostings/search?keywords=Dados&location=Brasil&geoId=106057199&f_WT=2&position=1&start=10
2025-03-30 22:15:33,399 - src.scraping.linkedin_scraper_v2 - WARNING - Failed to fetch jobs at offset 10, skipping...
2025-03-30 22:15:33,399 - src.scraping.linkedin_scraper_v2 - INFO - Request attempt 1 for https://www.linkedin.com/jobs-guest/jobs/api/seeMoreJobPostings/search?keywords=Dados&location=Brasil&geoId=106057199&f_WT=3&position=1&start=20
2025-03-30 22:15:33,401 - src.scraping.linkedin_scraper_v2 - ERROR - Request failed on attempt 1: HTTPSConnectionPool(host='www.linkedin.com', port=443): Max retries exceeded with url: /jobs-guest/jobs/api/seeMoreJobPostings/search?keywords=Dados&location=Brasil&geoId=106057199&f_WT=3&position=1&start=20 (Caused by ProxyError('Unable to connect to proxy', NameResolutionError("<urllib3.connection.HTTPSConnection object at 0x00000280B63EE150>: Failed to resolve 'br-proxy2.example.com' ([Errno 11001] getaddrinfo failed)")))
2025-03-30 22:15:33,401 - src.scraping.linkedin_scraper_v2 - INFO - Request attempt 2 for https://www.linkedin.com/jobs-guest/jobs/api/seeMoreJobPostings/search?keywords=Dados&location=Brasil&geoId=106057199&f_WT=3&position=1&start=20
2025-03-30 22:15:33,401 - src.scraping.linkedin_scraper_v2 - INFO - Changing headers and proxy for retry 2
2025-03-30 22:15:33,401 - src.scraping.linkedin_scraper_v2 - ERROR - Request failed on attempt 2: Missing dependencies for SOCKS support.
2025-03-30 22:15:33,402 - src.scraping.linkedin_scraper_v2 - INFO - Request attempt 3 for https://www.linkedin.com/jobs-guest/jobs/api/seeMoreJobPostings/search?keywords=Dados&location=Brasil&geoId=106057199&f_WT=3&position=1&start=20
2025-03-30 22:15:33,402 - src.scraping.linkedin_scraper_v2 - INFO - Changing headers and proxy for retry 3
2025-03-30 22:15:33,403 - src.scraping.linkedin_scraper_v2 - ERROR - Request failed on attempt 3: HTTPSConnectionPool(host='www.linkedin.com', port=443): Max retries exceeded with url: /jobs-guest/jobs/api/seeMoreJobPostings/search?keywords=Dados&location=Brasil&geoId=106057199&f_WT=3&position=1&start=20 (Caused by ProxyError('Unable to connect to proxy', NameResolutionError("<urllib3.connection.HTTPSConnection object at 0x00000280B6CF45C0>: Failed to resolve 'br-proxy2.example.com' ([Errno 11001] getaddrinfo failed)")))
2025-03-30 22:15:33,403 - src.scraping.linkedin_scraper_v2 - INFO - Request attempt 4 for https://www.linkedin.com/jobs-guest/jobs/api/seeMoreJobPostings/search?keywords=Dados&location=Brasil&geoId=106057199&f_WT=3&position=1&start=20
2025-03-30 22:15:33,403 - src.scraping.linkedin_scraper_v2 - INFO - Changing headers and proxy for retry 4
2025-03-30 22:15:33,486 - src.scraping.linkedin_scraper_v2 - ERROR - Request failed on attempt 4: HTTPSConnectionPool(host='www.linkedin.com', port=443): Max retries exceeded with url: /jobs-guest/jobs/api/seeMoreJobPostings/search?keywords=Dados&location=Brasil&geoId=106057199&f_WT=3&position=1&start=20 (Caused by ProxyError('Unable to connect to proxy', NameResolutionError("<urllib3.connection.HTTPSConnection object at 0x00000280B6CF4F50>: Failed to resolve 'br-proxy1.example.com' ([Errno 11001] getaddrinfo failed)")))
2025-03-30 22:15:33,486 - src.scraping.linkedin_scraper_v2 - INFO - Request attempt 5 for https://www.linkedin.com/jobs-guest/jobs/api/seeMoreJobPostings/search?keywords=Dados&location=Brasil&geoId=106057199&f_WT=3&position=1&start=20
2025-03-30 22:15:33,486 - src.scraping.linkedin_scraper_v2 - INFO - Changing headers and proxy for retry 5
2025-03-30 22:15:33,486 - src.scraping.linkedin_scraper_v2 - ERROR - Request failed on attempt 5: Missing dependencies for SOCKS support.
2025-03-30 22:15:33,486 - src.scraping.linkedin_scraper_v2 - ERROR - All 5 retries failed for https://www.linkedin.com/jobs-guest/jobs/api/seeMoreJobPostings/search?keywords=Dados&location=Brasil&geoId=106057199&f_WT=3&position=1&start=20
2025-03-30 22:15:33,486 - src.scraping.linkedin_scraper_v2 - WARNING - Failed to fetch jobs at offset 20, skipping...
2025-03-30 22:15:33,486 - src.scraping.linkedin_scraper_v2 - INFO - Request attempt 1 for https://www.linkedin.com/jobs-guest/jobs/api/seeMoreJobPostings/search?keywords=Dados&location=Brasil&geoId=106057199&f_WT=1&position=1&start=30
2025-03-30 22:15:34,255 - src.scraping.linkedin_scraper_v2 - INFO - Request attempt 1 for https://www.linkedin.com/jobs-guest/jobs/api/seeMoreJobPostings/search?keywords=Dados&location=Brasil&geoId=106057199&f_WT=3&position=1&start=40
2025-03-30 22:15:34,934 - src.scraping.linkedin_scraper_v2 - INFO - Request attempt 1 for https://www.linkedin.com/jobs-guest/jobs/api/seeMoreJobPostings/search?keywords=Dados&location=Brasil&geoId=106057199&f_WT=2&position=1&start=50
2025-03-30 22:15:34,934 - src.scraping.linkedin_scraper_v2 - ERROR - Request failed on attempt 1: Missing dependencies for SOCKS support.
2025-03-30 22:15:34,934 - src.scraping.linkedin_scraper_v2 - INFO - Request attempt 2 for https://www.linkedin.com/jobs-guest/jobs/api/seeMoreJobPostings/search?keywords=Dados&location=Brasil&geoId=106057199&f_WT=2&position=1&start=50
2025-03-30 22:15:34,934 - src.scraping.linkedin_scraper_v2 - INFO - Changing headers and proxy for retry 2
2025-03-30 22:15:35,082 - src.scraping.linkedin_scraper_v2 - ERROR - Request failed on attempt 2: HTTPSConnectionPool(host='www.linkedin.com', port=443): Max retries exceeded with url: /jobs-guest/jobs/api/seeMoreJobPostings/search?keywords=Dados&location=Brasil&geoId=106057199&f_WT=2&position=1&start=50 (Caused by ProxyError('Unable to connect to proxy', NameResolutionError("<urllib3.connection.HTTPSConnection object at 0x00000280B6DB80E0>: Failed to resolve 'br-proxy3.example.com' ([Errno 11001] getaddrinfo failed)")))
2025-03-30 22:15:35,082 - src.scraping.linkedin_scraper_v2 - INFO - Request attempt 3 for https://www.linkedin.com/jobs-guest/jobs/api/seeMoreJobPostings/search?keywords=Dados&location=Brasil&geoId=106057199&f_WT=2&position=1&start=50
2025-03-30 22:15:35,082 - src.scraping.linkedin_scraper_v2 - INFO - Changing headers and proxy for retry 3
2025-03-30 22:15:35,083 - src.scraping.linkedin_scraper_v2 - ERROR - Request failed on attempt 3: HTTPSConnectionPool(host='www.linkedin.com', port=443): Max retries exceeded with url: /jobs-guest/jobs/api/seeMoreJobPostings/search?keywords=Dados&location=Brasil&geoId=106057199&f_WT=2&position=1&start=50 (Caused by ProxyError('Unable to connect to proxy', NameResolutionError("<urllib3.connection.HTTPSConnection object at 0x00000280B6DB8740>: Failed to resolve 'br-proxy2.example.com' ([Errno 11001] getaddrinfo failed)")))
2025-03-30 22:15:35,083 - src.scraping.linkedin_scraper_v2 - INFO - Request attempt 4 for https://www.linkedin.com/jobs-guest/jobs/api/seeMoreJobPostings/search?keywords=Dados&location=Brasil&geoId=106057199&f_WT=2&position=1&start=50
2025-03-30 22:15:35,083 - src.scraping.linkedin_scraper_v2 - INFO - Changing headers and proxy for retry 4
2025-03-30 22:15:35,234 - src.scraping.linkedin_scraper_v2 - ERROR - Request failed on attempt 4: HTTPSConnectionPool(host='www.linkedin.com', port=443): Max retries exceeded with url: /jobs-guest/jobs/api/seeMoreJobPostings/search?keywords=Dados&location=Brasil&geoId=106057199&f_WT=2&position=1&start=50 (Caused by ProxyError('Unable to connect to proxy', NameResolutionError("<urllib3.connection.HTTPSConnection object at 0x00000280B6DB85C0>: Failed to resolve 'br-proxy3.example.com' ([Errno 11001] getaddrinfo failed)")))
2025-03-30 22:15:35,234 - src.scraping.linkedin_scraper_v2 - INFO - Request attempt 5 for https://www.linkedin.com/jobs-guest/jobs/api/seeMoreJobPostings/search?keywords=Dados&location=Brasil&geoId=106057199&f_WT=2&position=1&start=50
2025-03-30 22:15:35,236 - src.scraping.linkedin_scraper_v2 - INFO - Changing headers and proxy for retry 5
2025-03-30 22:15:35,386 - src.scraping.linkedin_scraper_v2 - ERROR - Request failed on attempt 5: HTTPSConnectionPool(host='www.linkedin.com', port=443): Max retries exceeded with url: /jobs-guest/jobs/api/seeMoreJobPostings/search?keywords=Dados&location=Brasil&geoId=106057199&f_WT=2&position=1&start=50 (Caused by ProxyError('Unable to connect to proxy', NameResolutionError("<urllib3.connection.HTTPSConnection object at 0x00000280B6DB87D0>: Failed to resolve 'br-proxy3.example.com' ([Errno 11001] getaddrinfo failed)")))
2025-03-30 22:15:35,386 - src.scraping.linkedin_scraper_v2 - ERROR - All 5 retries failed for https://www.linkedin.com/jobs-guest/jobs/api/seeMoreJobPostings/search?keywords=Dados&location=Brasil&geoId=106057199&f_WT=2&position=1&start=50
2025-03-30 22:15:35,386 - src.scraping.linkedin_scraper_v2 - WARNING - Failed to fetch jobs at offset 50, skipping...
2025-03-30 22:15:35,386 - src.scraping.linkedin_scraper_v2 - INFO - Request attempt 1 for https://www.linkedin.com/jobs-guest/jobs/api/seeMoreJobPostings/search?keywords=Dados&location=Brasil&geoId=106057199&f_WT=2&position=1&start=60
2025-03-30 22:15:35,439 - src.scraping.linkedin_scraper_v2 - ERROR - Request failed on attempt 1: HTTPSConnectionPool(host='www.linkedin.com', port=443): Max retries exceeded with url: /jobs-guest/jobs/api/seeMoreJobPostings/search?keywords=Dados&location=Brasil&geoId=106057199&f_WT=2&position=1&start=60 (Caused by ProxyError('Unable to connect to proxy', NameResolutionError("<urllib3.connection.HTTPSConnection object at 0x00000280B6DA58B0>: Failed to resolve 'br-proxy1.example.com' ([Errno 11001] getaddrinfo failed)")))
2025-03-30 22:15:35,439 - src.scraping.linkedin_scraper_v2 - INFO - Request attempt 2 for https://www.linkedin.com/jobs-guest/jobs/api/seeMoreJobPostings/search?keywords=Dados&location=Brasil&geoId=106057199&f_WT=2&position=1&start=60
2025-03-30 22:15:35,439 - src.scraping.linkedin_scraper_v2 - INFO - Changing headers and proxy for retry 2
2025-03-30 22:15:36,155 - src.scraping.linkedin_scraper_v2 - INFO - Request attempt 1 for https://www.linkedin.com/jobs-guest/jobs/api/seeMoreJobPostings/search?keywords=Dados&location=Brasil&geoId=106057199&f_WT=3&position=1&start=70
2025-03-30 22:15:36,811 - src.scraping.linkedin_scraper_v2 - INFO - Request attempt 1 for https://www.linkedin.com/jobs-guest/jobs/api/seeMoreJobPostings/search?keywords=Dados&location=Brasil&geoId=106057199&f_WT=3&position=1&start=80
2025-03-30 22:15:36,858 - src.scraping.linkedin_scraper_v2 - ERROR - Request failed on attempt 1: HTTPSConnectionPool(host='www.linkedin.com', port=443): Max retries exceeded with url: /jobs-guest/jobs/api/seeMoreJobPostings/search?keywords=Dados&location=Brasil&geoId=106057199&f_WT=3&position=1&start=80 (Caused by ProxyError('Unable to connect to proxy', NameResolutionError("<urllib3.connection.HTTPSConnection object at 0x00000280B6CF5CD0>: Failed to resolve 'br-proxy2.example.com' ([Errno 11001] getaddrinfo failed)")))
2025-03-30 22:15:36,858 - src.scraping.linkedin_scraper_v2 - INFO - Request attempt 2 for https://www.linkedin.com/jobs-guest/jobs/api/seeMoreJobPostings/search?keywords=Dados&location=Brasil&geoId=106057199&f_WT=3&position=1&start=80
2025-03-30 22:15:36,859 - src.scraping.linkedin_scraper_v2 - INFO - Changing headers and proxy for retry 2
2025-03-30 22:15:36,859 - src.scraping.linkedin_scraper_v2 - ERROR - Request failed on attempt 2: Missing dependencies for SOCKS support.
2025-03-30 22:15:36,859 - src.scraping.linkedin_scraper_v2 - INFO - Request attempt 3 for https://www.linkedin.com/jobs-guest/jobs/api/seeMoreJobPostings/search?keywords=Dados&location=Brasil&geoId=106057199&f_WT=3&position=1&start=80
2025-03-30 22:15:36,860 - src.scraping.linkedin_scraper_v2 - INFO - Changing headers and proxy for retry 3
2025-03-30 22:15:36,881 - src.scraping.linkedin_scraper_v2 - ERROR - Request failed on attempt 3: HTTPSConnectionPool(host='www.linkedin.com', port=443): Max retries exceeded with url: /jobs-guest/jobs/api/seeMoreJobPostings/search?keywords=Dados&location=Brasil&geoId=106057199&f_WT=3&position=1&start=80 (Caused by ProxyError('Unable to connect to proxy', NameResolutionError("<urllib3.connection.HTTPSConnection object at 0x00000280B6DB9310>: Failed to resolve 'br-proxy1.example.com' ([Errno 11001] getaddrinfo failed)")))
2025-03-30 22:15:36,881 - src.scraping.linkedin_scraper_v2 - INFO - Request attempt 4 for https://www.linkedin.com/jobs-guest/jobs/api/seeMoreJobPostings/search?keywords=Dados&location=Brasil&geoId=106057199&f_WT=3&position=1&start=80
2025-03-30 22:15:36,881 - src.scraping.linkedin_scraper_v2 - INFO - Changing headers and proxy for retry 4
2025-03-30 22:15:37,599 - src.scraping.linkedin_scraper_v2 - INFO - Request attempt 1 for https://www.linkedin.com/jobs-guest/jobs/api/seeMoreJobPostings/search?keywords=Dados&location=Brasil&geoId=106057199&f_WT=1&position=1&start=90
2025-03-30 22:15:37,599 - src.scraping.linkedin_scraper_v2 - ERROR - Request failed on attempt 1: Missing dependencies for SOCKS support.
2025-03-30 22:15:37,599 - src.scraping.linkedin_scraper_v2 - INFO - Request attempt 2 for https://www.linkedin.com/jobs-guest/jobs/api/seeMoreJobPostings/search?keywords=Dados&location=Brasil&geoId=106057199&f_WT=1&position=1&start=90
2025-03-30 22:15:37,602 - src.scraping.linkedin_scraper_v2 - INFO - Changing headers and proxy for retry 2
2025-03-30 22:15:37,602 - src.scraping.linkedin_scraper_v2 - ERROR - Request failed on attempt 2: Missing dependencies for SOCKS support.
2025-03-30 22:15:37,602 - src.scraping.linkedin_scraper_v2 - INFO - Request attempt 3 for https://www.linkedin.com/jobs-guest/jobs/api/seeMoreJobPostings/search?keywords=Dados&location=Brasil&geoId=106057199&f_WT=1&position=1&start=90
2025-03-30 22:15:37,602 - src.scraping.linkedin_scraper_v2 - INFO - Changing headers and proxy for retry 3
2025-03-30 22:15:37,686 - src.scraping.linkedin_scraper_v2 - ERROR - Request failed on attempt 3: HTTPSConnectionPool(host='www.linkedin.com', port=443): Max retries exceeded with url: /jobs-guest/jobs/api/seeMoreJobPostings/search?keywords=Dados&location=Brasil&geoId=106057199&f_WT=1&position=1&start=90 (Caused by ProxyError('Unable to connect to proxy', NameResolutionError("<urllib3.connection.HTTPSConnection object at 0x00000280B6DCAD80>: Failed to resolve 'br-proxy1.example.com' ([Errno 11001] getaddrinfo failed)")))
2025-03-30 22:15:37,686 - src.scraping.linkedin_scraper_v2 - INFO - Request attempt 4 for https://www.linkedin.com/jobs-guest/jobs/api/seeMoreJobPostings/search?keywords=Dados&location=Brasil&geoId=106057199&f_WT=1&position=1&start=90
2025-03-30 22:15:37,686 - src.scraping.linkedin_scraper_v2 - INFO - Changing headers and proxy for retry 4
2025-03-30 22:15:37,715 - src.scraping.linkedin_scraper_v2 - ERROR - Request failed on attempt 4: HTTPSConnectionPool(host='www.linkedin.com', port=443): Max retries exceeded with url: /jobs-guest/jobs/api/seeMoreJobPostings/search?keywords=Dados&location=Brasil&geoId=106057199&f_WT=1&position=1&start=90 (Caused by ProxyError('Unable to connect to proxy', NameResolutionError("<urllib3.connection.HTTPSConnection object at 0x00000280B6DCB230>: Failed to resolve 'br-proxy2.example.com' ([Errno 11001] getaddrinfo failed)")))
2025-03-30 22:15:37,716 - src.scraping.linkedin_scraper_v2 - INFO - Request attempt 5 for https://www.linkedin.com/jobs-guest/jobs/api/seeMoreJobPostings/search?keywords=Dados&location=Brasil&geoId=106057199&f_WT=1&position=1&start=90
2025-03-30 22:15:37,716 - src.scraping.linkedin_scraper_v2 - INFO - Changing headers and proxy for retry 5
2025-03-30 22:15:37,919 - src.scraping.linkedin_scraper_v2 - ERROR - Request failed on attempt 5: HTTPSConnectionPool(host='www.linkedin.com', port=443): Max retries exceeded with url: /jobs-guest/jobs/api/seeMoreJobPostings/search?keywords=Dados&location=Brasil&geoId=106057199&f_WT=1&position=1&start=90 (Caused by ProxyError('Unable to connect to proxy', NameResolutionError("<urllib3.connection.HTTPSConnection object at 0x00000280B6DCB710>: Failed to resolve 'br-proxy3.example.com' ([Errno 11001] getaddrinfo failed)")))
2025-03-30 22:15:37,919 - src.scraping.linkedin_scraper_v2 - ERROR - All 5 retries failed for https://www.linkedin.com/jobs-guest/jobs/api/seeMoreJobPostings/search?keywords=Dados&location=Brasil&geoId=106057199&f_WT=1&position=1&start=90
2025-03-30 22:15:37,919 - src.scraping.linkedin_scraper_v2 - WARNING - Failed to fetch jobs at offset 90, skipping...
2025-03-30 22:15:37,919 - src.scraping.linkedin_scraper_v2 - INFO - Request attempt 1 for https://www.linkedin.com/jobs-guest/jobs/api/seeMoreJobPostings/search?keywords=Dados&location=Brasil&geoId=106057199&f_WT=1&position=1&start=100
2025-03-30 22:15:38,144 - src.scraping.linkedin_scraper_v2 - WARNING - Rate limited (429). Waiting 3.00s before retry...
2025-03-30 22:15:41,147 - src.scraping.linkedin_scraper_v2 - INFO - Request attempt 2 for https://www.linkedin.com/jobs-guest/jobs/api/seeMoreJobPostings/search?keywords=Dados&location=Brasil&geoId=106057199&f_WT=1&position=1&start=100
2025-03-30 22:15:41,147 - src.scraping.linkedin_scraper_v2 - INFO - Changing headers and proxy for retry 2
2025-03-30 22:15:41,148 - src.scraping.linkedin_scraper_v2 - ERROR - Request failed on attempt 2: Missing dependencies for SOCKS support.
2025-03-30 22:15:41,148 - src.scraping.linkedin_scraper_v2 - INFO - Request attempt 3 for https://www.linkedin.com/jobs-guest/jobs/api/seeMoreJobPostings/search?keywords=Dados&location=Brasil&geoId=106057199&f_WT=1&position=1&start=100
2025-03-30 22:15:41,148 - src.scraping.linkedin_scraper_v2 - INFO - Changing headers and proxy for retry 3
2025-03-30 22:15:41,894 - src.scraping.linkedin_scraper_v2 - INFO - Request attempt 1 for https://www.linkedin.com/jobs-guest/jobs/api/seeMoreJobPostings/search?keywords=Dados&location=Brasil&geoId=106057199&f_WT=3&position=1&start=110
2025-03-30 22:15:41,945 - src.scraping.linkedin_scraper_v2 - ERROR - Request failed on attempt 1: HTTPSConnectionPool(host='www.linkedin.com', port=443): Max retries exceeded with url: /jobs-guest/jobs/api/seeMoreJobPostings/search?keywords=Dados&location=Brasil&geoId=106057199&f_WT=3&position=1&start=110 (Caused by ProxyError('Unable to connect to proxy', NameResolutionError("<urllib3.connection.HTTPSConnection object at 0x00000280B6DD1B50>: Failed to resolve 'br-proxy1.example.com' ([Errno 11001] getaddrinfo failed)")))
2025-03-30 22:15:41,945 - src.scraping.linkedin_scraper_v2 - INFO - Request attempt 2 for https://www.linkedin.com/jobs-guest/jobs/api/seeMoreJobPostings/search?keywords=Dados&location=Brasil&geoId=106057199&f_WT=3&position=1&start=110
2025-03-30 22:15:41,945 - src.scraping.linkedin_scraper_v2 - INFO - Changing headers and proxy for retry 2
2025-03-30 22:15:41,945 - src.scraping.linkedin_scraper_v2 - ERROR - Request failed on attempt 2: Missing dependencies for SOCKS support.
2025-03-30 22:15:41,945 - src.scraping.linkedin_scraper_v2 - INFO - Request attempt 3 for https://www.linkedin.com/jobs-guest/jobs/api/seeMoreJobPostings/search?keywords=Dados&location=Brasil&geoId=106057199&f_WT=3&position=1&start=110
2025-03-30 22:15:41,945 - src.scraping.linkedin_scraper_v2 - INFO - Changing headers and proxy for retry 3
2025-03-30 22:15:42,094 - src.scraping.linkedin_scraper_v2 - ERROR - Request failed on attempt 3: HTTPSConnectionPool(host='www.linkedin.com', port=443): Max retries exceeded with url: /jobs-guest/jobs/api/seeMoreJobPostings/search?keywords=Dados&location=Brasil&geoId=106057199&f_WT=3&position=1&start=110 (Caused by ProxyError('Unable to connect to proxy', NameResolutionError("<urllib3.connection.HTTPSConnection object at 0x00000280B6DD21B0>: Failed to resolve 'br-proxy2.example.com' ([Errno 11001] getaddrinfo failed)")))
2025-03-30 22:15:42,094 - src.scraping.linkedin_scraper_v2 - INFO - Request attempt 4 for https://www.linkedin.com/jobs-guest/jobs/api/seeMoreJobPostings/search?keywords=Dados&location=Brasil&geoId=106057199&f_WT=3&position=1&start=110
2025-03-30 22:15:42,094 - src.scraping.linkedin_scraper_v2 - INFO - Changing headers and proxy for retry 4
2025-03-30 22:15:42,154 - src.scraping.linkedin_scraper_v2 - ERROR - Request failed on attempt 4: HTTPSConnectionPool(host='www.linkedin.com', port=443): Max retries exceeded with url: /jobs-guest/jobs/api/seeMoreJobPostings/search?keywords=Dados&location=Brasil&geoId=106057199&f_WT=3&position=1&start=110 (Caused by ProxyError('Unable to connect to proxy', NameResolutionError("<urllib3.connection.HTTPSConnection object at 0x00000280B6DD1D00>: Failed to resolve 'br-proxy3.example.com' ([Errno 11001] getaddrinfo failed)")))
2025-03-30 22:15:42,154 - src.scraping.linkedin_scraper_v2 - INFO - Request attempt 5 for https://www.linkedin.com/jobs-guest/jobs/api/seeMoreJobPostings/search?keywords=Dados&location=Brasil&geoId=106057199&f_WT=3&position=1&start=110
2025-03-30 22:15:42,154 - src.scraping.linkedin_scraper_v2 - INFO - Changing headers and proxy for retry 5
2025-03-30 22:15:42,184 - src.scraping.linkedin_scraper_v2 - ERROR - Request failed on attempt 5: HTTPSConnectionPool(host='www.linkedin.com', port=443): Max retries exceeded with url: /jobs-guest/jobs/api/seeMoreJobPostings/search?keywords=Dados&location=Brasil&geoId=106057199&f_WT=3&position=1&start=110 (Caused by ProxyError('Unable to connect to proxy', NameResolutionError("<urllib3.connection.HTTPSConnection object at 0x00000280B6DD1E20>: Failed to resolve 'br-proxy2.example.com' ([Errno 11001] getaddrinfo failed)")))
2025-03-30 22:15:42,184 - src.scraping.linkedin_scraper_v2 - ERROR - All 5 retries failed for https://www.linkedin.com/jobs-guest/jobs/api/seeMoreJobPostings/search?keywords=Dados&location=Brasil&geoId=106057199&f_WT=3&position=1&start=110
2025-03-30 22:15:42,185 - src.scraping.linkedin_scraper_v2 - WARNING - Failed to fetch jobs at offset 110, skipping...
2025-03-30 22:15:42,185 - src.scraping.linkedin_scraper_v2 - INFO - Request attempt 1 for https://www.linkedin.com/jobs-guest/jobs/api/seeMoreJobPostings/search?keywords=Dados&location=Brasil&geoId=106057199&f_WT=2&position=1&start=120
2025-03-30 22:15:42,207 - src.scraping.linkedin_scraper_v2 - ERROR - Request failed on attempt 1: HTTPSConnectionPool(host='www.linkedin.com', port=443): Max retries exceeded with url: /jobs-guest/jobs/api/seeMoreJobPostings/search?keywords=Dados&location=Brasil&geoId=106057199&f_WT=2&position=1&start=120 (Caused by ProxyError('Unable to connect to proxy', NameResolutionError("<urllib3.connection.HTTPSConnection object at 0x00000280B6BCA510>: Failed to resolve 'br-proxy1.example.com' ([Errno 11001] getaddrinfo failed)")))
2025-03-30 22:15:42,207 - src.scraping.linkedin_scraper_v2 - INFO - Request attempt 2 for https://www.linkedin.com/jobs-guest/jobs/api/seeMoreJobPostings/search?keywords=Dados&location=Brasil&geoId=106057199&f_WT=2&position=1&start=120
2025-03-30 22:15:42,207 - src.scraping.linkedin_scraper_v2 - INFO - Changing headers and proxy for retry 2
2025-03-30 22:15:42,228 - src.scraping.linkedin_scraper_v2 - ERROR - Request failed on attempt 2: HTTPSConnectionPool(host='www.linkedin.com', port=443): Max retries exceeded with url: /jobs-guest/jobs/api/seeMoreJobPostings/search?keywords=Dados&location=Brasil&geoId=106057199&f_WT=2&position=1&start=120 (Caused by ProxyError('Unable to connect to proxy', NameResolutionError("<urllib3.connection.HTTPSConnection object at 0x00000280B6DCB9E0>: Failed to resolve 'br-proxy1.example.com' ([Errno 11001] getaddrinfo failed)")))
2025-03-30 22:15:42,228 - src.scraping.linkedin_scraper_v2 - INFO - Request attempt 3 for https://www.linkedin.com/jobs-guest/jobs/api/seeMoreJobPostings/search?keywords=Dados&location=Brasil&geoId=106057199&f_WT=2&position=1&start=120
2025-03-30 22:15:42,228 - src.scraping.linkedin_scraper_v2 - INFO - Changing headers and proxy for retry 3
2025-03-30 22:15:42,228 - src.scraping.linkedin_scraper_v2 - ERROR - Request failed on attempt 3: HTTPSConnectionPool(host='www.linkedin.com', port=443): Max retries exceeded with url: /jobs-guest/jobs/api/seeMoreJobPostings/search?keywords=Dados&location=Brasil&geoId=106057199&f_WT=2&position=1&start=120 (Caused by ProxyError('Unable to connect to proxy', NameResolutionError("<urllib3.connection.HTTPSConnection object at 0x00000280B6DD1940>: Failed to resolve 'br-proxy3.example.com' ([Errno 11001] getaddrinfo failed)")))
2025-03-30 22:15:42,228 - src.scraping.linkedin_scraper_v2 - INFO - Request attempt 4 for https://www.linkedin.com/jobs-guest/jobs/api/seeMoreJobPostings/search?keywords=Dados&location=Brasil&geoId=106057199&f_WT=2&position=1&start=120
2025-03-30 22:15:42,228 - src.scraping.linkedin_scraper_v2 - INFO - Changing headers and proxy for retry 4
2025-03-30 22:15:42,285 - src.scraping.linkedin_scraper_v2 - ERROR - Request failed on attempt 4: HTTPSConnectionPool(host='www.linkedin.com', port=443): Max retries exceeded with url: /jobs-guest/jobs/api/seeMoreJobPostings/search?keywords=Dados&location=Brasil&geoId=106057199&f_WT=2&position=1&start=120 (Caused by ProxyError('Unable to connect to proxy', NameResolutionError("<urllib3.connection.HTTPSConnection object at 0x00000280B6DD2090>: Failed to resolve 'br-proxy2.example.com' ([Errno 11001] getaddrinfo failed)")))
2025-03-30 22:15:42,285 - src.scraping.linkedin_scraper_v2 - INFO - Request attempt 5 for https://www.linkedin.com/jobs-guest/jobs/api/seeMoreJobPostings/search?keywords=Dados&location=Brasil&geoId=106057199&f_WT=2&position=1&start=120
2025-03-30 22:15:42,285 - src.scraping.linkedin_scraper_v2 - INFO - Changing headers and proxy for retry 5
2025-03-30 22:15:42,934 - src.scraping.linkedin_scraper_v2 - INFO - Request attempt 1 for https://www.linkedin.com/jobs-guest/jobs/api/seeMoreJobPostings/search?keywords=Dados&location=Brasil&geoId=106057199&f_WT=2&position=1&start=130
2025-03-30 22:15:42,934 - src.scraping.linkedin_scraper_v2 - ERROR - Request failed on attempt 1: Missing dependencies for SOCKS support.
2025-03-30 22:15:42,934 - src.scraping.linkedin_scraper_v2 - INFO - Request attempt 2 for https://www.linkedin.com/jobs-guest/jobs/api/seeMoreJobPostings/search?keywords=Dados&location=Brasil&geoId=106057199&f_WT=2&position=1&start=130
2025-03-30 22:15:42,934 - src.scraping.linkedin_scraper_v2 - INFO - Changing headers and proxy for retry 2
2025-03-30 22:15:42,934 - src.scraping.linkedin_scraper_v2 - ERROR - Request failed on attempt 2: HTTPSConnectionPool(host='www.linkedin.com', port=443): Max retries exceeded with url: /jobs-guest/jobs/api/seeMoreJobPostings/search?keywords=Dados&location=Brasil&geoId=106057199&f_WT=2&position=1&start=130 (Caused by ProxyError('Unable to connect to proxy', NameResolutionError("<urllib3.connection.HTTPSConnection object at 0x00000280B6D59EE0>: Failed to resolve 'br-proxy3.example.com' ([Errno 11001] getaddrinfo failed)")))
2025-03-30 22:15:42,934 - src.scraping.linkedin_scraper_v2 - INFO - Request attempt 3 for https://www.linkedin.com/jobs-guest/jobs/api/seeMoreJobPostings/search?keywords=Dados&location=Brasil&geoId=106057199&f_WT=2&position=1&start=130
2025-03-30 22:15:42,934 - src.scraping.linkedin_scraper_v2 - INFO - Changing headers and proxy for retry 3
2025-03-30 22:15:43,004 - src.scraping.linkedin_scraper_v2 - ERROR - Request failed on attempt 3: HTTPSConnectionPool(host='www.linkedin.com', port=443): Max retries exceeded with url: /jobs-guest/jobs/api/seeMoreJobPostings/search?keywords=Dados&location=Brasil&geoId=106057199&f_WT=2&position=1&start=130 (Caused by ProxyError('Unable to connect to proxy', NameResolutionError("<urllib3.connection.HTTPSConnection object at 0x00000280B6D5A330>: Failed to resolve 'br-proxy2.example.com' ([Errno 11001] getaddrinfo failed)")))
2025-03-30 22:15:43,004 - src.scraping.linkedin_scraper_v2 - INFO - Request attempt 4 for https://www.linkedin.com/jobs-guest/jobs/api/seeMoreJobPostings/search?keywords=Dados&location=Brasil&geoId=106057199&f_WT=2&position=1&start=130
2025-03-30 22:15:43,004 - src.scraping.linkedin_scraper_v2 - INFO - Changing headers and proxy for retry 4
2025-03-30 22:15:43,005 - src.scraping.linkedin_scraper_v2 - ERROR - Request failed on attempt 4: Missing dependencies for SOCKS support.
2025-03-30 22:15:43,005 - src.scraping.linkedin_scraper_v2 - INFO - Request attempt 5 for https://www.linkedin.com/jobs-guest/jobs/api/seeMoreJobPostings/search?keywords=Dados&location=Brasil&geoId=106057199&f_WT=2&position=1&start=130
2025-03-30 22:15:43,005 - src.scraping.linkedin_scraper_v2 - INFO - Changing headers and proxy for retry 5
2025-03-30 22:15:43,006 - src.scraping.linkedin_scraper_v2 - ERROR - Request failed on attempt 5: HTTPSConnectionPool(host='www.linkedin.com', port=443): Max retries exceeded with url: /jobs-guest/jobs/api/seeMoreJobPostings/search?keywords=Dados&location=Brasil&geoId=106057199&f_WT=2&position=1&start=130 (Caused by ProxyError('Unable to connect to proxy', NameResolutionError("<urllib3.connection.HTTPSConnection object at 0x00000280B6D5A6C0>: Failed to resolve 'br-proxy3.example.com' ([Errno 11001] getaddrinfo failed)")))
2025-03-30 22:15:43,006 - src.scraping.linkedin_scraper_v2 - ERROR - All 5 retries failed for https://www.linkedin.com/jobs-guest/jobs/api/seeMoreJobPostings/search?keywords=Dados&location=Brasil&geoId=106057199&f_WT=2&position=1&start=130
2025-03-30 22:15:43,006 - src.scraping.linkedin_scraper_v2 - WARNING - Failed to fetch jobs at offset 130, skipping...
2025-03-30 22:15:43,006 - src.scraping.linkedin_scraper_v2 - INFO - Request attempt 1 for https://www.linkedin.com/jobs-guest/jobs/api/seeMoreJobPostings/search?keywords=Dados&location=Brasil&geoId=106057199&f_WT=1&position=1&start=140
2025-03-30 22:15:43,094 - src.scraping.linkedin_scraper_v2 - ERROR - Request failed on attempt 1: HTTPSConnectionPool(host='www.linkedin.com', port=443): Max retries exceeded with url: /jobs-guest/jobs/api/seeMoreJobPostings/search?keywords=Dados&location=Brasil&geoId=106057199&f_WT=1&position=1&start=140 (Caused by ProxyError('Unable to connect to proxy', NameResolutionError("<urllib3.connection.HTTPSConnection object at 0x00000280B6DCBE00>: Failed to resolve 'br-proxy1.example.com' ([Errno 11001] getaddrinfo failed)")))
2025-03-30 22:15:43,094 - src.scraping.linkedin_scraper_v2 - INFO - Request attempt 2 for https://www.linkedin.com/jobs-guest/jobs/api/seeMoreJobPostings/search?keywords=Dados&location=Brasil&geoId=106057199&f_WT=1&position=1&start=140
2025-03-30 22:15:43,094 - src.scraping.linkedin_scraper_v2 - INFO - Changing headers and proxy for retry 2
2025-03-30 22:15:43,514 - src.scraping.linkedin_scraper_v2 - WARNING - Rate limited (429). Waiting 3.99s before retry...
2025-03-30 22:15:47,518 - src.scraping.linkedin_scraper_v2 - INFO - Request attempt 3 for https://www.linkedin.com/jobs-guest/jobs/api/seeMoreJobPostings/search?keywords=Dados&location=Brasil&geoId=106057199&f_WT=1&position=1&start=140
2025-03-30 22:15:47,518 - src.scraping.linkedin_scraper_v2 - INFO - Changing headers and proxy for retry 3
2025-03-30 22:15:47,538 - src.scraping.linkedin_scraper_v2 - ERROR - Request failed on attempt 3: HTTPSConnectionPool(host='www.linkedin.com', port=443): Max retries exceeded with url: /jobs-guest/jobs/api/seeMoreJobPostings/search?keywords=Dados&location=Brasil&geoId=106057199&f_WT=1&position=1&start=140 (Caused by ProxyError('Unable to connect to proxy', NameResolutionError("<urllib3.connection.HTTPSConnection object at 0x00000280B6D5A300>: Failed to resolve 'br-proxy2.example.com' ([Errno 11001] getaddrinfo failed)")))
2025-03-30 22:15:47,538 - src.scraping.linkedin_scraper_v2 - INFO - Request attempt 4 for https://www.linkedin.com/jobs-guest/jobs/api/seeMoreJobPostings/search?keywords=Dados&location=Brasil&geoId=106057199&f_WT=1&position=1&start=140
2025-03-30 22:15:47,538 - src.scraping.linkedin_scraper_v2 - INFO - Changing headers and proxy for retry 4
2025-03-30 22:15:47,569 - src.scraping.linkedin_scraper_v2 - ERROR - Request failed on attempt 4: HTTPSConnectionPool(host='www.linkedin.com', port=443): Max retries exceeded with url: /jobs-guest/jobs/api/seeMoreJobPostings/search?keywords=Dados&location=Brasil&geoId=106057199&f_WT=1&position=1&start=140 (Caused by ProxyError('Unable to connect to proxy', NameResolutionError("<urllib3.connection.HTTPSConnection object at 0x00000280B6D5B140>: Failed to resolve 'br-proxy3.example.com' ([Errno 11001] getaddrinfo failed)")))
2025-03-30 22:15:47,569 - src.scraping.linkedin_scraper_v2 - INFO - Request attempt 5 for https://www.linkedin.com/jobs-guest/jobs/api/seeMoreJobPostings/search?keywords=Dados&location=Brasil&geoId=106057199&f_WT=1&position=1&start=140
2025-03-30 22:15:47,570 - src.scraping.linkedin_scraper_v2 - INFO - Changing headers and proxy for retry 5
2025-03-30 22:15:47,590 - src.scraping.linkedin_scraper_v2 - ERROR - Request failed on attempt 5: HTTPSConnectionPool(host='www.linkedin.com', port=443): Max retries exceeded with url: /jobs-guest/jobs/api/seeMoreJobPostings/search?keywords=Dados&location=Brasil&geoId=106057199&f_WT=1&position=1&start=140 (Caused by ProxyError('Unable to connect to proxy', NameResolutionError("<urllib3.connection.HTTPSConnection object at 0x00000280B6DD2CF0>: Failed to resolve 'br-proxy1.example.com' ([Errno 11001] getaddrinfo failed)")))
2025-03-30 22:15:47,590 - src.scraping.linkedin_scraper_v2 - ERROR - All 5 retries failed for https://www.linkedin.com/jobs-guest/jobs/api/seeMoreJobPostings/search?keywords=Dados&location=Brasil&geoId=106057199&f_WT=1&position=1&start=140
2025-03-30 22:15:47,590 - src.scraping.linkedin_scraper_v2 - WARNING - Failed to fetch jobs at offset 140, skipping...
2025-03-30 22:15:47,590 - src.scraping.linkedin_scraper_v2 - INFO - Request attempt 1 for https://www.linkedin.com/jobs-guest/jobs/api/seeMoreJobPostings/search?keywords=Dados&location=Brasil&geoId=106057199&f_WT=1&position=1&start=150
2025-03-30 22:15:47,596 - src.scraping.linkedin_scraper_v2 - ERROR - Request failed on attempt 1: HTTPSConnectionPool(host='www.linkedin.com', port=443): Max retries exceeded with url: /jobs-guest/jobs/api/seeMoreJobPostings/search?keywords=Dados&location=Brasil&geoId=106057199&f_WT=1&position=1&start=150 (Caused by ProxyError('Unable to connect to proxy', NameResolutionError("<urllib3.connection.HTTPSConnection object at 0x00000280B6DD2E10>: Failed to resolve 'br-proxy1.example.com' ([Errno 11001] getaddrinfo failed)")))
2025-03-30 22:15:47,596 - src.scraping.linkedin_scraper_v2 - INFO - Request attempt 2 for https://www.linkedin.com/jobs-guest/jobs/api/seeMoreJobPostings/search?keywords=Dados&location=Brasil&geoId=106057199&f_WT=1&position=1&start=150
2025-03-30 22:15:47,596 - src.scraping.linkedin_scraper_v2 - INFO - Changing headers and proxy for retry 2
2025-03-30 22:15:47,598 - src.scraping.linkedin_scraper_v2 - ERROR - Request failed on attempt 2: HTTPSConnectionPool(host='www.linkedin.com', port=443): Max retries exceeded with url: /jobs-guest/jobs/api/seeMoreJobPostings/search?keywords=Dados&location=Brasil&geoId=106057199&f_WT=1&position=1&start=150 (Caused by ProxyError('Unable to connect to proxy', NameResolutionError("<urllib3.connection.HTTPSConnection object at 0x00000280B6DD24E0>: Failed to resolve 'br-proxy2.example.com' ([Errno 11001] getaddrinfo failed)")))
2025-03-30 22:15:47,598 - src.scraping.linkedin_scraper_v2 - INFO - Request attempt 3 for https://www.linkedin.com/jobs-guest/jobs/api/seeMoreJobPostings/search?keywords=Dados&location=Brasil&geoId=106057199&f_WT=1&position=1&start=150
2025-03-30 22:15:47,598 - src.scraping.linkedin_scraper_v2 - INFO - Changing headers and proxy for retry 3
2025-03-30 22:15:48,415 - src.scraping.linkedin_scraper_v2 - INFO - Request attempt 1 for https://www.linkedin.com/jobs-guest/jobs/api/seeMoreJobPostings/search?keywords=Dados&location=Brasil&geoId=106057199&f_WT=1&position=1&start=160
2025-03-30 22:15:48,415 - src.scraping.linkedin_scraper_v2 - ERROR - Request failed on attempt 1: HTTPSConnectionPool(host='www.linkedin.com', port=443): Max retries exceeded with url: /jobs-guest/jobs/api/seeMoreJobPostings/search?keywords=Dados&location=Brasil&geoId=106057199&f_WT=1&position=1&start=160 (Caused by ProxyError('Unable to connect to proxy', NameResolutionError("<urllib3.connection.HTTPSConnection object at 0x00000280B6DC9E50>: Failed to resolve 'br-proxy2.example.com' ([Errno 11001] getaddrinfo failed)")))
2025-03-30 22:15:48,415 - src.scraping.linkedin_scraper_v2 - INFO - Request attempt 2 for https://www.linkedin.com/jobs-guest/jobs/api/seeMoreJobPostings/search?keywords=Dados&location=Brasil&geoId=106057199&f_WT=1&position=1&start=160
2025-03-30 22:15:48,415 - src.scraping.linkedin_scraper_v2 - INFO - Changing headers and proxy for retry 2
2025-03-30 22:15:48,415 - src.scraping.linkedin_scraper_v2 - ERROR - Request failed on attempt 2: HTTPSConnectionPool(host='www.linkedin.com', port=443): Max retries exceeded with url: /jobs-guest/jobs/api/seeMoreJobPostings/search?keywords=Dados&location=Brasil&geoId=106057199&f_WT=1&position=1&start=160 (Caused by ProxyError('Unable to connect to proxy', NameResolutionError("<urllib3.connection.HTTPSConnection object at 0x00000280B6DCA0C0>: Failed to resolve 'br-proxy2.example.com' ([Errno 11001] getaddrinfo failed)")))
2025-03-30 22:15:48,415 - src.scraping.linkedin_scraper_v2 - INFO - Request attempt 3 for https://www.linkedin.com/jobs-guest/jobs/api/seeMoreJobPostings/search?keywords=Dados&location=Brasil&geoId=106057199&f_WT=1&position=1&start=160
2025-03-30 22:15:48,415 - src.scraping.linkedin_scraper_v2 - INFO - Changing headers and proxy for retry 3
2025-03-30 22:15:49,241 - src.scraping.linkedin_scraper_v2 - INFO - Request attempt 1 for https://www.linkedin.com/jobs-guest/jobs/api/seeMoreJobPostings/search?keywords=Dados&location=Brasil&geoId=106057199&f_WT=2&position=1&start=170
2025-03-30 22:15:49,244 - src.scraping.linkedin_scraper_v2 - ERROR - Request failed on attempt 1: Missing dependencies for SOCKS support.
2025-03-30 22:15:49,244 - src.scraping.linkedin_scraper_v2 - INFO - Request attempt 2 for https://www.linkedin.com/jobs-guest/jobs/api/seeMoreJobPostings/search?keywords=Dados&location=Brasil&geoId=106057199&f_WT=2&position=1&start=170
2025-03-30 22:15:49,244 - src.scraping.linkedin_scraper_v2 - INFO - Changing headers and proxy for retry 2
2025-03-30 22:15:49,303 - src.scraping.linkedin_scraper_v2 - ERROR - Request failed on attempt 2: HTTPSConnectionPool(host='www.linkedin.com', port=443): Max retries exceeded with url: /jobs-guest/jobs/api/seeMoreJobPostings/search?keywords=Dados&location=Brasil&geoId=106057199&f_WT=2&position=1&start=170 (Caused by ProxyError('Unable to connect to proxy', NameResolutionError("<urllib3.connection.HTTPSConnection object at 0x00000280B6CF57C0>: Failed to resolve 'br-proxy1.example.com' ([Errno 11001] getaddrinfo failed)")))
2025-03-30 22:15:49,304 - src.scraping.linkedin_scraper_v2 - INFO - Request attempt 3 for https://www.linkedin.com/jobs-guest/jobs/api/seeMoreJobPostings/search?keywords=Dados&location=Brasil&geoId=106057199&f_WT=2&position=1&start=170
2025-03-30 22:15:49,304 - src.scraping.linkedin_scraper_v2 - INFO - Changing headers and proxy for retry 3
2025-03-30 22:15:49,305 - src.scraping.linkedin_scraper_v2 - ERROR - Request failed on attempt 3: HTTPSConnectionPool(host='www.linkedin.com', port=443): Max retries exceeded with url: /jobs-guest/jobs/api/seeMoreJobPostings/search?keywords=Dados&location=Brasil&geoId=106057199&f_WT=2&position=1&start=170 (Caused by ProxyError('Unable to connect to proxy', NameResolutionError("<urllib3.connection.HTTPSConnection object at 0x00000280B6CF5580>: Failed to resolve 'br-proxy3.example.com' ([Errno 11001] getaddrinfo failed)")))
2025-03-30 22:15:49,305 - src.scraping.linkedin_scraper_v2 - INFO - Request attempt 4 for https://www.linkedin.com/jobs-guest/jobs/api/seeMoreJobPostings/search?keywords=Dados&location=Brasil&geoId=106057199&f_WT=2&position=1&start=170
2025-03-30 22:15:49,305 - src.scraping.linkedin_scraper_v2 - INFO - Changing headers and proxy for retry 4
2025-03-30 22:15:49,306 - src.scraping.linkedin_scraper_v2 - ERROR - Request failed on attempt 4: HTTPSConnectionPool(host='www.linkedin.com', port=443): Max retries exceeded with url: /jobs-guest/jobs/api/seeMoreJobPostings/search?keywords=Dados&location=Brasil&geoId=106057199&f_WT=2&position=1&start=170 (Caused by ProxyError('Unable to connect to proxy', NameResolutionError("<urllib3.connection.HTTPSConnection object at 0x00000280B6CF6AE0>: Failed to resolve 'br-proxy2.example.com' ([Errno 11001] getaddrinfo failed)")))
2025-03-30 22:15:49,306 - src.scraping.linkedin_scraper_v2 - INFO - Request attempt 5 for https://www.linkedin.com/jobs-guest/jobs/api/seeMoreJobPostings/search?keywords=Dados&location=Brasil&geoId=106057199&f_WT=2&position=1&start=170
2025-03-30 22:15:49,306 - src.scraping.linkedin_scraper_v2 - INFO - Changing headers and proxy for retry 5
2025-03-30 22:15:49,307 - src.scraping.linkedin_scraper_v2 - ERROR - Request failed on attempt 5: HTTPSConnectionPool(host='www.linkedin.com', port=443): Max retries exceeded with url: /jobs-guest/jobs/api/seeMoreJobPostings/search?keywords=Dados&location=Brasil&geoId=106057199&f_WT=2&position=1&start=170 (Caused by ProxyError('Unable to connect to proxy', NameResolutionError("<urllib3.connection.HTTPSConnection object at 0x00000280B6CF6A50>: Failed to resolve 'br-proxy2.example.com' ([Errno 11001] getaddrinfo failed)")))
2025-03-30 22:15:49,307 - src.scraping.linkedin_scraper_v2 - ERROR - All 5 retries failed for https://www.linkedin.com/jobs-guest/jobs/api/seeMoreJobPostings/search?keywords=Dados&location=Brasil&geoId=106057199&f_WT=2&position=1&start=170
2025-03-30 22:15:49,307 - src.scraping.linkedin_scraper_v2 - WARNING - Failed to fetch jobs at offset 170, skipping...
2025-03-30 22:15:49,307 - src.scraping.linkedin_scraper_v2 - INFO - Request attempt 1 for https://www.linkedin.com/jobs-guest/jobs/api/seeMoreJobPostings/search?keywords=Dados&location=Brasil&geoId=106057199&f_WT=3&position=1&start=180
2025-03-30 22:15:49,308 - src.scraping.linkedin_scraper_v2 - ERROR - Request failed on attempt 1: Missing dependencies for SOCKS support.
2025-03-30 22:15:49,308 - src.scraping.linkedin_scraper_v2 - INFO - Request attempt 2 for https://www.linkedin.com/jobs-guest/jobs/api/seeMoreJobPostings/search?keywords=Dados&location=Brasil&geoId=106057199&f_WT=3&position=1&start=180
2025-03-30 22:15:49,308 - src.scraping.linkedin_scraper_v2 - INFO - Changing headers and proxy for retry 2
2025-03-30 22:15:49,309 - src.scraping.linkedin_scraper_v2 - ERROR - Request failed on attempt 2: Missing dependencies for SOCKS support.
2025-03-30 22:15:49,309 - src.scraping.linkedin_scraper_v2 - INFO - Request attempt 3 for https://www.linkedin.com/jobs-guest/jobs/api/seeMoreJobPostings/search?keywords=Dados&location=Brasil&geoId=106057199&f_WT=3&position=1&start=180
2025-03-30 22:15:49,309 - src.scraping.linkedin_scraper_v2 - INFO - Changing headers and proxy for retry 3
2025-03-30 22:15:49,404 - src.scraping.linkedin_scraper_v2 - ERROR - Request failed on attempt 3: HTTPSConnectionPool(host='www.linkedin.com', port=443): Max retries exceeded with url: /jobs-guest/jobs/api/seeMoreJobPostings/search?keywords=Dados&location=Brasil&geoId=106057199&f_WT=3&position=1&start=180 (Caused by ProxyError('Unable to connect to proxy', NameResolutionError("<urllib3.connection.HTTPSConnection object at 0x00000280B6DC9250>: Failed to resolve 'br-proxy1.example.com' ([Errno 11001] getaddrinfo failed)")))
2025-03-30 22:15:49,404 - src.scraping.linkedin_scraper_v2 - INFO - Request attempt 4 for https://www.linkedin.com/jobs-guest/jobs/api/seeMoreJobPostings/search?keywords=Dados&location=Brasil&geoId=106057199&f_WT=3&position=1&start=180
2025-03-30 22:15:49,404 - src.scraping.linkedin_scraper_v2 - INFO - Changing headers and proxy for retry 4
2025-03-30 22:15:49,422 - src.scraping.linkedin_scraper_v2 - ERROR - Request failed on attempt 4: HTTPSConnectionPool(host='www.linkedin.com', port=443): Max retries exceeded with url: /jobs-guest/jobs/api/seeMoreJobPostings/search?keywords=Dados&location=Brasil&geoId=106057199&f_WT=3&position=1&start=180 (Caused by ProxyError('Unable to connect to proxy', NameResolutionError("<urllib3.connection.HTTPSConnection object at 0x00000280B6DC9550>: Failed to resolve 'br-proxy1.example.com' ([Errno 11001] getaddrinfo failed)")))
2025-03-30 22:15:49,422 - src.scraping.linkedin_scraper_v2 - INFO - Request attempt 5 for https://www.linkedin.com/jobs-guest/jobs/api/seeMoreJobPostings/search?keywords=Dados&location=Brasil&geoId=106057199&f_WT=3&position=1&start=180
2025-03-30 22:15:49,422 - src.scraping.linkedin_scraper_v2 - INFO - Changing headers and proxy for retry 5
2025-03-30 22:15:49,423 - src.scraping.linkedin_scraper_v2 - ERROR - Request failed on attempt 5: Missing dependencies for SOCKS support.
2025-03-30 22:15:49,423 - src.scraping.linkedin_scraper_v2 - ERROR - All 5 retries failed for https://www.linkedin.com/jobs-guest/jobs/api/seeMoreJobPostings/search?keywords=Dados&location=Brasil&geoId=106057199&f_WT=3&position=1&start=180
2025-03-30 22:15:49,423 - src.scraping.linkedin_scraper_v2 - WARNING - Failed to fetch jobs at offset 180, skipping...
2025-03-30 22:15:49,423 - src.scraping.linkedin_scraper_v2 - INFO - Request attempt 1 for https://www.linkedin.com/jobs-guest/jobs/api/seeMoreJobPostings/search?keywords=Dados&location=Brasil&geoId=106057199&f_WT=2&position=1&start=190
2025-03-30 22:15:49,424 - src.scraping.linkedin_scraper_v2 - ERROR - Request failed on attempt 1: HTTPSConnectionPool(host='www.linkedin.com', port=443): Max retries exceeded with url: /jobs-guest/jobs/api/seeMoreJobPostings/search?keywords=Dados&location=Brasil&geoId=106057199&f_WT=2&position=1&start=190 (Caused by ProxyError('Unable to connect to proxy', NameResolutionError("<urllib3.connection.HTTPSConnection object at 0x00000280B6DC95B0>: Failed to resolve 'br-proxy2.example.com' ([Errno 11001] getaddrinfo failed)")))
2025-03-30 22:15:49,425 - src.scraping.linkedin_scraper_v2 - INFO - Request attempt 2 for https://www.linkedin.com/jobs-guest/jobs/api/seeMoreJobPostings/search?keywords=Dados&location=Brasil&geoId=106057199&f_WT=2&position=1&start=190
2025-03-30 22:15:49,425 - src.scraping.linkedin_scraper_v2 - INFO - Changing headers and proxy for retry 2
2025-03-30 22:15:49,425 - src.scraping.linkedin_scraper_v2 - ERROR - Request failed on attempt 2: Missing dependencies for SOCKS support.
2025-03-30 22:15:49,425 - src.scraping.linkedin_scraper_v2 - INFO - Request attempt 3 for https://www.linkedin.com/jobs-guest/jobs/api/seeMoreJobPostings/search?keywords=Dados&location=Brasil&geoId=106057199&f_WT=2&position=1&start=190
2025-03-30 22:15:49,425 - src.scraping.linkedin_scraper_v2 - INFO - Changing headers and proxy for retry 3
2025-03-30 22:15:50,258 - src.scraping.linkedin_scraper_v2 - INFO - Request attempt 1 for https://www.linkedin.com/jobs-guest/jobs/api/seeMoreJobPostings/search?keywords=Dados&location=Brasil&geoId=106057199&f_WT=2&position=1&start=200
2025-03-30 22:15:50,484 - src.scraping.linkedin_scraper_v2 - WARNING - Rate limited (429). Waiting 3.32s before retry...
