2025-03-30 23:38:55,883 - src.scraping.linkedin_scraper_v2 - INFO - Initializing scraping of 1000 job IDs
2025-03-30 23:38:55,883 - src.scraping.linkedin_scraper_v2 - INFO - Request attempt 1 for https://www.linkedin.com/jobs-guest/jobs/api/seeMoreJobPostings/search?keywords=Dados&location=Brasil&geoId=106057199&f_WT=1&position=1&start=0
2025-03-30 23:38:56,674 - src.scraping.linkedin_scraper_v2 - ERROR - Unexpected error while fetching a specific page: 'tuple' object has no attribute 'add'
2025-03-30 23:38:56,674 - src.scraping.linkedin_scraper_v2 - INFO - Request attempt 1 for https://www.linkedin.com/jobs-guest/jobs/api/seeMoreJobPostings/search?keywords=Dados&location=Brasil&geoId=106057199&f_WT=1&position=1&start=10
2025-03-30 23:38:57,351 - src.scraping.linkedin_scraper_v2 - ERROR - Unexpected error while fetching a specific page: 'tuple' object has no attribute 'add'
2025-03-30 23:38:57,352 - src.scraping.linkedin_scraper_v2 - INFO - Request attempt 1 for https://www.linkedin.com/jobs-guest/jobs/api/seeMoreJobPostings/search?keywords=Dados&location=Brasil&geoId=106057199&f_WT=3&position=1&start=20
2025-03-30 23:38:57,918 - src.scraping.linkedin_scraper_v2 - ERROR - Unexpected error while fetching a specific page: 'tuple' object has no attribute 'add'
2025-03-30 23:38:57,918 - src.scraping.linkedin_scraper_v2 - INFO - Request attempt 1 for https://www.linkedin.com/jobs-guest/jobs/api/seeMoreJobPostings/search?keywords=Dados&location=Brasil&geoId=106057199&f_WT=1&position=1&start=30
2025-03-30 23:38:58,529 - src.scraping.linkedin_scraper_v2 - ERROR - Unexpected error while fetching a specific page: 'tuple' object has no attribute 'add'
2025-03-30 23:38:58,529 - src.scraping.linkedin_scraper_v2 - INFO - Request attempt 1 for https://www.linkedin.com/jobs-guest/jobs/api/seeMoreJobPostings/search?keywords=Dados&location=Brasil&geoId=106057199&f_WT=1&position=1&start=40
2025-03-30 23:38:59,231 - src.scraping.linkedin_scraper_v2 - ERROR - Unexpected error while fetching a specific page: 'tuple' object has no attribute 'add'
2025-03-30 23:38:59,231 - src.scraping.linkedin_scraper_v2 - INFO - Request attempt 1 for https://www.linkedin.com/jobs-guest/jobs/api/seeMoreJobPostings/search?keywords=Dados&location=Brasil&geoId=106057199&f_WT=3&position=1&start=50
2025-03-30 23:38:59,829 - src.scraping.linkedin_scraper_v2 - ERROR - Unexpected error while fetching a specific page: 'tuple' object has no attribute 'add'
2025-03-30 23:38:59,829 - src.scraping.linkedin_scraper_v2 - INFO - Request attempt 1 for https://www.linkedin.com/jobs-guest/jobs/api/seeMoreJobPostings/search?keywords=Dados&location=Brasil&geoId=106057199&f_WT=1&position=1&start=60
2025-03-30 23:39:00,467 - src.scraping.linkedin_scraper_v2 - ERROR - Unexpected error while fetching a specific page: 'tuple' object has no attribute 'add'
2025-03-30 23:39:00,467 - src.scraping.linkedin_scraper_v2 - INFO - Request attempt 1 for https://www.linkedin.com/jobs-guest/jobs/api/seeMoreJobPostings/search?keywords=Dados&location=Brasil&geoId=106057199&f_WT=3&position=1&start=70
2025-03-30 23:39:01,041 - src.scraping.linkedin_scraper_v2 - ERROR - Unexpected error while fetching a specific page: 'tuple' object has no attribute 'add'
2025-03-30 23:39:01,041 - src.scraping.linkedin_scraper_v2 - INFO - Request attempt 1 for https://www.linkedin.com/jobs-guest/jobs/api/seeMoreJobPostings/search?keywords=Dados&location=Brasil&geoId=106057199&f_WT=2&position=1&start=80
2025-03-30 23:39:01,622 - src.scraping.linkedin_scraper_v2 - ERROR - Unexpected error while fetching a specific page: 'tuple' object has no attribute 'add'
2025-03-30 23:39:01,622 - src.scraping.linkedin_scraper_v2 - INFO - Request attempt 1 for https://www.linkedin.com/jobs-guest/jobs/api/seeMoreJobPostings/search?keywords=Dados&location=Brasil&geoId=106057199&f_WT=1&position=1&start=90
2025-03-30 23:39:02,287 - src.scraping.linkedin_scraper_v2 - ERROR - Unexpected error while fetching a specific page: 'tuple' object has no attribute 'add'
2025-03-30 23:39:02,287 - src.scraping.linkedin_scraper_v2 - INFO - Request attempt 1 for https://www.linkedin.com/jobs-guest/jobs/api/seeMoreJobPostings/search?keywords=Dados&location=Brasil&geoId=106057199&f_WT=3&position=1&start=100
2025-03-30 23:39:02,455 - src.scraping.linkedin_scraper_v2 - WARNING - Rate limited (429). Waiting 3.89s before retry...
2025-03-30 23:39:06,346 - src.scraping.linkedin_scraper_v2 - INFO - Request attempt 2 for https://www.linkedin.com/jobs-guest/jobs/api/seeMoreJobPostings/search?keywords=Dados&location=Brasil&geoId=106057199&f_WT=3&position=1&start=100
2025-03-30 23:39:06,346 - src.scraping.linkedin_scraper_v2 - INFO - Changing headers for retry 2
2025-03-30 23:39:06,504 - src.scraping.linkedin_scraper_v2 - WARNING - Rate limited (429). Waiting 4.15s before retry...
2025-03-30 23:39:10,656 - src.scraping.linkedin_scraper_v2 - INFO - Request attempt 3 for https://www.linkedin.com/jobs-guest/jobs/api/seeMoreJobPostings/search?keywords=Dados&location=Brasil&geoId=106057199&f_WT=3&position=1&start=100
2025-03-30 23:39:10,656 - src.scraping.linkedin_scraper_v2 - INFO - Changing headers for retry 3
2025-03-30 23:39:11,227 - src.scraping.linkedin_scraper_v2 - ERROR - Unexpected error while fetching a specific page: 'tuple' object has no attribute 'add'
2025-03-30 23:39:11,227 - src.scraping.linkedin_scraper_v2 - INFO - Request attempt 1 for https://www.linkedin.com/jobs-guest/jobs/api/seeMoreJobPostings/search?keywords=Dados&location=Brasil&geoId=106057199&f_WT=1&position=1&start=110
2025-03-30 23:39:11,917 - src.scraping.linkedin_scraper_v2 - ERROR - Unexpected error while fetching a specific page: 'tuple' object has no attribute 'add'
2025-03-30 23:39:11,917 - src.scraping.linkedin_scraper_v2 - INFO - Request attempt 1 for https://www.linkedin.com/jobs-guest/jobs/api/seeMoreJobPostings/search?keywords=Dados&location=Brasil&geoId=106057199&f_WT=1&position=1&start=120
2025-03-30 23:39:12,528 - src.scraping.linkedin_scraper_v2 - ERROR - Failed to save cache: expected str, bytes or os.PathLike object, not tuple
