2025-03-30 22:30:23,491 - src.scraping.linkedin_scraper_v2 - INFO - Initializing scraping of 1000 job IDs
2025-03-30 22:30:23,491 - src.scraping.linkedin_scraper_v2 - INFO - Request attempt 1 for https://www.linkedin.com/jobs-guest/jobs/api/seeMoreJobPostings/search?keywords=Dados&location=Brasil&geoId=106057199&f_WT=1&position=1&start=0
2025-03-30 22:30:33,493 - src.scraping.linkedin_scraper_v2 - ERROR - Request failed on attempt 1: HTTPSConnectionPool(host='www.linkedin.com', port=443): Max retries exceeded with url: /jobs-guest/jobs/api/seeMoreJobPostings/search?keywords=Dados&location=Brasil&geoId=106057199&f_WT=1&position=1&start=0 (Caused by ProxyError('Unable to connect to proxy', ConnectTimeoutError(<urllib3.connection.HTTPSConnection object at 0x00000188742DB770>, 'Connection to 94.154.127.192 timed out. (connect timeout=10)')))
2025-03-30 22:30:33,493 - src.scraping.linkedin_scraper_v2 - INFO - Request attempt 2 for https://www.linkedin.com/jobs-guest/jobs/api/seeMoreJobPostings/search?keywords=Dados&location=Brasil&geoId=106057199&f_WT=1&position=1&start=0
2025-03-30 22:30:33,493 - src.scraping.linkedin_scraper_v2 - INFO - Changing headers and proxy for retry 2
2025-03-30 22:30:43,499 - src.scraping.linkedin_scraper_v2 - ERROR - Request failed on attempt 2: HTTPSConnectionPool(host='www.linkedin.com', port=443): Max retries exceeded with url: /jobs-guest/jobs/api/seeMoreJobPostings/search?keywords=Dados&location=Brasil&geoId=106057199&f_WT=1&position=1&start=0 (Caused by ProxyError('Unable to connect to proxy', ConnectTimeoutError(<urllib3.connection.HTTPSConnection object at 0x000001887403F950>, 'Connection to 36.93.73.154 timed out. (connect timeout=10)')))
2025-03-30 22:30:43,499 - src.scraping.linkedin_scraper_v2 - INFO - Request attempt 3 for https://www.linkedin.com/jobs-guest/jobs/api/seeMoreJobPostings/search?keywords=Dados&location=Brasil&geoId=106057199&f_WT=1&position=1&start=0
2025-03-30 22:30:43,499 - src.scraping.linkedin_scraper_v2 - INFO - Changing headers and proxy for retry 3
2025-03-30 22:30:44,133 - src.scraping.linkedin_scraper_v2 - ERROR - Request failed on attempt 3: HTTPSConnectionPool(host='www.linkedin.com', port=443): Max retries exceeded with url: /jobs-guest/jobs/api/seeMoreJobPostings/search?keywords=Dados&location=Brasil&geoId=106057199&f_WT=1&position=1&start=0 (Caused by SSLError(SSLCertVerificationError(1, '[SSL: CERTIFICATE_VERIFY_FAILED] certificate verify failed: unable to get local issuer certificate (_ssl.c:1000)')))
2025-03-30 22:30:44,133 - src.scraping.linkedin_scraper_v2 - INFO - Request attempt 4 for https://www.linkedin.com/jobs-guest/jobs/api/seeMoreJobPostings/search?keywords=Dados&location=Brasil&geoId=106057199&f_WT=1&position=1&start=0
2025-03-30 22:30:44,133 - src.scraping.linkedin_scraper_v2 - INFO - Changing headers and proxy for retry 4
2025-03-30 22:30:54,140 - src.scraping.linkedin_scraper_v2 - ERROR - Request failed on attempt 4: HTTPSConnectionPool(host='www.linkedin.com', port=443): Max retries exceeded with url: /jobs-guest/jobs/api/seeMoreJobPostings/search?keywords=Dados&location=Brasil&geoId=106057199&f_WT=1&position=1&start=0 (Caused by ProxyError('Unable to connect to proxy', ConnectTimeoutError(<urllib3.connection.HTTPSConnection object at 0x000001887403FA40>, 'Connection to 94.154.127.192 timed out. (connect timeout=10)')))
2025-03-30 22:30:54,140 - src.scraping.linkedin_scraper_v2 - INFO - Request attempt 5 for https://www.linkedin.com/jobs-guest/jobs/api/seeMoreJobPostings/search?keywords=Dados&location=Brasil&geoId=106057199&f_WT=1&position=1&start=0
2025-03-30 22:30:54,140 - src.scraping.linkedin_scraper_v2 - INFO - Changing headers and proxy for retry 5
2025-03-30 22:31:04,156 - src.scraping.linkedin_scraper_v2 - ERROR - Request failed on attempt 5: HTTPSConnectionPool(host='www.linkedin.com', port=443): Max retries exceeded with url: /jobs-guest/jobs/api/seeMoreJobPostings/search?keywords=Dados&location=Brasil&geoId=106057199&f_WT=1&position=1&start=0 (Caused by ProxyError('Unable to connect to proxy', ConnectTimeoutError(<urllib3.connection.HTTPSConnection object at 0x0000018873513F20>, 'Connection to 94.154.127.192 timed out. (connect timeout=10)')))
2025-03-30 22:31:04,156 - src.scraping.linkedin_scraper_v2 - ERROR - All 5 retries failed for https://www.linkedin.com/jobs-guest/jobs/api/seeMoreJobPostings/search?keywords=Dados&location=Brasil&geoId=106057199&f_WT=1&position=1&start=0
2025-03-30 22:31:04,156 - src.scraping.linkedin_scraper_v2 - WARNING - Failed to fetch jobs at offset 0, skipping...
2025-03-30 22:31:04,156 - src.scraping.linkedin_scraper_v2 - INFO - Request attempt 1 for https://www.linkedin.com/jobs-guest/jobs/api/seeMoreJobPostings/search?keywords=Dados&location=Brasil&geoId=106057199&f_WT=3&position=1&start=10
2025-03-30 22:31:06,193 - src.scraping.linkedin_scraper_v2 - ERROR - Request failed on attempt 1: HTTPSConnectionPool(host='www.linkedin.com', port=443): Max retries exceeded with url: /jobs-guest/jobs/api/seeMoreJobPostings/search?keywords=Dados&location=Brasil&geoId=106057199&f_WT=3&position=1&start=10 (Caused by ProxyError('Unable to connect to proxy', NewConnectionError('<urllib3.connection.HTTPSConnection object at 0x000001887366BEC0>: Failed to establish a new connection: [WinError 10061] Nenhuma conexão pôde ser feita porque a máquina de destino as recusou ativamente')))
2025-03-30 22:31:06,193 - src.scraping.linkedin_scraper_v2 - INFO - Request attempt 2 for https://www.linkedin.com/jobs-guest/jobs/api/seeMoreJobPostings/search?keywords=Dados&location=Brasil&geoId=106057199&f_WT=3&position=1&start=10
2025-03-30 22:31:06,193 - src.scraping.linkedin_scraper_v2 - INFO - Changing headers and proxy for retry 2
2025-03-30 22:31:06,803 - src.scraping.linkedin_scraper_v2 - ERROR - Request failed on attempt 2: HTTPSConnectionPool(host='www.linkedin.com', port=443): Max retries exceeded with url: /jobs-guest/jobs/api/seeMoreJobPostings/search?keywords=Dados&location=Brasil&geoId=106057199&f_WT=3&position=1&start=10 (Caused by SSLError(SSLCertVerificationError(1, '[SSL: CERTIFICATE_VERIFY_FAILED] certificate verify failed: unable to get local issuer certificate (_ssl.c:1000)')))
2025-03-30 22:31:06,803 - src.scraping.linkedin_scraper_v2 - INFO - Request attempt 3 for https://www.linkedin.com/jobs-guest/jobs/api/seeMoreJobPostings/search?keywords=Dados&location=Brasil&geoId=106057199&f_WT=3&position=1&start=10
2025-03-30 22:31:06,803 - src.scraping.linkedin_scraper_v2 - INFO - Changing headers and proxy for retry 3
2025-03-30 22:31:16,804 - src.scraping.linkedin_scraper_v2 - ERROR - Request failed on attempt 3: HTTPSConnectionPool(host='www.linkedin.com', port=443): Max retries exceeded with url: /jobs-guest/jobs/api/seeMoreJobPostings/search?keywords=Dados&location=Brasil&geoId=106057199&f_WT=3&position=1&start=10 (Caused by ProxyError('Unable to connect to proxy', ConnectTimeoutError(<urllib3.connection.HTTPSConnection object at 0x00000188736883B0>, 'Connection to 36.93.73.154 timed out. (connect timeout=10)')))
2025-03-30 22:31:16,804 - src.scraping.linkedin_scraper_v2 - INFO - Request attempt 4 for https://www.linkedin.com/jobs-guest/jobs/api/seeMoreJobPostings/search?keywords=Dados&location=Brasil&geoId=106057199&f_WT=3&position=1&start=10
2025-03-30 22:31:16,804 - src.scraping.linkedin_scraper_v2 - INFO - Changing headers and proxy for retry 4
2025-03-30 22:31:26,820 - src.scraping.linkedin_scraper_v2 - ERROR - Request failed on attempt 4: HTTPSConnectionPool(host='www.linkedin.com', port=443): Max retries exceeded with url: /jobs-guest/jobs/api/seeMoreJobPostings/search?keywords=Dados&location=Brasil&geoId=106057199&f_WT=3&position=1&start=10 (Caused by ProxyError('Unable to connect to proxy', ConnectTimeoutError(<urllib3.connection.HTTPSConnection object at 0x000001887366BF50>, 'Connection to 36.93.73.154 timed out. (connect timeout=10)')))
2025-03-30 22:31:26,820 - src.scraping.linkedin_scraper_v2 - INFO - Request attempt 5 for https://www.linkedin.com/jobs-guest/jobs/api/seeMoreJobPostings/search?keywords=Dados&location=Brasil&geoId=106057199&f_WT=3&position=1&start=10
2025-03-30 22:31:26,820 - src.scraping.linkedin_scraper_v2 - INFO - Changing headers and proxy for retry 5
2025-03-30 22:31:36,821 - src.scraping.linkedin_scraper_v2 - ERROR - Request failed on attempt 5: HTTPSConnectionPool(host='www.linkedin.com', port=443): Max retries exceeded with url: /jobs-guest/jobs/api/seeMoreJobPostings/search?keywords=Dados&location=Brasil&geoId=106057199&f_WT=3&position=1&start=10 (Caused by ProxyError('Unable to connect to proxy', ConnectTimeoutError(<urllib3.connection.HTTPSConnection object at 0x00000188735133E0>, 'Connection to 94.154.127.192 timed out. (connect timeout=10)')))
2025-03-30 22:31:36,821 - src.scraping.linkedin_scraper_v2 - ERROR - All 5 retries failed for https://www.linkedin.com/jobs-guest/jobs/api/seeMoreJobPostings/search?keywords=Dados&location=Brasil&geoId=106057199&f_WT=3&position=1&start=10
2025-03-30 22:31:36,821 - src.scraping.linkedin_scraper_v2 - WARNING - Failed to fetch jobs at offset 10, skipping...
2025-03-30 22:31:36,822 - src.scraping.linkedin_scraper_v2 - INFO - Request attempt 1 for https://www.linkedin.com/jobs-guest/jobs/api/seeMoreJobPostings/search?keywords=Dados&location=Brasil&geoId=106057199&f_WT=3&position=1&start=20
2025-03-30 22:31:37,443 - src.scraping.linkedin_scraper_v2 - ERROR - Request failed on attempt 1: HTTPSConnectionPool(host='www.linkedin.com', port=443): Max retries exceeded with url: /jobs-guest/jobs/api/seeMoreJobPostings/search?keywords=Dados&location=Brasil&geoId=106057199&f_WT=3&position=1&start=20 (Caused by SSLError(SSLCertVerificationError(1, '[SSL: CERTIFICATE_VERIFY_FAILED] certificate verify failed: unable to get local issuer certificate (_ssl.c:1000)')))
2025-03-30 22:31:37,443 - src.scraping.linkedin_scraper_v2 - INFO - Request attempt 2 for https://www.linkedin.com/jobs-guest/jobs/api/seeMoreJobPostings/search?keywords=Dados&location=Brasil&geoId=106057199&f_WT=3&position=1&start=20
2025-03-30 22:31:37,443 - src.scraping.linkedin_scraper_v2 - INFO - Changing headers and proxy for retry 2
2025-03-30 22:31:47,449 - src.scraping.linkedin_scraper_v2 - ERROR - Request failed on attempt 2: HTTPSConnectionPool(host='www.linkedin.com', port=443): Max retries exceeded with url: /jobs-guest/jobs/api/seeMoreJobPostings/search?keywords=Dados&location=Brasil&geoId=106057199&f_WT=3&position=1&start=20 (Caused by ProxyError('Unable to connect to proxy', ConnectTimeoutError(<urllib3.connection.HTTPSConnection object at 0x000001887403F110>, 'Connection to 94.154.127.192 timed out. (connect timeout=10)')))
2025-03-30 22:31:47,449 - src.scraping.linkedin_scraper_v2 - INFO - Request attempt 3 for https://www.linkedin.com/jobs-guest/jobs/api/seeMoreJobPostings/search?keywords=Dados&location=Brasil&geoId=106057199&f_WT=3&position=1&start=20
2025-03-30 22:31:47,449 - src.scraping.linkedin_scraper_v2 - INFO - Changing headers and proxy for retry 3
2025-03-30 22:31:49,466 - src.scraping.linkedin_scraper_v2 - ERROR - Request failed on attempt 3: HTTPSConnectionPool(host='www.linkedin.com', port=443): Max retries exceeded with url: /jobs-guest/jobs/api/seeMoreJobPostings/search?keywords=Dados&location=Brasil&geoId=106057199&f_WT=3&position=1&start=20 (Caused by ProxyError('Unable to connect to proxy', NewConnectionError('<urllib3.connection.HTTPSConnection object at 0x00000188738ED3A0>: Failed to establish a new connection: [WinError 10061] Nenhuma conexão pôde ser feita porque a máquina de destino as recusou ativamente')))
2025-03-30 22:31:49,466 - src.scraping.linkedin_scraper_v2 - INFO - Request attempt 4 for https://www.linkedin.com/jobs-guest/jobs/api/seeMoreJobPostings/search?keywords=Dados&location=Brasil&geoId=106057199&f_WT=3&position=1&start=20
2025-03-30 22:31:49,466 - src.scraping.linkedin_scraper_v2 - INFO - Changing headers and proxy for retry 4
2025-03-30 22:31:50,079 - src.scraping.linkedin_scraper_v2 - ERROR - Request failed on attempt 4: HTTPSConnectionPool(host='www.linkedin.com', port=443): Max retries exceeded with url: /jobs-guest/jobs/api/seeMoreJobPostings/search?keywords=Dados&location=Brasil&geoId=106057199&f_WT=3&position=1&start=20 (Caused by SSLError(SSLCertVerificationError(1, '[SSL: CERTIFICATE_VERIFY_FAILED] certificate verify failed: unable to get local issuer certificate (_ssl.c:1000)')))
2025-03-30 22:31:50,080 - src.scraping.linkedin_scraper_v2 - INFO - Request attempt 5 for https://www.linkedin.com/jobs-guest/jobs/api/seeMoreJobPostings/search?keywords=Dados&location=Brasil&geoId=106057199&f_WT=3&position=1&start=20
2025-03-30 22:31:50,080 - src.scraping.linkedin_scraper_v2 - INFO - Changing headers and proxy for retry 5
2025-03-30 22:31:50,747 - src.scraping.linkedin_scraper_v2 - ERROR - Request failed on attempt 5: HTTPSConnectionPool(host='www.linkedin.com', port=443): Max retries exceeded with url: /jobs-guest/jobs/api/seeMoreJobPostings/search?keywords=Dados&location=Brasil&geoId=106057199&f_WT=3&position=1&start=20 (Caused by SSLError(SSLCertVerificationError(1, '[SSL: CERTIFICATE_VERIFY_FAILED] certificate verify failed: unable to get local issuer certificate (_ssl.c:1000)')))
2025-03-30 22:31:50,747 - src.scraping.linkedin_scraper_v2 - ERROR - All 5 retries failed for https://www.linkedin.com/jobs-guest/jobs/api/seeMoreJobPostings/search?keywords=Dados&location=Brasil&geoId=106057199&f_WT=3&position=1&start=20
2025-03-30 22:31:50,747 - src.scraping.linkedin_scraper_v2 - WARNING - Failed to fetch jobs at offset 20, skipping...
2025-03-30 22:31:50,747 - src.scraping.linkedin_scraper_v2 - INFO - Request attempt 1 for https://www.linkedin.com/jobs-guest/jobs/api/seeMoreJobPostings/search?keywords=Dados&location=Brasil&geoId=106057199&f_WT=2&position=1&start=30
2025-03-30 22:31:52,768 - src.scraping.linkedin_scraper_v2 - ERROR - Request failed on attempt 1: HTTPSConnectionPool(host='www.linkedin.com', port=443): Max retries exceeded with url: /jobs-guest/jobs/api/seeMoreJobPostings/search?keywords=Dados&location=Brasil&geoId=106057199&f_WT=2&position=1&start=30 (Caused by ProxyError('Unable to connect to proxy', NewConnectionError('<urllib3.connection.HTTPSConnection object at 0x00000188736882C0>: Failed to establish a new connection: [WinError 10061] Nenhuma conexão pôde ser feita porque a máquina de destino as recusou ativamente')))
2025-03-30 22:31:52,768 - src.scraping.linkedin_scraper_v2 - INFO - Request attempt 2 for https://www.linkedin.com/jobs-guest/jobs/api/seeMoreJobPostings/search?keywords=Dados&location=Brasil&geoId=106057199&f_WT=2&position=1&start=30
2025-03-30 22:31:52,769 - src.scraping.linkedin_scraper_v2 - INFO - Changing headers and proxy for retry 2
2025-03-30 22:32:02,775 - src.scraping.linkedin_scraper_v2 - ERROR - Request failed on attempt 2: HTTPSConnectionPool(host='www.linkedin.com', port=443): Max retries exceeded with url: /jobs-guest/jobs/api/seeMoreJobPostings/search?keywords=Dados&location=Brasil&geoId=106057199&f_WT=2&position=1&start=30 (Caused by ProxyError('Unable to connect to proxy', ConnectTimeoutError(<urllib3.connection.HTTPSConnection object at 0x00000188736881A0>, 'Connection to 36.93.73.154 timed out. (connect timeout=10)')))
2025-03-30 22:32:02,775 - src.scraping.linkedin_scraper_v2 - INFO - Request attempt 3 for https://www.linkedin.com/jobs-guest/jobs/api/seeMoreJobPostings/search?keywords=Dados&location=Brasil&geoId=106057199&f_WT=2&position=1&start=30
2025-03-30 22:32:02,775 - src.scraping.linkedin_scraper_v2 - INFO - Changing headers and proxy for retry 3
2025-03-30 22:32:12,788 - src.scraping.linkedin_scraper_v2 - ERROR - Request failed on attempt 3: HTTPSConnectionPool(host='www.linkedin.com', port=443): Max retries exceeded with url: /jobs-guest/jobs/api/seeMoreJobPostings/search?keywords=Dados&location=Brasil&geoId=106057199&f_WT=2&position=1&start=30 (Caused by ProxyError('Unable to connect to proxy', ConnectTimeoutError(<urllib3.connection.HTTPSConnection object at 0x0000018873688B60>, 'Connection to 94.154.127.192 timed out. (connect timeout=10)')))
2025-03-30 22:32:12,788 - src.scraping.linkedin_scraper_v2 - INFO - Request attempt 4 for https://www.linkedin.com/jobs-guest/jobs/api/seeMoreJobPostings/search?keywords=Dados&location=Brasil&geoId=106057199&f_WT=2&position=1&start=30
2025-03-30 22:32:12,788 - src.scraping.linkedin_scraper_v2 - INFO - Changing headers and proxy for retry 4
2025-03-30 22:32:22,789 - src.scraping.linkedin_scraper_v2 - ERROR - Request failed on attempt 4: HTTPSConnectionPool(host='www.linkedin.com', port=443): Max retries exceeded with url: /jobs-guest/jobs/api/seeMoreJobPostings/search?keywords=Dados&location=Brasil&geoId=106057199&f_WT=2&position=1&start=30 (Caused by ProxyError('Unable to connect to proxy', ConnectTimeoutError(<urllib3.connection.HTTPSConnection object at 0x0000018873688E00>, 'Connection to 94.154.127.192 timed out. (connect timeout=10)')))
2025-03-30 22:32:22,790 - src.scraping.linkedin_scraper_v2 - INFO - Request attempt 5 for https://www.linkedin.com/jobs-guest/jobs/api/seeMoreJobPostings/search?keywords=Dados&location=Brasil&geoId=106057199&f_WT=2&position=1&start=30
2025-03-30 22:32:22,790 - src.scraping.linkedin_scraper_v2 - INFO - Changing headers and proxy for retry 5
2025-03-30 22:32:23,400 - src.scraping.linkedin_scraper_v2 - ERROR - Request failed on attempt 5: HTTPSConnectionPool(host='www.linkedin.com', port=443): Max retries exceeded with url: /jobs-guest/jobs/api/seeMoreJobPostings/search?keywords=Dados&location=Brasil&geoId=106057199&f_WT=2&position=1&start=30 (Caused by SSLError(SSLCertVerificationError(1, '[SSL: CERTIFICATE_VERIFY_FAILED] certificate verify failed: unable to get local issuer certificate (_ssl.c:1000)')))
2025-03-30 22:32:23,400 - src.scraping.linkedin_scraper_v2 - ERROR - All 5 retries failed for https://www.linkedin.com/jobs-guest/jobs/api/seeMoreJobPostings/search?keywords=Dados&location=Brasil&geoId=106057199&f_WT=2&position=1&start=30
2025-03-30 22:32:23,400 - src.scraping.linkedin_scraper_v2 - WARNING - Failed to fetch jobs at offset 30, skipping...
2025-03-30 22:32:23,402 - src.scraping.linkedin_scraper_v2 - INFO - Request attempt 1 for https://www.linkedin.com/jobs-guest/jobs/api/seeMoreJobPostings/search?keywords=Dados&location=Brasil&geoId=106057199&f_WT=1&position=1&start=40
2025-03-30 22:32:33,404 - src.scraping.linkedin_scraper_v2 - ERROR - Request failed on attempt 1: HTTPSConnectionPool(host='www.linkedin.com', port=443): Max retries exceeded with url: /jobs-guest/jobs/api/seeMoreJobPostings/search?keywords=Dados&location=Brasil&geoId=106057199&f_WT=1&position=1&start=40 (Caused by ProxyError('Unable to connect to proxy', ConnectTimeoutError(<urllib3.connection.HTTPSConnection object at 0x0000018873689100>, 'Connection to 94.154.127.192 timed out. (connect timeout=10)')))
2025-03-30 22:32:33,404 - src.scraping.linkedin_scraper_v2 - INFO - Request attempt 2 for https://www.linkedin.com/jobs-guest/jobs/api/seeMoreJobPostings/search?keywords=Dados&location=Brasil&geoId=106057199&f_WT=1&position=1&start=40
2025-03-30 22:32:33,405 - src.scraping.linkedin_scraper_v2 - INFO - Changing headers and proxy for retry 2
2025-03-30 22:32:34,007 - src.scraping.linkedin_scraper_v2 - ERROR - Request failed on attempt 2: HTTPSConnectionPool(host='www.linkedin.com', port=443): Max retries exceeded with url: /jobs-guest/jobs/api/seeMoreJobPostings/search?keywords=Dados&location=Brasil&geoId=106057199&f_WT=1&position=1&start=40 (Caused by SSLError(SSLCertVerificationError(1, '[SSL: CERTIFICATE_VERIFY_FAILED] certificate verify failed: unable to get local issuer certificate (_ssl.c:1000)')))
2025-03-30 22:32:34,008 - src.scraping.linkedin_scraper_v2 - INFO - Request attempt 3 for https://www.linkedin.com/jobs-guest/jobs/api/seeMoreJobPostings/search?keywords=Dados&location=Brasil&geoId=106057199&f_WT=1&position=1&start=40
2025-03-30 22:32:34,008 - src.scraping.linkedin_scraper_v2 - INFO - Changing headers and proxy for retry 3
