2025-03-30 23:20:11,376 - src.scraping.linkedin_scraper_v2 - INFO - Initializing scraping of 1000 job IDs
2025-03-30 23:20:11,376 - src.scraping.linkedin_scraper_v2 - INFO - Request attempt 1 for https://www.linkedin.com/jobs-guest/jobs/api/seeMoreJobPostings/search?keywords=Dados&location=Brasil&geoId=106057199&f_WT=2&position=1&start=0
2025-03-30 23:20:12,098 - src.scraping.linkedin_scraper_v2 - INFO - Request attempt 1 for https://www.linkedin.com/jobs-guest/jobs/api/seeMoreJobPostings/search?keywords=Dados&location=Brasil&geoId=106057199&f_WT=2&position=1&start=10
2025-03-30 23:20:12,904 - src.scraping.linkedin_scraper_v2 - INFO - Request attempt 1 for https://www.linkedin.com/jobs-guest/jobs/api/seeMoreJobPostings/search?keywords=Dados&location=Brasil&geoId=106057199&f_WT=3&position=1&start=20
2025-03-30 23:20:13,474 - src.scraping.linkedin_scraper_v2 - INFO - Request attempt 1 for https://www.linkedin.com/jobs-guest/jobs/api/seeMoreJobPostings/search?keywords=Dados&location=Brasil&geoId=106057199&f_WT=1&position=1&start=30
2025-03-30 23:20:14,111 - src.scraping.linkedin_scraper_v2 - INFO - Request attempt 1 for https://www.linkedin.com/jobs-guest/jobs/api/seeMoreJobPostings/search?keywords=Dados&location=Brasil&geoId=106057199&f_WT=3&position=1&start=40
2025-03-30 23:20:14,699 - src.scraping.linkedin_scraper_v2 - INFO - Request attempt 1 for https://www.linkedin.com/jobs-guest/jobs/api/seeMoreJobPostings/search?keywords=Dados&location=Brasil&geoId=106057199&f_WT=2&position=1&start=50
2025-03-30 23:20:15,285 - src.scraping.linkedin_scraper_v2 - INFO - Request attempt 1 for https://www.linkedin.com/jobs-guest/jobs/api/seeMoreJobPostings/search?keywords=Dados&location=Brasil&geoId=106057199&f_WT=1&position=1&start=60
2025-03-30 23:20:15,917 - src.scraping.linkedin_scraper_v2 - INFO - Request attempt 1 for https://www.linkedin.com/jobs-guest/jobs/api/seeMoreJobPostings/search?keywords=Dados&location=Brasil&geoId=106057199&f_WT=3&position=1&start=70
2025-03-30 23:20:16,528 - src.scraping.linkedin_scraper_v2 - INFO - Request attempt 1 for https://www.linkedin.com/jobs-guest/jobs/api/seeMoreJobPostings/search?keywords=Dados&location=Brasil&geoId=106057199&f_WT=2&position=1&start=80
2025-03-30 23:20:17,126 - src.scraping.linkedin_scraper_v2 - INFO - Request attempt 1 for https://www.linkedin.com/jobs-guest/jobs/api/seeMoreJobPostings/search?keywords=Dados&location=Brasil&geoId=106057199&f_WT=2&position=1&start=90
2025-03-30 23:20:17,806 - src.scraping.linkedin_scraper_v2 - INFO - Request attempt 1 for https://www.linkedin.com/jobs-guest/jobs/api/seeMoreJobPostings/search?keywords=Dados&location=Brasil&geoId=106057199&f_WT=3&position=1&start=100
2025-03-30 23:20:17,965 - src.scraping.linkedin_scraper_v2 - INFO - Request attempt 2 for https://www.linkedin.com/jobs-guest/jobs/api/seeMoreJobPostings/search?keywords=Dados&location=Brasil&geoId=106057199&f_WT=3&position=1&start=100
2025-03-30 23:20:17,965 - src.scraping.linkedin_scraper_v2 - INFO - Changing headers for retry 2
2025-03-30 23:20:18,124 - src.scraping.linkedin_scraper_v2 - INFO - Request attempt 3 for https://www.linkedin.com/jobs-guest/jobs/api/seeMoreJobPostings/search?keywords=Dados&location=Brasil&geoId=106057199&f_WT=3&position=1&start=100
2025-03-30 23:20:18,124 - src.scraping.linkedin_scraper_v2 - INFO - Changing headers for retry 3
2025-03-30 23:20:18,269 - src.scraping.linkedin_scraper_v2 - INFO - Request attempt 4 for https://www.linkedin.com/jobs-guest/jobs/api/seeMoreJobPostings/search?keywords=Dados&location=Brasil&geoId=106057199&f_WT=3&position=1&start=100
2025-03-30 23:20:18,269 - src.scraping.linkedin_scraper_v2 - INFO - Changing headers for retry 4
2025-03-30 23:20:18,440 - src.scraping.linkedin_scraper_v2 - INFO - Request attempt 5 for https://www.linkedin.com/jobs-guest/jobs/api/seeMoreJobPostings/search?keywords=Dados&location=Brasil&geoId=106057199&f_WT=3&position=1&start=100
2025-03-30 23:20:18,440 - src.scraping.linkedin_scraper_v2 - INFO - Changing headers for retry 5
2025-03-30 23:20:18,583 - src.scraping.linkedin_scraper_v2 - ERROR - All 5 retries failed for https://www.linkedin.com/jobs-guest/jobs/api/seeMoreJobPostings/search?keywords=Dados&location=Brasil&geoId=106057199&f_WT=3&position=1&start=100
2025-03-30 23:20:18,583 - src.scraping.linkedin_scraper_v2 - WARNING - Failed to fetch jobs at offset 100, skipping...
2025-03-30 23:20:18,583 - src.scraping.linkedin_scraper_v2 - INFO - Request attempt 1 for https://www.linkedin.com/jobs-guest/jobs/api/seeMoreJobPostings/search?keywords=Dados&location=Brasil&geoId=106057199&f_WT=2&position=1&start=110
2025-03-30 23:20:18,764 - src.scraping.linkedin_scraper_v2 - INFO - Request attempt 2 for https://www.linkedin.com/jobs-guest/jobs/api/seeMoreJobPostings/search?keywords=Dados&location=Brasil&geoId=106057199&f_WT=2&position=1&start=110
2025-03-30 23:20:18,764 - src.scraping.linkedin_scraper_v2 - INFO - Changing headers for retry 2
2025-03-30 23:20:18,925 - src.scraping.linkedin_scraper_v2 - INFO - Request attempt 3 for https://www.linkedin.com/jobs-guest/jobs/api/seeMoreJobPostings/search?keywords=Dados&location=Brasil&geoId=106057199&f_WT=2&position=1&start=110
2025-03-30 23:20:18,925 - src.scraping.linkedin_scraper_v2 - INFO - Changing headers for retry 3
2025-03-30 23:20:19,083 - src.scraping.linkedin_scraper_v2 - INFO - Request attempt 4 for https://www.linkedin.com/jobs-guest/jobs/api/seeMoreJobPostings/search?keywords=Dados&location=Brasil&geoId=106057199&f_WT=2&position=1&start=110
2025-03-30 23:20:19,083 - src.scraping.linkedin_scraper_v2 - INFO - Changing headers for retry 4
2025-03-30 23:20:19,251 - src.scraping.linkedin_scraper_v2 - INFO - Request attempt 5 for https://www.linkedin.com/jobs-guest/jobs/api/seeMoreJobPostings/search?keywords=Dados&location=Brasil&geoId=106057199&f_WT=2&position=1&start=110
2025-03-30 23:20:19,251 - src.scraping.linkedin_scraper_v2 - INFO - Changing headers for retry 5
2025-03-30 23:20:19,419 - src.scraping.linkedin_scraper_v2 - ERROR - All 5 retries failed for https://www.linkedin.com/jobs-guest/jobs/api/seeMoreJobPostings/search?keywords=Dados&location=Brasil&geoId=106057199&f_WT=2&position=1&start=110
2025-03-30 23:20:19,419 - src.scraping.linkedin_scraper_v2 - WARNING - Failed to fetch jobs at offset 110, skipping...
2025-03-30 23:20:19,419 - src.scraping.linkedin_scraper_v2 - INFO - Request attempt 1 for https://www.linkedin.com/jobs-guest/jobs/api/seeMoreJobPostings/search?keywords=Dados&location=Brasil&geoId=106057199&f_WT=2&position=1&start=120
2025-03-30 23:20:19,596 - src.scraping.linkedin_scraper_v2 - INFO - Request attempt 2 for https://www.linkedin.com/jobs-guest/jobs/api/seeMoreJobPostings/search?keywords=Dados&location=Brasil&geoId=106057199&f_WT=2&position=1&start=120
2025-03-30 23:20:19,596 - src.scraping.linkedin_scraper_v2 - INFO - Changing headers for retry 2
2025-03-30 23:20:19,751 - src.scraping.linkedin_scraper_v2 - INFO - Request attempt 3 for https://www.linkedin.com/jobs-guest/jobs/api/seeMoreJobPostings/search?keywords=Dados&location=Brasil&geoId=106057199&f_WT=2&position=1&start=120
2025-03-30 23:20:19,751 - src.scraping.linkedin_scraper_v2 - INFO - Changing headers for retry 3
2025-03-30 23:20:19,919 - src.scraping.linkedin_scraper_v2 - INFO - Request attempt 4 for https://www.linkedin.com/jobs-guest/jobs/api/seeMoreJobPostings/search?keywords=Dados&location=Brasil&geoId=106057199&f_WT=2&position=1&start=120
2025-03-30 23:20:19,919 - src.scraping.linkedin_scraper_v2 - INFO - Changing headers for retry 4
2025-03-30 23:20:20,074 - src.scraping.linkedin_scraper_v2 - INFO - Request attempt 5 for https://www.linkedin.com/jobs-guest/jobs/api/seeMoreJobPostings/search?keywords=Dados&location=Brasil&geoId=106057199&f_WT=2&position=1&start=120
2025-03-30 23:20:20,074 - src.scraping.linkedin_scraper_v2 - INFO - Changing headers for retry 5
2025-03-30 23:20:20,233 - src.scraping.linkedin_scraper_v2 - ERROR - All 5 retries failed for https://www.linkedin.com/jobs-guest/jobs/api/seeMoreJobPostings/search?keywords=Dados&location=Brasil&geoId=106057199&f_WT=2&position=1&start=120
2025-03-30 23:20:20,233 - src.scraping.linkedin_scraper_v2 - WARNING - Failed to fetch jobs at offset 120, skipping...
2025-03-30 23:20:20,233 - src.scraping.linkedin_scraper_v2 - INFO - Request attempt 1 for https://www.linkedin.com/jobs-guest/jobs/api/seeMoreJobPostings/search?keywords=Dados&location=Brasil&geoId=106057199&f_WT=2&position=1&start=130
2025-03-30 23:20:20,408 - src.scraping.linkedin_scraper_v2 - INFO - Request attempt 2 for https://www.linkedin.com/jobs-guest/jobs/api/seeMoreJobPostings/search?keywords=Dados&location=Brasil&geoId=106057199&f_WT=2&position=1&start=130
2025-03-30 23:20:20,408 - src.scraping.linkedin_scraper_v2 - INFO - Changing headers for retry 2
2025-03-30 23:20:20,566 - src.scraping.linkedin_scraper_v2 - INFO - Request attempt 3 for https://www.linkedin.com/jobs-guest/jobs/api/seeMoreJobPostings/search?keywords=Dados&location=Brasil&geoId=106057199&f_WT=2&position=1&start=130
2025-03-30 23:20:20,566 - src.scraping.linkedin_scraper_v2 - INFO - Changing headers for retry 3
2025-03-30 23:20:20,723 - src.scraping.linkedin_scraper_v2 - INFO - Request attempt 4 for https://www.linkedin.com/jobs-guest/jobs/api/seeMoreJobPostings/search?keywords=Dados&location=Brasil&geoId=106057199&f_WT=2&position=1&start=130
2025-03-30 23:20:20,723 - src.scraping.linkedin_scraper_v2 - INFO - Changing headers for retry 4
2025-03-30 23:20:20,892 - src.scraping.linkedin_scraper_v2 - INFO - Request attempt 5 for https://www.linkedin.com/jobs-guest/jobs/api/seeMoreJobPostings/search?keywords=Dados&location=Brasil&geoId=106057199&f_WT=2&position=1&start=130
2025-03-30 23:20:20,892 - src.scraping.linkedin_scraper_v2 - INFO - Changing headers for retry 5
2025-03-30 23:20:21,050 - src.scraping.linkedin_scraper_v2 - ERROR - All 5 retries failed for https://www.linkedin.com/jobs-guest/jobs/api/seeMoreJobPostings/search?keywords=Dados&location=Brasil&geoId=106057199&f_WT=2&position=1&start=130
2025-03-30 23:20:21,050 - src.scraping.linkedin_scraper_v2 - WARNING - Failed to fetch jobs at offset 130, skipping...
2025-03-30 23:20:21,050 - src.scraping.linkedin_scraper_v2 - INFO - Request attempt 1 for https://www.linkedin.com/jobs-guest/jobs/api/seeMoreJobPostings/search?keywords=Dados&location=Brasil&geoId=106057199&f_WT=2&position=1&start=140
2025-03-30 23:20:21,208 - src.scraping.linkedin_scraper_v2 - INFO - Request attempt 2 for https://www.linkedin.com/jobs-guest/jobs/api/seeMoreJobPostings/search?keywords=Dados&location=Brasil&geoId=106057199&f_WT=2&position=1&start=140
2025-03-30 23:20:21,208 - src.scraping.linkedin_scraper_v2 - INFO - Changing headers for retry 2
2025-03-30 23:20:21,366 - src.scraping.linkedin_scraper_v2 - INFO - Request attempt 3 for https://www.linkedin.com/jobs-guest/jobs/api/seeMoreJobPostings/search?keywords=Dados&location=Brasil&geoId=106057199&f_WT=2&position=1&start=140
2025-03-30 23:20:21,366 - src.scraping.linkedin_scraper_v2 - INFO - Changing headers for retry 3
2025-03-30 23:20:21,536 - src.scraping.linkedin_scraper_v2 - INFO - Request attempt 4 for https://www.linkedin.com/jobs-guest/jobs/api/seeMoreJobPostings/search?keywords=Dados&location=Brasil&geoId=106057199&f_WT=2&position=1&start=140
2025-03-30 23:20:21,536 - src.scraping.linkedin_scraper_v2 - INFO - Changing headers for retry 4
2025-03-30 23:20:21,691 - src.scraping.linkedin_scraper_v2 - INFO - Request attempt 5 for https://www.linkedin.com/jobs-guest/jobs/api/seeMoreJobPostings/search?keywords=Dados&location=Brasil&geoId=106057199&f_WT=2&position=1&start=140
2025-03-30 23:20:21,691 - src.scraping.linkedin_scraper_v2 - INFO - Changing headers for retry 5
2025-03-30 23:20:21,851 - src.scraping.linkedin_scraper_v2 - ERROR - All 5 retries failed for https://www.linkedin.com/jobs-guest/jobs/api/seeMoreJobPostings/search?keywords=Dados&location=Brasil&geoId=106057199&f_WT=2&position=1&start=140
2025-03-30 23:20:21,851 - src.scraping.linkedin_scraper_v2 - WARNING - Failed to fetch jobs at offset 140, skipping...
2025-03-30 23:20:21,851 - src.scraping.linkedin_scraper_v2 - INFO - Request attempt 1 for https://www.linkedin.com/jobs-guest/jobs/api/seeMoreJobPostings/search?keywords=Dados&location=Brasil&geoId=106057199&f_WT=1&position=1&start=150
2025-03-30 23:20:22,012 - src.scraping.linkedin_scraper_v2 - INFO - Request attempt 2 for https://www.linkedin.com/jobs-guest/jobs/api/seeMoreJobPostings/search?keywords=Dados&location=Brasil&geoId=106057199&f_WT=1&position=1&start=150
2025-03-30 23:20:22,012 - src.scraping.linkedin_scraper_v2 - INFO - Changing headers for retry 2
2025-03-30 23:20:22,182 - src.scraping.linkedin_scraper_v2 - INFO - Request attempt 3 for https://www.linkedin.com/jobs-guest/jobs/api/seeMoreJobPostings/search?keywords=Dados&location=Brasil&geoId=106057199&f_WT=1&position=1&start=150
2025-03-30 23:20:22,182 - src.scraping.linkedin_scraper_v2 - INFO - Changing headers for retry 3
2025-03-30 23:20:22,343 - src.scraping.linkedin_scraper_v2 - INFO - Request attempt 4 for https://www.linkedin.com/jobs-guest/jobs/api/seeMoreJobPostings/search?keywords=Dados&location=Brasil&geoId=106057199&f_WT=1&position=1&start=150
2025-03-30 23:20:22,343 - src.scraping.linkedin_scraper_v2 - INFO - Changing headers for retry 4
2025-03-30 23:20:22,503 - src.scraping.linkedin_scraper_v2 - INFO - Request attempt 5 for https://www.linkedin.com/jobs-guest/jobs/api/seeMoreJobPostings/search?keywords=Dados&location=Brasil&geoId=106057199&f_WT=1&position=1&start=150
2025-03-30 23:20:22,503 - src.scraping.linkedin_scraper_v2 - INFO - Changing headers for retry 5
2025-03-30 23:20:22,674 - src.scraping.linkedin_scraper_v2 - ERROR - All 5 retries failed for https://www.linkedin.com/jobs-guest/jobs/api/seeMoreJobPostings/search?keywords=Dados&location=Brasil&geoId=106057199&f_WT=1&position=1&start=150
2025-03-30 23:20:22,674 - src.scraping.linkedin_scraper_v2 - WARNING - Failed to fetch jobs at offset 150, skipping...
2025-03-30 23:20:22,674 - src.scraping.linkedin_scraper_v2 - INFO - Request attempt 1 for https://www.linkedin.com/jobs-guest/jobs/api/seeMoreJobPostings/search?keywords=Dados&location=Brasil&geoId=106057199&f_WT=3&position=1&start=160
2025-03-30 23:20:22,851 - src.scraping.linkedin_scraper_v2 - INFO - Request attempt 2 for https://www.linkedin.com/jobs-guest/jobs/api/seeMoreJobPostings/search?keywords=Dados&location=Brasil&geoId=106057199&f_WT=3&position=1&start=160
2025-03-30 23:20:22,851 - src.scraping.linkedin_scraper_v2 - INFO - Changing headers for retry 2
2025-03-30 23:20:23,006 - src.scraping.linkedin_scraper_v2 - INFO - Request attempt 3 for https://www.linkedin.com/jobs-guest/jobs/api/seeMoreJobPostings/search?keywords=Dados&location=Brasil&geoId=106057199&f_WT=3&position=1&start=160
2025-03-30 23:20:23,006 - src.scraping.linkedin_scraper_v2 - INFO - Changing headers for retry 3
2025-03-30 23:20:23,158 - src.scraping.linkedin_scraper_v2 - INFO - Request attempt 4 for https://www.linkedin.com/jobs-guest/jobs/api/seeMoreJobPostings/search?keywords=Dados&location=Brasil&geoId=106057199&f_WT=3&position=1&start=160
2025-03-30 23:20:23,158 - src.scraping.linkedin_scraper_v2 - INFO - Changing headers for retry 4
2025-03-30 23:20:23,582 - src.scraping.linkedin_scraper_v2 - INFO - Request attempt 5 for https://www.linkedin.com/jobs-guest/jobs/api/seeMoreJobPostings/search?keywords=Dados&location=Brasil&geoId=106057199&f_WT=3&position=1&start=160
2025-03-30 23:20:23,582 - src.scraping.linkedin_scraper_v2 - INFO - Changing headers for retry 5
2025-03-30 23:20:23,750 - src.scraping.linkedin_scraper_v2 - ERROR - All 5 retries failed for https://www.linkedin.com/jobs-guest/jobs/api/seeMoreJobPostings/search?keywords=Dados&location=Brasil&geoId=106057199&f_WT=3&position=1&start=160
2025-03-30 23:20:23,750 - src.scraping.linkedin_scraper_v2 - WARNING - Failed to fetch jobs at offset 160, skipping...
2025-03-30 23:20:23,750 - src.scraping.linkedin_scraper_v2 - INFO - Request attempt 1 for https://www.linkedin.com/jobs-guest/jobs/api/seeMoreJobPostings/search?keywords=Dados&location=Brasil&geoId=106057199&f_WT=2&position=1&start=170
2025-03-30 23:20:23,908 - src.scraping.linkedin_scraper_v2 - INFO - Request attempt 2 for https://www.linkedin.com/jobs-guest/jobs/api/seeMoreJobPostings/search?keywords=Dados&location=Brasil&geoId=106057199&f_WT=2&position=1&start=170
2025-03-30 23:20:23,908 - src.scraping.linkedin_scraper_v2 - INFO - Changing headers for retry 2
2025-03-30 23:20:24,083 - src.scraping.linkedin_scraper_v2 - INFO - Request attempt 3 for https://www.linkedin.com/jobs-guest/jobs/api/seeMoreJobPostings/search?keywords=Dados&location=Brasil&geoId=106057199&f_WT=2&position=1&start=170
2025-03-30 23:20:24,083 - src.scraping.linkedin_scraper_v2 - INFO - Changing headers for retry 3
2025-03-30 23:20:24,240 - src.scraping.linkedin_scraper_v2 - INFO - Request attempt 4 for https://www.linkedin.com/jobs-guest/jobs/api/seeMoreJobPostings/search?keywords=Dados&location=Brasil&geoId=106057199&f_WT=2&position=1&start=170
2025-03-30 23:20:24,240 - src.scraping.linkedin_scraper_v2 - INFO - Changing headers for retry 4
2025-03-30 23:20:24,400 - src.scraping.linkedin_scraper_v2 - INFO - Request attempt 5 for https://www.linkedin.com/jobs-guest/jobs/api/seeMoreJobPostings/search?keywords=Dados&location=Brasil&geoId=106057199&f_WT=2&position=1&start=170
2025-03-30 23:20:24,400 - src.scraping.linkedin_scraper_v2 - INFO - Changing headers for retry 5
2025-03-30 23:20:24,810 - src.scraping.linkedin_scraper_v2 - ERROR - All 5 retries failed for https://www.linkedin.com/jobs-guest/jobs/api/seeMoreJobPostings/search?keywords=Dados&location=Brasil&geoId=106057199&f_WT=2&position=1&start=170
2025-03-30 23:20:24,810 - src.scraping.linkedin_scraper_v2 - WARNING - Failed to fetch jobs at offset 170, skipping...
2025-03-30 23:20:24,810 - src.scraping.linkedin_scraper_v2 - INFO - Request attempt 1 for https://www.linkedin.com/jobs-guest/jobs/api/seeMoreJobPostings/search?keywords=Dados&location=Brasil&geoId=106057199&f_WT=1&position=1&start=180
2025-03-30 23:20:24,966 - src.scraping.linkedin_scraper_v2 - INFO - Request attempt 2 for https://www.linkedin.com/jobs-guest/jobs/api/seeMoreJobPostings/search?keywords=Dados&location=Brasil&geoId=106057199&f_WT=1&position=1&start=180
2025-03-30 23:20:24,966 - src.scraping.linkedin_scraper_v2 - INFO - Changing headers for retry 2
2025-03-30 23:20:25,143 - src.scraping.linkedin_scraper_v2 - INFO - Request attempt 3 for https://www.linkedin.com/jobs-guest/jobs/api/seeMoreJobPostings/search?keywords=Dados&location=Brasil&geoId=106057199&f_WT=1&position=1&start=180
2025-03-30 23:20:25,143 - src.scraping.linkedin_scraper_v2 - INFO - Changing headers for retry 3
2025-03-30 23:20:25,315 - src.scraping.linkedin_scraper_v2 - INFO - Request attempt 4 for https://www.linkedin.com/jobs-guest/jobs/api/seeMoreJobPostings/search?keywords=Dados&location=Brasil&geoId=106057199&f_WT=1&position=1&start=180
2025-03-30 23:20:25,315 - src.scraping.linkedin_scraper_v2 - INFO - Changing headers for retry 4
2025-03-30 23:20:25,467 - src.scraping.linkedin_scraper_v2 - INFO - Request attempt 5 for https://www.linkedin.com/jobs-guest/jobs/api/seeMoreJobPostings/search?keywords=Dados&location=Brasil&geoId=106057199&f_WT=1&position=1&start=180
2025-03-30 23:20:25,467 - src.scraping.linkedin_scraper_v2 - INFO - Changing headers for retry 5
2025-03-30 23:20:25,633 - src.scraping.linkedin_scraper_v2 - ERROR - All 5 retries failed for https://www.linkedin.com/jobs-guest/jobs/api/seeMoreJobPostings/search?keywords=Dados&location=Brasil&geoId=106057199&f_WT=1&position=1&start=180
2025-03-30 23:20:25,633 - src.scraping.linkedin_scraper_v2 - WARNING - Failed to fetch jobs at offset 180, skipping...
2025-03-30 23:20:25,633 - src.scraping.linkedin_scraper_v2 - INFO - Request attempt 1 for https://www.linkedin.com/jobs-guest/jobs/api/seeMoreJobPostings/search?keywords=Dados&location=Brasil&geoId=106057199&f_WT=2&position=1&start=190
2025-03-30 23:20:25,794 - src.scraping.linkedin_scraper_v2 - INFO - Request attempt 2 for https://www.linkedin.com/jobs-guest/jobs/api/seeMoreJobPostings/search?keywords=Dados&location=Brasil&geoId=106057199&f_WT=2&position=1&start=190
2025-03-30 23:20:25,794 - src.scraping.linkedin_scraper_v2 - INFO - Changing headers for retry 2
2025-03-30 23:20:25,965 - src.scraping.linkedin_scraper_v2 - INFO - Request attempt 3 for https://www.linkedin.com/jobs-guest/jobs/api/seeMoreJobPostings/search?keywords=Dados&location=Brasil&geoId=106057199&f_WT=2&position=1&start=190
2025-03-30 23:20:25,965 - src.scraping.linkedin_scraper_v2 - INFO - Changing headers for retry 3
2025-03-30 23:20:26,141 - src.scraping.linkedin_scraper_v2 - INFO - Request attempt 4 for https://www.linkedin.com/jobs-guest/jobs/api/seeMoreJobPostings/search?keywords=Dados&location=Brasil&geoId=106057199&f_WT=2&position=1&start=190
2025-03-30 23:20:26,141 - src.scraping.linkedin_scraper_v2 - INFO - Changing headers for retry 4
2025-03-30 23:20:26,310 - src.scraping.linkedin_scraper_v2 - INFO - Request attempt 5 for https://www.linkedin.com/jobs-guest/jobs/api/seeMoreJobPostings/search?keywords=Dados&location=Brasil&geoId=106057199&f_WT=2&position=1&start=190
2025-03-30 23:20:26,310 - src.scraping.linkedin_scraper_v2 - INFO - Changing headers for retry 5
2025-03-30 23:20:26,466 - src.scraping.linkedin_scraper_v2 - ERROR - All 5 retries failed for https://www.linkedin.com/jobs-guest/jobs/api/seeMoreJobPostings/search?keywords=Dados&location=Brasil&geoId=106057199&f_WT=2&position=1&start=190
2025-03-30 23:20:26,466 - src.scraping.linkedin_scraper_v2 - WARNING - Failed to fetch jobs at offset 190, skipping...
2025-03-30 23:20:26,466 - src.scraping.linkedin_scraper_v2 - INFO - Request attempt 1 for https://www.linkedin.com/jobs-guest/jobs/api/seeMoreJobPostings/search?keywords=Dados&location=Brasil&geoId=106057199&f_WT=2&position=1&start=200
2025-03-30 23:20:26,624 - src.scraping.linkedin_scraper_v2 - INFO - Request attempt 2 for https://www.linkedin.com/jobs-guest/jobs/api/seeMoreJobPostings/search?keywords=Dados&location=Brasil&geoId=106057199&f_WT=2&position=1&start=200
2025-03-30 23:20:26,624 - src.scraping.linkedin_scraper_v2 - INFO - Changing headers for retry 2
2025-03-30 23:20:26,787 - src.scraping.linkedin_scraper_v2 - INFO - Request attempt 3 for https://www.linkedin.com/jobs-guest/jobs/api/seeMoreJobPostings/search?keywords=Dados&location=Brasil&geoId=106057199&f_WT=2&position=1&start=200
2025-03-30 23:20:26,787 - src.scraping.linkedin_scraper_v2 - INFO - Changing headers for retry 3
2025-03-30 23:20:26,937 - src.scraping.linkedin_scraper_v2 - INFO - Request attempt 4 for https://www.linkedin.com/jobs-guest/jobs/api/seeMoreJobPostings/search?keywords=Dados&location=Brasil&geoId=106057199&f_WT=2&position=1&start=200
2025-03-30 23:20:26,945 - src.scraping.linkedin_scraper_v2 - INFO - Changing headers for retry 4
2025-03-30 23:20:27,095 - src.scraping.linkedin_scraper_v2 - INFO - Request attempt 5 for https://www.linkedin.com/jobs-guest/jobs/api/seeMoreJobPostings/search?keywords=Dados&location=Brasil&geoId=106057199&f_WT=2&position=1&start=200
2025-03-30 23:20:27,095 - src.scraping.linkedin_scraper_v2 - INFO - Changing headers for retry 5
2025-03-30 23:20:27,269 - src.scraping.linkedin_scraper_v2 - ERROR - All 5 retries failed for https://www.linkedin.com/jobs-guest/jobs/api/seeMoreJobPostings/search?keywords=Dados&location=Brasil&geoId=106057199&f_WT=2&position=1&start=200
2025-03-30 23:20:27,269 - src.scraping.linkedin_scraper_v2 - WARNING - Failed to fetch jobs at offset 200, skipping...
2025-03-30 23:20:27,270 - src.scraping.linkedin_scraper_v2 - INFO - Request attempt 1 for https://www.linkedin.com/jobs-guest/jobs/api/seeMoreJobPostings/search?keywords=Dados&location=Brasil&geoId=106057199&f_WT=3&position=1&start=210
2025-03-30 23:20:27,416 - src.scraping.linkedin_scraper_v2 - INFO - Request attempt 2 for https://www.linkedin.com/jobs-guest/jobs/api/seeMoreJobPostings/search?keywords=Dados&location=Brasil&geoId=106057199&f_WT=3&position=1&start=210
2025-03-30 23:20:27,416 - src.scraping.linkedin_scraper_v2 - INFO - Changing headers for retry 2
2025-03-30 23:20:27,587 - src.scraping.linkedin_scraper_v2 - INFO - Request attempt 3 for https://www.linkedin.com/jobs-guest/jobs/api/seeMoreJobPostings/search?keywords=Dados&location=Brasil&geoId=106057199&f_WT=3&position=1&start=210
2025-03-30 23:20:27,588 - src.scraping.linkedin_scraper_v2 - INFO - Changing headers for retry 3
2025-03-30 23:20:27,755 - src.scraping.linkedin_scraper_v2 - INFO - Request attempt 4 for https://www.linkedin.com/jobs-guest/jobs/api/seeMoreJobPostings/search?keywords=Dados&location=Brasil&geoId=106057199&f_WT=3&position=1&start=210
2025-03-30 23:20:27,755 - src.scraping.linkedin_scraper_v2 - INFO - Changing headers for retry 4
2025-03-30 23:20:27,910 - src.scraping.linkedin_scraper_v2 - INFO - Request attempt 5 for https://www.linkedin.com/jobs-guest/jobs/api/seeMoreJobPostings/search?keywords=Dados&location=Brasil&geoId=106057199&f_WT=3&position=1&start=210
2025-03-30 23:20:27,911 - src.scraping.linkedin_scraper_v2 - INFO - Changing headers for retry 5
2025-03-30 23:20:28,094 - src.scraping.linkedin_scraper_v2 - ERROR - All 5 retries failed for https://www.linkedin.com/jobs-guest/jobs/api/seeMoreJobPostings/search?keywords=Dados&location=Brasil&geoId=106057199&f_WT=3&position=1&start=210
2025-03-30 23:20:28,094 - src.scraping.linkedin_scraper_v2 - WARNING - Failed to fetch jobs at offset 210, skipping...
2025-03-30 23:20:28,094 - src.scraping.linkedin_scraper_v2 - INFO - Request attempt 1 for https://www.linkedin.com/jobs-guest/jobs/api/seeMoreJobPostings/search?keywords=Dados&location=Brasil&geoId=106057199&f_WT=3&position=1&start=220
2025-03-30 23:20:28,258 - src.scraping.linkedin_scraper_v2 - INFO - Request attempt 2 for https://www.linkedin.com/jobs-guest/jobs/api/seeMoreJobPostings/search?keywords=Dados&location=Brasil&geoId=106057199&f_WT=3&position=1&start=220
2025-03-30 23:20:28,258 - src.scraping.linkedin_scraper_v2 - INFO - Changing headers for retry 2
2025-03-30 23:20:28,411 - src.scraping.linkedin_scraper_v2 - INFO - Request attempt 3 for https://www.linkedin.com/jobs-guest/jobs/api/seeMoreJobPostings/search?keywords=Dados&location=Brasil&geoId=106057199&f_WT=3&position=1&start=220
2025-03-30 23:20:28,411 - src.scraping.linkedin_scraper_v2 - INFO - Changing headers for retry 3
2025-03-30 23:20:28,574 - src.scraping.linkedin_scraper_v2 - INFO - Request attempt 4 for https://www.linkedin.com/jobs-guest/jobs/api/seeMoreJobPostings/search?keywords=Dados&location=Brasil&geoId=106057199&f_WT=3&position=1&start=220
2025-03-30 23:20:28,574 - src.scraping.linkedin_scraper_v2 - INFO - Changing headers for retry 4
2025-03-30 23:20:28,736 - src.scraping.linkedin_scraper_v2 - INFO - Request attempt 5 for https://www.linkedin.com/jobs-guest/jobs/api/seeMoreJobPostings/search?keywords=Dados&location=Brasil&geoId=106057199&f_WT=3&position=1&start=220
2025-03-30 23:20:28,736 - src.scraping.linkedin_scraper_v2 - INFO - Changing headers for retry 5
2025-03-30 23:20:28,894 - src.scraping.linkedin_scraper_v2 - ERROR - All 5 retries failed for https://www.linkedin.com/jobs-guest/jobs/api/seeMoreJobPostings/search?keywords=Dados&location=Brasil&geoId=106057199&f_WT=3&position=1&start=220
2025-03-30 23:20:28,894 - src.scraping.linkedin_scraper_v2 - WARNING - Failed to fetch jobs at offset 220, skipping...
2025-03-30 23:20:28,894 - src.scraping.linkedin_scraper_v2 - INFO - Request attempt 1 for https://www.linkedin.com/jobs-guest/jobs/api/seeMoreJobPostings/search?keywords=Dados&location=Brasil&geoId=106057199&f_WT=3&position=1&start=230
2025-03-30 23:20:29,058 - src.scraping.linkedin_scraper_v2 - INFO - Request attempt 2 for https://www.linkedin.com/jobs-guest/jobs/api/seeMoreJobPostings/search?keywords=Dados&location=Brasil&geoId=106057199&f_WT=3&position=1&start=230
2025-03-30 23:20:29,058 - src.scraping.linkedin_scraper_v2 - INFO - Changing headers for retry 2
